#
# A fatal error has been detected by the Java Runtime Environment:
#
#  Internal Error (0xc000000d), pid=656, tid=2632
#
# JRE version: Java(TM) SE Runtime Environment (8.0_66-b18) (build 1.8.0_66-b18)
# Java VM: Java HotSpot(TM) 64-Bit Server VM (25.66-b18 mixed mode windows-amd64 compressed oops)
# Problematic frame:
# C  [ntdll.dll+0x96b4f]
#
# Failed to write core dump. Minidumps are not enabled by default on client versions of Windows
#
# If you would like to submit a bug report, please visit:
#   http://bugreport.java.com/bugreport/crash.jsp
#

---------------  T H R E A D  ---------------

Current thread (0x0000000014ec2800):  VMThread [stack: 0x0000000015e10000,0x0000000015f10000] [id=2632]

siginfo: ExceptionCode=0xc000000d

Registers:
RAX=0x0000000061ebfe82, RBX=0x0000000000000000, RCX=0x0000000015f0ef10, RDX=0x0000000000000000
RSP=0x0000000015f0f520, RBP=0x000000001756c370, RSI=0x000007feec3e7408, RDI=0x0000000015f0f668
R8 =0x0000000000000000, R9 =0x0000000000000000, R10=0x0000000000000000, R11=0x0000000000000246
R12=0x000000001754d290, R13=0x000000001754d260, R14=0x000000001756c478, R15=0x0000000000000000
RIP=0x0000000077866b4f, EFLAGS=0x0000000000000206

Top of Stack: (sp=0x0000000015f0f520)
0x0000000015f0f520:   0000000000000000 000007feec3e7408
0x0000000015f0f530:   0000000015f0f668 0000000000000000
0x0000000015f0f540:   0000000000000050 00000000002a0000
0x0000000015f0f550:   0000000000000000 0000000000000000
0x0000000015f0f560:   0000000000000002 000000007781db18
0x0000000015f0f570:   00000000c000000d 0000000000000000
0x0000000015f0f580:   0000000077866b4f 0000000000000000
0x0000000015f0f590:   0000000000000000 0000000000000000
0x0000000015f0f5a0:   0000000000000000 0000000000000000
0x0000000015f0f5b0:   0000000000000000 0000000000000000
0x0000000015f0f5c0:   0000000000000000 0000000000000000
0x0000000015f0f5d0:   0000000000000000 0000000000000000
0x0000000015f0f5e0:   0000000000000000 0000000000000000
0x0000000015f0f5f0:   0000000000000000 0000000000000000
0x0000000015f0f600:   0000000000000000 000000001754d290
0x0000000015f0f610:   00000000000009f8 00000000776f3458 

Instructions: (pc=0x0000000077866b4f)
0x0000000077866b2f:   cd 6b fb ff b9 57 00 00 00 c7 44 24 50 0d 00 00
0x0000000077866b3f:   c0 e8 bb 6e fb ff 48 8d 4c 24 50 e8 31 1d f8 ff
0x0000000077866b4f:   4c 8b 1d 82 68 09 00 4d 85 db 74 5b 65 48 8b 04
0x0000000077866b5f:   25 30 00 00 00 f6 80 ee 17 00 00 08 74 12 65 48 


Register to memory mapping:

RAX=0x0000000061ebfe82 is an unknown value
RBX=0x0000000000000000 is an unknown value
RCX=0x0000000015f0ef10 is an unknown value
RDX=0x0000000000000000 is an unknown value
RSP=0x0000000015f0f520 is an unknown value
RBP=0x000000001756c370 is an unknown value
RSI=0x000007feec3e7408 is an unknown value
RDI=0x0000000015f0f668 is an unknown value
R8 =0x0000000000000000 is an unknown value
R9 =0x0000000000000000 is an unknown value
R10=0x0000000000000000 is an unknown value
R11=0x0000000000000246 is an unknown value
R12=0x000000001754d290 is an unknown value
R13=0x000000001754d260 is an unknown value
R14=0x000000001756c478 is an unknown value
R15=0x0000000000000000 is an unknown value


Stack: [0x0000000015e10000,0x0000000015f10000],  sp=0x0000000015f0f520,  free space=1021k
Native frames: (J=compiled Java code, j=interpreted, Vv=VM code, C=native code)
C  [ntdll.dll+0x96b4f]
C  [kernel32.dll+0x43458]
C  [MSVCR110.dll+0x752d]
C  [MSVCR110.dll+0x73c6]
C  [MSVCR110.dll+0x14cca]
C  [MSVCR110.dll+0x13edc]
C  [MSVCR110.dll+0x239e]
C  [MSVCR110.dll+0xaf9e]
C  [MSVCP110.dll+0x397b9]
C  [librdi_common.dll+0x182316]
C  [librdi_common.dll+0x180fab]
C  [librdi_target_manager.dll+0x2400]
C  [librdi_target_manager.dll+0x2682]
C  [ntdll.dll+0x229b1]
C  [ntdll.dll+0x227c0]
C  [MSVCR100.dll+0x20ccd]
V  [jvm.dll+0x210cc5]
V  [jvm.dll+0x249897]
V  [jvm.dll+0x248b36]
V  [jvm.dll+0x248fd1]
V  [jvm.dll+0x2491ee]
V  [jvm.dll+0x29a0fa]
C  [MSVCR100.dll+0x21d9f]
C  [MSVCR100.dll+0x21e3b]
C  [kernel32.dll+0x159bd]
C  [ntdll.dll+0x2a2e1]

VM_Operation (0x000000000012f4c0): Exit, mode: safepoint, requested by thread 0x00000000024c8000


---------------  P R O C E S S  ---------------

Java Threads: ( => current thread )
  0x000000001e600800 JavaThread "TCF Channel Transmitter" daemon [_thread_blocked, id=3500, stack(0x0000000027a00000,0x0000000027b00000)]
  0x000000001e5ff800 JavaThread "TCF Channel Receiver" daemon [_thread_in_native, id=3468, stack(0x0000000027040000,0x0000000027140000)]
  0x000000001e5ff000 JavaThread "Process monitor" daemon [_thread_in_native, id=3068, stack(0x00000000269b0000,0x0000000026ab0000)]
  0x000000001e5fe000 JavaThread "Input Stream Monitor" daemon [_thread_blocked, id=6020, stack(0x00000000268b0000,0x00000000269b0000)]
  0x000000001e5fd800 JavaThread "Output Stream Monitor" daemon [_thread_in_native, id=2880, stack(0x00000000267b0000,0x00000000268b0000)]
  0x000000001e5fc800 JavaThread "Output Stream Monitor" daemon [_thread_in_native, id=652, stack(0x00000000266b0000,0x00000000267b0000)]
  0x0000000017e7f800 JavaThread "Thread-12" daemon [_thread_blocked, id=3528, stack(0x00000000254c0000,0x00000000255c0000)]
  0x0000000017e77000 JavaThread "TCF Locator DNS Lookup" daemon [_thread_blocked, id=3912, stack(0x0000000023f50000,0x0000000024050000)]
  0x0000000017e76800 JavaThread "TCF Locator Timer" daemon [_thread_blocked, id=5612, stack(0x0000000023e50000,0x0000000023f50000)]
  0x0000000017e75800 JavaThread "TCF Locator Receiver" daemon [_thread_in_native, id=2404, stack(0x00000000238c0000,0x00000000239c0000)]
  0x0000000017e74000 JavaThread "TCF Timer Dispatcher" daemon [_thread_blocked, id=4072, stack(0x0000000023550000,0x0000000023650000)]
  0x0000000017ad3000 JavaThread "EMF Reference Cleaner" daemon [_thread_blocked, id=3972, stack(0x0000000019630000,0x0000000019730000)]
  0x0000000014fb2800 JavaThread "Service Thread" daemon [_thread_blocked, id=5048, stack(0x00000000167d0000,0x00000000168d0000)]
  0x0000000014f3a000 JavaThread "C1 CompilerThread3" daemon [_thread_blocked, id=5208, stack(0x00000000166d0000,0x00000000167d0000)]
  0x0000000014f25800 JavaThread "C2 CompilerThread2" daemon [_thread_blocked, id=4940, stack(0x00000000165d0000,0x00000000166d0000)]
  0x0000000013d59000 JavaThread "C2 CompilerThread1" daemon [_thread_blocked, id=2660, stack(0x00000000164d0000,0x00000000165d0000)]
  0x0000000014f16000 JavaThread "C2 CompilerThread0" daemon [_thread_blocked, id=3600, stack(0x00000000163d0000,0x00000000164d0000)]
  0x0000000014f0f800 JavaThread "Attach Listener" daemon [_thread_blocked, id=5676, stack(0x00000000162d0000,0x00000000163d0000)]
  0x0000000014f20000 JavaThread "Signal Dispatcher" daemon [_thread_blocked, id=588, stack(0x00000000161d0000,0x00000000162d0000)]
  0x0000000013d4c000 JavaThread "Finalizer" daemon [_thread_blocked, id=2104, stack(0x0000000016010000,0x0000000016110000)]
  0x0000000013d45000 JavaThread "Reference Handler" daemon [_thread_blocked, id=5880, stack(0x0000000015f10000,0x0000000016010000)]
  0x00000000024c8000 JavaThread "main" [_thread_blocked, id=1324, stack(0x0000000000030000,0x0000000000130000)]

Other Threads:
=>0x0000000014ec2800 VMThread [stack: 0x0000000015e10000,0x0000000015f10000] [id=2632]

VM state:at safepoint (shutting down)

VM Mutex/Monitor currently owned by a thread:  ([mutex/lock_event])
[0x000000000258e590] Threads_lock - owner thread: 0x0000000014ec2800

Heap:
 PSYoungGen      total 132096K, used 52853K [0x00000000f5580000, 0x0000000100000000, 0x0000000100000000)
  eden space 94720K, 26% used [0x00000000f5580000,0x00000000f6e431d0,0x00000000fb200000)
  from space 37376K, 73% used [0x00000000fdb80000,0x00000000ff65a418,0x0000000100000000)
  to   space 39936K, 0% used [0x00000000fb200000,0x00000000fb200000,0x00000000fd900000)
 ParOldGen       total 116224K, used 44876K [0x00000000e0000000, 0x00000000e7180000, 0x00000000f5580000)
  object space 116224K, 38% used [0x00000000e0000000,0x00000000e2bd30f0,0x00000000e7180000)
 Metaspace       used 86812K, capacity 94310K, committed 94488K, reserved 1130496K
  class space    used 10583K, capacity 13071K, committed 13088K, reserved 1048576K

Card table byte_map: [0x0000000011950000,0x0000000011a60000] byte_map_base: 0x0000000011250000

Marking Bits: (ParMarkBitMap*) 0x000000007379a5b0
 Begin Bits: [0x0000000012260000, 0x0000000012a60000)
 End Bits:   [0x0000000012a60000, 0x0000000013260000)

Polling page: 0x0000000000220000

CodeCache: size=245760Kb used=32303Kb max_used=32354Kb free=213456Kb
 bounds [0x0000000002590000, 0x0000000004570000, 0x0000000011590000]
 total_blobs=9537 nmethods=8637 adapters=807
 compilation: enabled

Compilation events (10 events):
Event: 199.619 Thread 0x0000000014f3a000 nmethod 10571 0x00000000035f9910 code [0x00000000035f9a80, 0x00000000035f9c08]
Event: 199.619 Thread 0x0000000014f3a000 10572       3       org.eclipse.osgi.container.ModuleWiring::invalidate0 (52 bytes)
Event: 199.619 Thread 0x0000000014f3a000 nmethod 10572 0x0000000002f8a310 code [0x0000000002f8a4c0, 0x0000000002f8ae68]
Event: 199.619 Thread 0x0000000014f3a000 10573       3       org.eclipse.osgi.internal.container.AtomicLazyInitializer::getAndClear (9 bytes)
Event: 199.619 Thread 0x0000000014f3a000 nmethod 10573 0x0000000003413a10 code [0x0000000003413b80, 0x0000000003413dd0]
Event: 199.619 Thread 0x0000000014f3a000 10579   !   3       org.eclipse.osgi.storage.BundleInfo$Generation::clearManifestCache (30 bytes)
Event: 199.620 Thread 0x0000000014f3a000 nmethod 10579 0x0000000002ae0e90 code [0x0000000002ae1020, 0x0000000002ae1668]
Event: 199.620 Thread 0x0000000014f3a000 10574       3       java.util.concurrent.atomic.AtomicReference::getAndSet (12 bytes)
Event: 199.620 Thread 0x0000000014f3a000 nmethod 10574 0x00000000034136d0 code [0x0000000003413820, 0x0000000003413990]
Event: 199.620 Thread 0x0000000014f3a000 10576       3       org.eclipse.osgi.internal.framework.EquinoxContainerAdaptor::invalidateWiring (186 bytes)

GC Heap History (10 events):
Event: 3.934 GC heap before
{Heap before GC invocations=11 (full 3):
 PSYoungGen      total 148992K, used 12354K [0x00000000f5580000, 0x00000000ffe80000, 0x0000000100000000)
  eden space 123392K, 0% used [0x00000000f5580000,0x00000000f5580000,0x00000000fce00000)
  from space 25600K, 48% used [0x00000000fe580000,0x00000000ff190b70,0x00000000ffe80000)
  to   space 24064K, 0% used [0x00000000fce00000,0x00000000fce00000,0x00000000fe580000)
 ParOldGen       total 96768K, used 36867K [0x00000000e0000000, 0x00000000e5e80000, 0x00000000f5580000)
  object space 96768K, 38% used [0x00000000e0000000,0x00000000e2400cc8,0x00000000e5e80000)
 Metaspace       used 54364K, capacity 59048K, committed 59160K, reserved 1099776K
  class space    used 6378K, capacity 7888K, committed 7968K, reserved 1048576K
Event: 4.086 GC heap after
Heap after GC invocations=11 (full 3):
 PSYoungGen      total 148992K, used 0K [0x00000000f5580000, 0x00000000ffe80000, 0x0000000100000000)
  eden space 123392K, 0% used [0x00000000f5580000,0x00000000f5580000,0x00000000fce00000)
  from space 25600K, 0% used [0x00000000fe580000,0x00000000fe580000,0x00000000ffe80000)
  to   space 24064K, 0% used [0x00000000fce00000,0x00000000fce00000,0x00000000fe580000)
 ParOldGen       total 116224K, used 37904K [0x00000000e0000000, 0x00000000e7180000, 0x00000000f5580000)
  object space 116224K, 32% used [0x00000000e0000000,0x00000000e25042f8,0x00000000e7180000)
 Metaspace       used 54364K, capacity 59048K, committed 59160K, reserved 1099776K
  class space    used 6378K, capacity 7888K, committed 7968K, reserved 1048576K
}
Event: 5.784 GC heap before
{Heap before GC invocations=12 (full 3):
 PSYoungGen      total 148992K, used 123392K [0x00000000f5580000, 0x00000000ffe80000, 0x0000000100000000)
  eden space 123392K, 100% used [0x00000000f5580000,0x00000000fce00000,0x00000000fce00000)
  from space 25600K, 0% used [0x00000000fe580000,0x00000000fe580000,0x00000000ffe80000)
  to   space 24064K, 0% used [0x00000000fce00000,0x00000000fce00000,0x00000000fe580000)
 ParOldGen       total 116224K, used 37904K [0x00000000e0000000, 0x00000000e7180000, 0x00000000f5580000)
  object space 116224K, 32% used [0x00000000e0000000,0x00000000e25042f8,0x00000000e7180000)
 Metaspace       used 68277K, capacity 74134K, committed 74392K, reserved 1114112K
  class space    used 8284K, capacity 10136K, committed 10144K, reserved 1048576K
Event: 5.800 GC heap after
Heap after GC invocations=12 (full 3):
 PSYoungGen      total 147456K, used 24057K [0x00000000f5580000, 0x0000000100000000, 0x0000000100000000)
  eden space 123392K, 0% used [0x00000000f5580000,0x00000000f5580000,0x00000000fce00000)
  from space 24064K, 99% used [0x00000000fce00000,0x00000000fe57e570,0x00000000fe580000)
  to   space 27136K, 0% used [0x00000000fe580000,0x00000000fe580000,0x0000000100000000)
 ParOldGen       total 116224K, used 40252K [0x00000000e0000000, 0x00000000e7180000, 0x00000000f5580000)
  object space 116224K, 34% used [0x00000000e0000000,0x00000000e274f050,0x00000000e7180000)
 Metaspace       used 68277K, capacity 74134K, committed 74392K, reserved 1114112K
  class space    used 8284K, capacity 10136K, committed 10144K, reserved 1048576K
}
Event: 42.188 GC heap before
{Heap before GC invocations=13 (full 3):
 PSYoungGen      total 147456K, used 147449K [0x00000000f5580000, 0x0000000100000000, 0x0000000100000000)
  eden space 123392K, 100% used [0x00000000f5580000,0x00000000fce00000,0x00000000fce00000)
  from space 24064K, 99% used [0x00000000fce00000,0x00000000fe57e570,0x00000000fe580000)
  to   space 27136K, 0% used [0x00000000fe580000,0x00000000fe580000,0x0000000100000000)
 ParOldGen       total 116224K, used 40252K [0x00000000e0000000, 0x00000000e7180000, 0x00000000f5580000)
  object space 116224K, 34% used [0x00000000e0000000,0x00000000e274f050,0x00000000e7180000)
 Metaspace       used 80383K, capacity 87148K, committed 87320K, reserved 1124352K
  class space    used 9863K, capacity 12016K, committed 12064K, reserved 1048576K
Event: 42.233 GC heap after
Heap after GC invocations=13 (full 3):
 PSYoungGen      total 133120K, used 27111K [0x00000000f5580000, 0x0000000100000000, 0x0000000100000000)
  eden space 105984K, 0% used [0x00000000f5580000,0x00000000f5580000,0x00000000fbd00000)
  from space 27136K, 99% used [0x00000000fe580000,0x00000000ffff9fd8,0x0000000100000000)
  to   space 34304K, 0% used [0x00000000fbd00000,0x00000000fbd00000,0x00000000fde80000)
 ParOldGen       total 116224K, used 44860K [0x00000000e0000000, 0x00000000e7180000, 0x00000000f5580000)
  object space 116224K, 38% used [0x00000000e0000000,0x00000000e2bcf0f0,0x00000000e7180000)
 Metaspace       used 80383K, capacity 87148K, committed 87320K, reserved 1124352K
  class space    used 9863K, capacity 12016K, committed 12064K, reserved 1048576K
}
Event: 100.241 GC heap before
{Heap before GC invocations=14 (full 3):
 PSYoungGen      total 133120K, used 133095K [0x00000000f5580000, 0x0000000100000000, 0x0000000100000000)
  eden space 105984K, 100% used [0x00000000f5580000,0x00000000fbd00000,0x00000000fbd00000)
  from space 27136K, 99% used [0x00000000fe580000,0x00000000ffff9fd8,0x0000000100000000)
  to   space 34304K, 0% used [0x00000000fbd00000,0x00000000fbd00000,0x00000000fde80000)
 ParOldGen       total 116224K, used 44860K [0x00000000e0000000, 0x00000000e7180000, 0x00000000f5580000)
  object space 116224K, 38% used [0x00000000e0000000,0x00000000e2bcf0f0,0x00000000e7180000)
 Metaspace       used 83695K, capacity 91114K, committed 91288K, reserved 1128448K
  class space    used 10248K, capacity 12657K, committed 12704K, reserved 1048576K
Event: 100.258 GC heap after
Heap after GC invocations=14 (full 3):
 PSYoungGen      total 135168K, used 28688K [0x00000000f5580000, 0x0000000100000000, 0x0000000100000000)
  eden space 105984K, 0% used [0x00000000f5580000,0x00000000f5580000,0x00000000fbd00000)
  from space 29184K, 98% used [0x00000000fbd00000,0x00000000fd9042a0,0x00000000fd980000)
  to   space 37376K, 0% used [0x00000000fdb80000,0x00000000fdb80000,0x0000000100000000)
 ParOldGen       total 116224K, used 44868K [0x00000000e0000000, 0x00000000e7180000, 0x00000000f5580000)
  object space 116224K, 38% used [0x00000000e0000000,0x00000000e2bd10f0,0x00000000e7180000)
 Metaspace       used 83695K, capacity 91114K, committed 91288K, reserved 1128448K
  class space    used 10248K, capacity 12657K, committed 12704K, reserved 1048576K
}
Event: 198.757 GC heap before
{Heap before GC invocations=15 (full 3):
 PSYoungGen      total 135168K, used 134672K [0x00000000f5580000, 0x0000000100000000, 0x0000000100000000)
  eden space 105984K, 100% used [0x00000000f5580000,0x00000000fbd00000,0x00000000fbd00000)
  from space 29184K, 98% used [0x00000000fbd00000,0x00000000fd9042a0,0x00000000fd980000)
  to   space 37376K, 0% used [0x00000000fdb80000,0x00000000fdb80000,0x0000000100000000)
 ParOldGen       total 116224K, used 44868K [0x00000000e0000000, 0x00000000e7180000, 0x00000000f5580000)
  object space 116224K, 38% used [0x00000000e0000000,0x00000000e2bd10f0,0x00000000e7180000)
 Metaspace       used 85790K, capacity 93206K, committed 93336K, reserved 1130496K
  class space    used 10487K, capacity 12941K, committed 12960K, reserved 1048576K
Event: 198.772 GC heap after
Heap after GC invocations=15 (full 3):
 PSYoungGen      total 132096K, used 27497K [0x00000000f5580000, 0x0000000100000000, 0x0000000100000000)
  eden space 94720K, 0% used [0x00000000f5580000,0x00000000f5580000,0x00000000fb200000)
  from space 37376K, 73% used [0x00000000fdb80000,0x00000000ff65a418,0x0000000100000000)
  to   space 39936K, 0% used [0x00000000fb200000,0x00000000fb200000,0x00000000fd900000)
 ParOldGen       total 116224K, used 44876K [0x00000000e0000000, 0x00000000e7180000, 0x00000000f5580000)
  object space 116224K, 38% used [0x00000000e0000000,0x00000000e2bd30f0,0x00000000e7180000)
 Metaspace       used 85790K, capacity 93206K, committed 93336K, reserved 1130496K
  class space    used 10487K, capacity 12941K, committed 12960K, reserved 1048576K
}

Deoptimization events (10 events):
Event: 199.014 Thread 0x0000000017e70800 Uncommon trap: reason=class_check action=maybe_recompile pc=0x00000000041ca2c4 method=org.eclipse.e4.core.internal.contexts.ContextObjectSupplier$ContextInjectionListener.update(Lorg/eclipse/e4/core/contexts/IEclipseContext;I[Ljava/lang/Object;)Z @ 173
Event: 199.014 Thread 0x0000000017e70800 Uncommon trap: reason=class_check action=maybe_recompile pc=0x000000000421285c method=org.eclipse.e4.core.internal.contexts.TrackableComputationExt.update(Lorg/eclipse/e4/core/internal/contexts/ContextChangeEvent;)Z @ 62
Event: 199.014 Thread 0x0000000017e70800 Uncommon trap: reason=class_check action=maybe_recompile pc=0x00000000041ca2c4 method=org.eclipse.e4.core.internal.contexts.ContextObjectSupplier$ContextInjectionListener.update(Lorg/eclipse/e4/core/contexts/IEclipseContext;I[Ljava/lang/Object;)Z @ 173
Event: 199.041 Thread 0x0000000017e7e800 Uncommon trap: reason=unstable_if action=reinterpret pc=0x00000000027135e4 method=sun.nio.cs.SingleByte$Encoder.encode(C)I @ 13
Event: 199.056 Thread 0x0000000017e70800 Uncommon trap: reason=unstable_if action=reinterpret pc=0x0000000003312ca4 method=org.eclipse.swt.graphics.Resource.dispose()V @ 15
Event: 199.073 Thread 0x0000000016f8b000 Uncommon trap: reason=predicate action=maybe_recompile pc=0x0000000002c0eedc method=java.util.Arrays.fill([Ljava/lang/Object;Ljava/lang/Object;)V @ 10
Event: 199.571 Thread 0x0000000017e70800 Uncommon trap: reason=unstable_if action=reinterpret pc=0x00000000035b4d24 method=org.eclipse.osgi.internal.hooks.EclipseLazyStarter.shouldActivateFor(Ljava/lang/String;Lorg/eclipse/osgi/container/Module;Lorg/eclipse/osgi/container/ModuleRevision;Lorg/ecliÝ´%‡òh@
Event: 199.579 Thread 0x0000000017e70800 Uncommon trap: reason=null_check action=maybe_recompile pc=0x0000000002b1c19c method=com.xilinx.sdk.targetmanager.internal.json.XMDJSONProcess.issueCommand(Ljava/lang/String;)Lcom/xilinx/sdk/targetmanager/internal/IXMDResult; @ 3
Event: 199.583 Thread 0x0000000016f8b000 Uncommon trap: reason=unstable_if action=reinterpret pc=0x000000000339ba40 method=org.eclipse.osgi.internal.framework.BundleContextImpl.dispatchEvent(Ljava/lang/Object;Ljava/lang/Object;ILjava/lang/Object;)V @ 16
Event: 199.611 Thread 0x0000000017e70800 Uncommon trap: reason=unstable_if action=reinterpret pc=0x00000000039a7e58 method=sun.reflect.UnsafeStaticObjectFieldAccessorImpl.set(Ljava/lang/Object;Ljava/lang/Object;)V @ 13

Internal exceptions (10 events):
Event: 156.263 Thread 0x0000000017880800 Exception <a 'java/io/FileNotFoundException'> (0x00000000f99a2150) thrown at [C:\re\workspace\8-2-build-windows-amd64-cygwin\jdk8u66\5298\hotspot\src\share\vm\prims\jni.cpp, line 709]
Event: 156.741 Thread 0x0000000017880800 Exception <a 'java/io/FileNotFoundException'> (0x00000000f9dd4068) thrown at [C:\re\workspace\8-2-build-windows-amd64-cygwin\jdk8u66\5298\hotspot\src\share\vm\prims\jni.cpp, line 709]
Event: 199.040 Thread 0x0000000017e7c800 Exception <a 'java/lang/InterruptedException'> (0x00000000f6728f68) thrown at [C:\re\workspace\8-2-build-windows-amd64-cygwin\jdk8u66\5298\hotspot\src\share\vm\runtime\objectMonitor.cpp, line 1683]
Event: 199.579 Thread 0x0000000017e70800 Implicit null exception at 0x0000000002b1a6e7 to 0x0000000002b1c18d
Event: 199.579 Thread 0x0000000017e70800 Exception <a 'java/lang/NullPointerException'> (0x00000000f6a83190) thrown at [C:\re\workspace\8-2-build-windows-amd64-cygwin\jdk8u66\5298\hotspot\src\share\vm\prims\jvm.cpp, line 1390]
Event: 199.597 Thread 0x0000000017e71000 Exception <a 'java/lang/InterruptedException'> (0x00000000f5efff78) thrown at [C:\re\workspace\8-2-build-windows-amd64-cygwin\jdk8u66\5298\hotspot\src\share\vm\runtime\objectMonitor.cpp, line 1683]
Event: 199.611 Thread 0x0000000017e70800 Implicit null exception at 0x00000000039a7a57 to 0x00000000039a7e45
Event: 199.611 Thread 0x0000000016f8b000 Exception <a 'java/lang/InterruptedException'> (0x00000000f6b50048) thrown at [C:\re\workspace\8-2-build-windows-amd64-cygwin\jdk8u66\5298\hotspot\src\share\vm\runtime\objectMonitor.cpp, line 1683]
Event: 199.617 Thread 0x0000000017e72000 Exception <a 'java/lang/InterruptedException'> (0x00000000f5edb118) thrown at [C:\re\workspace\8-2-build-windows-amd64-cygwin\jdk8u66\5298\hotspot\src\share\vm\runtime\objectMonitor.cpp, line 1683]
Event: 199.617 Thread 0x0000000016fd0800 Exception <a 'java/lang/InterruptedException'> (0x00000000f6da8d88) thrown at [C:\re\workspace\8-2-build-windows-amd64-cygwin\jdk8u66\5298\hotspot\src\share\vm\runtime\objectMonitor.cpp, line 1683]

Events (10 events):
Event: 199.619 Executing VM operation: RevokeBias
Event: 199.619 Executing VM operation: RevokeBias done
Event: 199.620 Thread 0x0000000017e70800 Thread exited: 0x0000000017e70800
Event: 199.620 loading class java/util/IdentityHashMap$KeyIterator
Event: 199.620 loading class java/util/IdentityHashMap$IdentityHashMapIterator
Event: 199.620 loading class java/util/IdentityHashMap$IdentityHashMapIterator done
Event: 199.620 loading class java/util/IdentityHashMap$KeyIterator done
Event: 199.620 Thread 0x0000000017e70800 Thread added: 0x0000000017e70800
Event: 199.620 Thread 0x0000000017e70800 Thread exited: 0x0000000017e70800
Event: 199.620 Executing VM operation: Exit


Dynamic libraries:
0x0000000000400000 - 0x000000000044f000 	C:\Xilinx\SDK\2016.2\eclipse\win64.o\eclipse.exe
0x00000000777d0000 - 0x000000007797a000 	C:\Windows\SYSTEM32\ntdll.dll
0x00000000776b0000 - 0x00000000777cf000 	C:\Windows\system32\kernel32.dll
0x000007fefd530000 - 0x000007fefd59a000 	C:\Windows\system32\KERNELBASE.dll
0x00000000775b0000 - 0x00000000776aa000 	C:\Windows\system32\USER32.dll
0x000007feff550000 - 0x000007feff5b7000 	C:\Windows\system32\GDI32.dll
0x000007fefe170000 - 0x000007fefe17e000 	C:\Windows\system32\LPK.dll
0x000007fefd9b0000 - 0x000007fefda7a000 	C:\Windows\system32\USP10.dll
0x000007fefe690000 - 0x000007fefe72f000 	C:\Windows\system32\msvcrt.dll
0x000007fefbf00000 - 0x000007fefc0f4000 	C:\Windows\WinSxS\amd64_microsoft.windows.common-controls_6595b64144ccf1df_6.0.7601.18837_none_fa3b1e3d17594757\COMCTL32.dll
0x000007fefda80000 - 0x000007fefdaf1000 	C:\Windows\system32\SHLWAPI.dll
0x000007fefe730000 - 0x000007fefe75e000 	C:\Windows\system32\IMM32.DLL
0x000007feff9d0000 - 0x000007feffad9000 	C:\Windows\system32\MSCTF.dll
0x0000000072000000 - 0x0000000072012000 	C:\Xilinx\SDK\2016.2\eclipse\win64.o\plugins\org.eclipse.equinox.launcher.win32.win32.x86_64_1.1.300.v20150602-1417\eclipse_1611.dll
0x000007fefd8d0000 - 0x000007fefd9ab000 	C:\Windows\system32\ADVAPI32.dll
0x000007feff640000 - 0x000007feff65f000 	C:\Windows\SYSTEM32\sechost.dll
0x000007fefe220000 - 0x000007fefe34d000 	C:\Windows\system32\RPCRT4.dll
0x000007fefc5a0000 - 0x000007fefc5ac000 	C:\Windows\system32\VERSION.dll
0x000007fefbea0000 - 0x000007fefbef6000 	C:\Windows\system32\UxTheme.dll
0x0000000072f90000 - 0x0000000073819000 	C:\Xilinx\SDK\2016.2\tps\win64\jre\bin\server\jvm.dll
0x000007fefaf20000 - 0x000007fefaf29000 	C:\Windows\system32\WSOCK32.dll
0x000007fefe560000 - 0x000007fefe5ad000 	C:\Windows\system32\WS2_32.dll
0x000007fefe140000 - 0x000007fefe148000 	C:\Windows\system32\NSI.dll
0x000007fefa410000 - 0x000007fefa44b000 	C:\Windows\system32\WINMM.dll
0x0000000077990000 - 0x0000000077997000 	C:\Windows\system32\PSAPI.DLL
0x0000000073c50000 - 0x0000000073d22000 	C:\Windows\system32\MSVCR100.dll
0x00000000743d0000 - 0x00000000743df000 	C:\Xilinx\SDK\2016.2\tps\win64\jre\bin\verify.dll
0x0000000072e60000 - 0x0000000072e89000 	C:\Xilinx\SDK\2016.2\tps\win64\jre\bin\java.dll
0x0000000072ea0000 - 0x0000000072eb6000 	C:\Xilinx\SDK\2016.2\tps\win64\jre\bin\zip.dll
0x000007fefe760000 - 0x000007feff4e9000 	C:\Windows\system32\SHELL32.dll
0x000007fefe350000 - 0x000007fefe553000 	C:\Windows\system32\ole32.dll
0x000007fefd510000 - 0x000007fefd51f000 	C:\Windows\system32\profapi.dll
0x000007fefcd10000 - 0x000007fefcd28000 	C:\Windows\system32\CRYPTSP.dll
0x000007fefca10000 - 0x000007fefca57000 	C:\Windows\system32\rsaenh.dll
0x000007fefd8b0000 - 0x000007fefd8ce000 	C:\Windows\system32\USERENV.dll
0x000007fefd3b0000 - 0x000007fefd3bf000 	C:\Windows\system32\CRYPTBASE.dll
0x0000000072e40000 - 0x0000000072e5a000 	C:\Xilinx\SDK\2016.2\tps\win64\jre\bin\net.dll
0x000007fefccb0000 - 0x000007fefcd05000 	C:\Windows\system32\mswsock.dll
0x000007fefcca0000 - 0x000007fefcca7000 	C:\Windows\System32\wship6.dll
0x000007fef9d10000 - 0x000007fef9d37000 	C:\Windows\system32\IPHLPAPI.DLL
0x000007fef9d00000 - 0x000007fef9d0b000 	C:\Windows\system32\WINNSI.DLL
0x000007fefa6b0000 - 0x000007fefa6c1000 	C:\Windows\system32\dhcpcsvc6.DLL
0x000007fefa690000 - 0x000007fefa6a8000 	C:\Windows\system32\dhcpcsvc.DLL
0x00000000727a0000 - 0x00000000727b1000 	C:\Xilinx\SDK\2016.2\tps\win64\jre\bin\nio.dll
0x000007fefaab0000 - 0x000007fefaac5000 	C:\Windows\system32\NLAapi.dll
0x000007fef9d70000 - 0x000007fef9d85000 	C:\Windows\system32\napinsp.dll
0x000007fef9d90000 - 0x000007fef9da9000 	C:\Windows\system32\pnrpnsp.dll
0x000007fefcb30000 - 0x000007fefcb8b000 	C:\Windows\system32\DNSAPI.dll
0x000007fef9d60000 - 0x000007fef9d6b000 	C:\Windows\System32\winrnr.dll
0x000007fefc670000 - 0x000007fefc677000 	C:\Windows\System32\wshtcpip.dll
0x000007fefa000000 - 0x000007fefa008000 	C:\Windows\system32\rasadhlp.dll
0x000007fefa6e0000 - 0x000007fefa733000 	C:\Windows\System32\fwpuclnt.dll
0x0000000018af0000 - 0x0000000018b98000 	C:\Users\chenya26\.Xilinx\SDK\2016.2\org.eclipse.osgi\312\0\.cp\swt-win32-4527.dll
0x000007fefe5b0000 - 0x000007fefe688000 	C:\Windows\system32\OLEAUT32.dll
0x000007fefe180000 - 0x000007fefe217000 	C:\Windows\system32\comdlg32.dll
0x000007fef67e0000 - 0x000007fef6851000 	C:\Windows\system32\WINSPOOL.DRV
0x000007fefdce0000 - 0x000007fefdfa5000 	C:\Windows\system32\WININET.dll
0x000007fefd7b0000 - 0x000007fefd7b4000 	C:\Windows\system32\api-ms-win-downlevel-user32-l1-1-0.dll
0x000007fefd8a0000 - 0x000007fefd8a4000 	C:\Windows\system32\api-ms-win-downlevel-shlwapi-l1-1-0.dll
0x000007fefd5a0000 - 0x000007fefd5a4000 	C:\Windows\system32\api-ms-win-downlevel-version-l1-1-0.dll
0x000007fefd7a0000 - 0x000007fefd7a3000 	C:\Windows\system32\api-ms-win-downlevel-normaliz-l1-1-0.dll
0x00000000779a0000 - 0x00000000779a3000 	C:\Windows\system32\normaliz.DLL
0x000007feff700000 - 0x000007feff9c9000 	C:\Windows\system32\iertutil.dll
0x000007fefd5f0000 - 0x000007fefd5f5000 	C:\Windows\system32\api-ms-win-downlevel-advapi32-l1-1-0.dll
0x000007fefd600000 - 0x000007fefd76d000 	C:\Windows\system32\CRYPT32.dll
0x000007fefd520000 - 0x000007fefd52f000 	C:\Windows\system32\MSASN1.dll
0x000007fefb970000 - 0x000007fefba9c000 	C:\Windows\system32\propsys.dll
0x000007feff660000 - 0x000007feff6f9000 	C:\Windows\system32\CLBCatQ.DLL
0x00000000003c0000 - 0x00000000003de000 	C:\Users\chenya26\.Xilinx\SDK\2016.2\org.eclipse.osgi\312\0\.cp\swt-gdip-win32-4527.dll
0x000007fefbc80000 - 0x000007fefbe96000 	C:\Windows\WinSxS\amd64_microsoft.windows.gdiplus_6595b64144ccf1df_1.1.7601.23508_none_145555328b95eaaa\gdiplus.dll
0x000007fefb7a0000 - 0x000007fefb901000 	C:\Windows\system32\WindowsCodecs.dll
0x0000000180000000 - 0x0000000180012000 	C:\Users\chenya26\.Xilinx\SDK\2016.2\org.eclipse.osgi\126\0\.cp\os\win32\x86_64\localfile_1_0_0.dll
0x000007feef4e0000 - 0x000007feef534000 	C:\Windows\system32\oleacc.dll
0x000007fef8390000 - 0x000007fef8397000 	C:\Windows\system32\msimg32.dll
0x000007fefd460000 - 0x000007fefd474000 	C:\Windows\system32\RpcRtRemote.dll
0x000007fefd350000 - 0x000007fefd3a7000 	C:\Windows\system32\apphelp.dll
0x000007fefb760000 - 0x000007fefb76a000 	C:\Xilinx\SDK\2016.2\lib\win64.o\librdi_jtag_settings.dll
0x000007fef5480000 - 0x000007fef54a9000 	C:\Xilinx\SDK\2016.2\lib\win64.o\librdi_debug_dialog.dll
0x000007fef9ba0000 - 0x000007fef9bc4000 	C:\Xilinx\SDK\2016.2\lib\win64.o\libboost_filesystem.dll
0x000007fefb780000 - 0x000007fefb789000 	C:\Xilinx\SDK\2016.2\lib\win64.o\libboost_system.dll
0x000007feec2b0000 - 0x000007feec357000 	C:\Windows\system32\MSVCP110.dll
0x000007feec3e0000 - 0x000007feec4b4000 	C:\Windows\system32\MSVCR110.dll
0x000007fec2f70000 - 0x000007fec39b0000 	C:\Xilinx\SDK\2016.2\lib\win64.o\librdi_common.dll
0x000007fef4ee0000 - 0x000007fef524e000 	C:\Xilinx\SDK\2016.2\lib\win64.o\libCOIN-all.dll
0x000007fef4cc0000 - 0x000007fef4edf000 	C:\Xilinx\SDK\2016.2\lib\win64.o\libXil_lmgr11.dll
0x000007fefb660000 - 0x000007fefb676000 	C:\Windows\system32\NETAPI32.dll
0x000007fefc940000 - 0x000007fefc94c000 	C:\Windows\system32\netutils.dll
0x000007fefd070000 - 0x000007fefd093000 	C:\Windows\system32\srvcli.dll
0x000007fefb640000 - 0x000007fefb655000 	C:\Windows\system32\wkscli.dll
0x000007fefd860000 - 0x000007fefd89b000 	C:\Windows\system32\WINTRUST.dll
0x000007fefb750000 - 0x000007fefb760000 	C:\Xilinx\SDK\2016.2\lib\win64.o\libboost_date_time.dll
0x000007fef5390000 - 0x000007fef5407000 	C:\Xilinx\SDK\2016.2\lib\win64.o\libboost_program_options.dll
0x000007fef4bb0000 - 0x000007fef4cb6000 	C:\Xilinx\SDK\2016.2\lib\win64.o\libboost_regex.dll
0x000007fef5460000 - 0x000007fef5473000 	C:\Xilinx\SDK\2016.2\lib\win64.o\libboost_signals.dll
0x000007fef52f0000 - 0x000007fef530d000 	C:\Xilinx\SDK\2016.2\lib\win64.o\libboost_thread.dll
0x000007fefb5f0000 - 0x000007fefb5fb000 	C:\Xilinx\SDK\2016.2\lib\win64.o\libboost_chrono.dll
0x000007fefb720000 - 0x000007fefb72b000 	C:\Xilinx\SDK\2016.2\lib\win64.o\libboost_xilinx.dll
0x000007fef4b30000 - 0x000007fef4bb0000 	C:\Xilinx\SDK\2016.2\lib\win64.o\libhdlpsolve.dll
0x000007fef49f0000 - 0x000007fef4a8a000 	C:\Xilinx\SDK\2016.2\lib\win64.o\libhdxml.dll
0x000007fec3f80000 - 0x000007fec43e5e00 	C:\Xilinx\SDK\2016.2\lib\win64.o\libisl_iostreams.dll
0x000007fef52d0000 - 0x000007fef52e6000 	C:\Xilinx\SDK\2016.2\lib\win64.o\libboost_iostreams.dll
0x000007fef4b00000 - 0x000007fef4b23000 	C:\Xilinx\SDK\2016.2\lib\win64.o\librdizlib.dll
0x000007fef4ad0000 - 0x000007fef4af3000 	C:\Xilinx\SDK\2016.2\lib\win64.o\libisl_iosutils.dll
0x000007fef4aa0000 - 0x000007fef4aca000 	C:\Xilinx\SDK\2016.2\lib\win64.o\libisl_sysinfo.dll
0x000007fef52b0000 - 0x000007fef52c5000 	C:\Xilinx\SDK\2016.2\lib\win64.o\pthreadVC2.dll
0x000007fef4990000 - 0x000007fef49e4000 	C:\Xilinx\SDK\2016.2\lib\win64.o\librdi_commonxillic.dll
0x000007feee250000 - 0x000007feee380000 	C:\Xilinx\SDK\2016.2\lib\win64.o\librdi_curl.dll
0x000007fef4970000 - 0x000007fef4988000 	C:\Xilinx\SDK\2016.2\lib\win64.o\librdiconfig.dll
0x0000000064500000 - 0x0000000064627000 	C:\Xilinx\SDK\2016.2\lib\win64.o\tcl85t.dll
0x0000000024b50000 - 0x0000000024db3000 	C:\Xilinx\SDK\2016.2\lib\win64.o\xerces-c_3_1.dll
0x000007fefa510000 - 0x000007fefa581000 	C:\Windows\system32\WINHTTP.dll
0x000007fefa4a0000 - 0x000007fefa504000 	C:\Windows\system32\webio.dll
0x000007fefdfb0000 - 0x000007fefe136000 	C:\Windows\system32\urlmon.dll
0x000007fefd790000 - 0x000007fefd794000 	C:\Windows\system32\api-ms-win-downlevel-ole32-l1-1-0.dll
0x000007feea0d0000 - 0x000007feea0f3000 	C:\Windows\system32\VCOMP110.DLL
0x000007feeac20000 - 0x000007feeae12000 	C:\Xilinx\SDK\2016.2\lib\win64.o\librdi_hsm.dll
0x000007fef4920000 - 0x000007fef4963000 	C:\Xilinx\SDK\2016.2\lib\win64.o\librdi_hdf.dll
0x000007fec3cf0000 - 0x000007fec3f71000 	C:\Xilinx\SDK\2016.2\lib\win64.o\librdi_ippcw.dll
0x000007fefad40000 - 0x000007fefad48000 	C:\Xilinx\SDK\2016.2\lib\win64.o\librdi_target_manager.dll
0x000007fef40c0000 - 0x000007fef40d1000 	C:\Users\chenya26\.Xilinx\SDK\2016.2\org.eclipse.osgi\129\0\.cp\jWinHttp-1.0.0.dll
0x000007fefd320000 - 0x000007fefd345000 	C:\Windows\system32\SspiCli.dll
0x000007fefc900000 - 0x000007fefc90a000 	C:\Windows\system32\credssp.dll
0x000007fefd5b0000 - 0x000007fefd5e6000 	C:\Windows\system32\CFGMGR32.dll
0x000007fef9980000 - 0x000007fef998f000 	C:\Xilinx\SDK\2016.2\lib\win64.o\librdi_repo_manager.dll
0x000007fef40a0000 - 0x000007fef40b6000 	C:\Xilinx\SDK\2016.2\eclipse\win64.o\plugins\org.eclipse.cdt.core.win32.x86_64_5.4.0.201509131935\os\win32\x86_64\spawner.dll
0x0000000071080000 - 0x00000000710a6000 	C:\Xilinx\SDK\2016.2\eclipse\win64.o\plugins\gnu.io.rxtx.win32.x86_64_2.1.7.3_v20071015\os\win32\x86_64\rxtxSerial.dll
0x000007feb4350000 - 0x000007feb4b60000 	C:\Xilinx\SDK\2016.2\lib\win64.o\libXil_lmgr11FNP.dll
0x000007fef5a30000 - 0x000007fef5a3b000 	C:\Windows\system32\snmpapi.dll

VM Arguments:
jvm_args: -Dcom.xilinx.sdk.args.hwspec=C:/Users/chenya26/fix_cam/filter_vga_rc/image_filter_test_bench.sdk/design_1_wrapper.hdf -Xms64m -Xmx512m & 
java_command: <unknown>
java_class_path (initial): C:\Xilinx\SDK\2016.2\eclipse\win64.o\\plugins/org.eclipse.equinox.launcher_1.3.100.v20150511-1540.jar
Launcher Type: generic

Environment Variables:
PATH=C:/Xilinx/SDK/2016.2/tps/win64/jre/bin/server;C:/Xilinx/SDK/2016.2/tps/win64/jre/bin;C:/Xilinx/SDK/2016.2/tps/win64/jre/lib/amd64;C:\Xilinx\SDK\2016.2\gnuwin\bin;C:\Xilinx\SDK\2016.2\gnu\microblaze\nt\bin;C:\Xilinx\SDK\2016.2\gnu\microblaze\linux_toolchain\nt64_le\bin;C:\Xilinx\SDK\2016.2\gnu\microblaze\linux_toolchain\nt64_be\bin;C:\Xilinx\SDK\2016.2\gnu\arm\nt\bin;C:\Xilinx\SDK\2016.2\gnu\aarch64\nt\aarch64-none\bin;C:\Xilinx\SDK\2016.2\gnu\aarch64\nt\aarch64-linux\bin;C:\Xilinx\SDK\2016.2\gnu\armr5\nt\gcc-arm-none-eabi\bin;C:\Xilinx\SDK\2016.2\gnu\aarch32\nt\gcc-arm-none-eabi\bin;C:\Xilinx\SDK\2016.2\gnu\aarch32\nt\gcc-arm-linux-gnueabi\bin;C:\Xilinx\SDK\2016.2\tps\win64\cmake-3.3.2\bin;;C:\Xilinx\SDK\2016.2\bin;C:\Xilinx\SDK\2016.2\lib\win64.o;C:\Xilinx\SDK\2016.2\tps\win64\jre\bin\server;C:\Xilinx\SDK\2016.2\tps\win64\jre\bin;C:\Xilinx\Vivado\2016.2\ids_lite\ISE\bin\nt64;C:\Xilinx\Vivado\2016.2\ids_lite\ISE\lib\nt64;C:\Xilinx\Vivado\2016.2\bin;C:\Xilinx\Vivado\2016.2\lib\win64.o;C:\Xilinx\Vivado\2016.2\tps\win64\jre\bin\server;C:\Xilinx\Vivado\2016.2\tps\win64\jre\bin;C:\Xilinx\Vivado_HLS\2016.2\bin;C:\Windows\system32;C:\Windows;C:\Windows\System32\Wbem;C:\Windows\System32\WindowsPowerShell\v1.0\;C:\Program Files (x86)\Java\jre6\bin;C:\Program Files (x86)\eclipse;C:\altera\16.0\quartus\bin64;c:\altera\16.0\quartus\bin64\jre64\bin;c:\Users\chenya26\fix_cam\filter_vga_rc;
USERNAME=chenya26
OS=Windows_NT
PROCESSOR_IDENTIFIER=Intel64 Family 6 Model 60 Stepping 3, GenuineIntel



---------------  S Y S T E M  ---------------

OS: Windows 7 , 64 bit Build 7601 (6.1.7601.23418)

CPU:total 8 (4 cores per cpu, 2 threads per core) family 6 model 60 stepping 3, cmov, cx8, fxsr, mmx, sse, sse2, sse3, ssse3, sse4.1, sse4.2, popcnt, avx, avx2, aes, clmul, erms, lzcnt, ht, tsc, tscinvbit, bmi1, bmi2

Memory: 4k page, physical 16683160k(9245668k free), swap 33364460k(25174092k free)

vm_info: Java HotSpot(TM) 64-Bit Server VM (25.66-b18) for windows-amd64 JRE (1.8.0_66-b18), built on Nov  9 2015 10:51:13 by "java_re" with MS VC++ 10.0 (VS2010)

time: Fri Mar 24 16:34:56 2017
elapsed time: 200 seconds (0d 0h 3m 20s)

