#
# A fatal error has been detected by the Java Runtime Environment:
#
#  EXCEPTION_UNCAUGHT_CXX_EXCEPTION (0xe06d7363) at pc=0x000007fefd4ba06d, pid=2696, tid=7752
#
# JRE version: Java(TM) SE Runtime Environment (8.0_66-b18) (build 1.8.0_66-b18)
# Java VM: Java HotSpot(TM) 64-Bit Server VM (25.66-b18 mixed mode windows-amd64 compressed oops)
# Problematic frame:
# C  [KERNELBASE.dll+0x1a06d]
#
# Failed to write core dump. Minidumps are not enabled by default on client versions of Windows
#
# If you would like to submit a bug report, please visit:
#   http://bugreport.java.com/bugreport/crash.jsp
#

---------------  T H R E A D  ---------------

Current thread (0x0000000015072800):  VMThread [stack: 0x0000000015fc0000,0x00000000160c0000] [id=7752]

siginfo: ExceptionCode=0xe06d7363, ExceptionInformation=0x0000000019930520 0x00000000160bf6c8 0x000007fef07e2cb8 0x000007fef0730000 

Registers:
RAX=0x000000007522bf43, RBX=0x000007fef07e2cb8, RCX=0x00000000160bef10, RDX=0x00000000000000d0
RSP=0x00000000160bf520, RBP=0x00000000160bf650, RSI=0x00000000ffffffff, RDI=0x00000000175c2dc0
R8 =0x0000000000000000, R9 =0x0000000000000000, R10=0x000007fef0730000, R11=0x00000000160bf560
R12=0x0000000000000001, R13=0x0000000000000008, R14=0x0000000000000000, R15=0xffffffffffffffff
RIP=0x000007fefd4ba06d, EFLAGS=0x0000000000000202

Top of Stack: (sp=0x00000000160bf520)
0x00000000160bf520:   000007fef07e2cb8 00000000ffffffff
0x00000000160bf530:   00000000175c2dc0 000000002447c460
0x00000000160bf540:   00000001e06d7363 0000000000000000
0x00000000160bf550:   000007fefd4ba06d 000007fe00000004
0x00000000160bf560:   0000000019930520 00000000160bf6c8
0x00000000160bf570:   000007fef07e2cb8 000007fef0730000
0x00000000160bf580:   0000000000000000 00000000160bf608
0x00000000160bf590:   0000000000000028 00000000175c2db0
0x00000000160bf5a0:   000000002454fec0 0000000000000000
0x00000000160bf5b0:   000007fffff96000 000000007752f4e3
0x00000000160bf5c0:   0000000000000000 0000000000000008
0x00000000160bf5d0:   0000000000000001 00000000175c2dc0
0x00000000160bf5e0:   00000000ffffffff 000007fef078e92c
0x00000000160bf5f0:   000007fef07e2cb8 00000000160bf660
0x00000000160bf600:   0000000000000001 000007fef07300f8
0x00000000160bf610:   00000001e06d7363 0000000000000000 

Instructions: (pc=0x000007fefd4ba06d)
0x000007fefd4ba04d:   54 24 24 48 89 4c 24 28 4d 85 c9 0f 85 6a 03 00
0x000007fefd4ba05d:   00 89 4c 24 38 48 8d 4c 24 20 ff 15 33 02 03 00
0x000007fefd4ba06d:   48 81 c4 c8 00 00 00 c3 90 90 90 90 90 90 90 90
0x000007fefd4ba07d:   90 90 90 48 83 ec 28 65 48 8b 04 25 30 00 00 00 


Register to memory mapping:

RAX=0x000000007522bf43 is an unknown value
RBX=0x000007fef07e2cb8 is an unknown value
RCX=0x00000000160bef10 is an unknown value
RDX=0x00000000000000d0 is an unknown value
RSP=0x00000000160bf520 is an unknown value
RBP=0x00000000160bf650 is an unknown value
RSI=0x00000000ffffffff is an unallocated location in the heap
RDI=0x00000000175c2dc0 is an unknown value
R8 =0x0000000000000000 is an unknown value
R9 =0x0000000000000000 is an unknown value
R10=0x000007fef0730000 is an unknown value
R11=0x00000000160bf560 is an unknown value
R12=0x0000000000000001 is an unknown value
R13=0x0000000000000008 is an unknown value
R14=0x0000000000000000 is an unknown value
R15=0xffffffffffffffff is an unknown value


Stack: [0x0000000015fc0000,0x00000000160c0000],  sp=0x00000000160bf520,  free space=1021k
Native frames: (J=compiled Java code, j=interpreted, Vv=VM code, C=native code)
C  [KERNELBASE.dll+0x1a06d]
C  [MSVCR110.dll+0x5e92c]
C  [MSVCR110.dll+0x1315c]
C  [MSVCR110.dll+0x136a9]
C  [MSVCR110.dll+0x13e9c]
C  [MSVCR110.dll+0x239e]
C  [MSVCR110.dll+0xaf9e]
C  [MSVCP110.dll+0x397b9]
C  [librdi_common.dll+0x182316]
C  [librdi_common.dll+0x180fab]
C  0x000007feecd52400
C  0x000007feecd52682
C  [ntdll.dll+0x22ac1]
C  [ntdll.dll+0x228d0]
C  [MSVCR100.dll+0x20ccd]
V  [jvm.dll+0x210cc5]
V  [jvm.dll+0x249897]
V  [jvm.dll+0x248b36]
V  [jvm.dll+0x248fd1]
V  [jvm.dll+0x2491ee]
V  [jvm.dll+0x29a0fa]
C  [MSVCR100.dll+0x21d9f]
C  [MSVCR100.dll+0x21e3b]
C  [kernel32.dll+0x159cd]
C  [ntdll.dll+0x2a561]

VM_Operation (0x000000000012f4c0): Exit, mode: safepoint, requested by thread 0x000000000263f800


---------------  P R O C E S S  ---------------

Java Threads: ( => current thread )
  0x000000001b628000 JavaThread "Spawner Reaper" daemon [_thread_in_native, id=11784, stack(0x00000000283f0000,0x00000000284f0000)]
  0x000000001b629000 JavaThread "pool-2-thread-1" [_thread_blocked, id=5532, stack(0x000000002b940000,0x000000002ba40000)]
  0x000000001b627800 JavaThread "Thread-124" daemon [_thread_blocked, id=10276, stack(0x000000002a370000,0x000000002a470000)]
  0x000000001a89e800 JavaThread "TCF Channel Transmitter" daemon [_thread_blocked, id=9900, stack(0x00000000294d0000,0x00000000295d0000)]
  0x000000001a89e000 JavaThread "TCF Channel Receiver" daemon [_thread_in_native, id=8976, stack(0x0000000029360000,0x0000000029460000)]
  0x000000001a89d000 JavaThread "Process monitor" daemon [_thread_in_native, id=8572, stack(0x0000000029190000,0x0000000029290000)]
  0x000000001a89c800 JavaThread "Input Stream Monitor" daemon [_thread_blocked, id=10068, stack(0x0000000029090000,0x0000000029190000)]
  0x000000001ac67800 JavaThread "Output Stream Monitor" daemon [_thread_in_native, id=7268, stack(0x0000000028f90000,0x0000000029090000)]
  0x000000001ac66800 JavaThread "Output Stream Monitor" daemon [_thread_in_native, id=1540, stack(0x0000000028e90000,0x0000000028f90000)]
  0x000000001ac5d000 JavaThread "TCF Locator DNS Lookup" daemon [_thread_blocked, id=10084, stack(0x00000000217c0000,0x00000000218c0000)]
  0x000000001ac5c000 JavaThread "TCF Locator Timer" daemon [_thread_blocked, id=10856, stack(0x00000000216c0000,0x00000000217c0000)]
  0x000000001ac5b800 JavaThread "TCF Locator Receiver" daemon [_thread_in_native, id=6832, stack(0x000000001dfe0000,0x000000001e0e0000)]
  0x000000001ac5a000 JavaThread "TCF Timer Dispatcher" daemon [_thread_blocked, id=10012, stack(0x000000001ddd0000,0x000000001ded0000)]
  0x0000000016b18000 JavaThread "EMF Reference Cleaner" daemon [_thread_blocked, id=4552, stack(0x0000000018fa0000,0x00000000190a0000)]
  0x000000001513d000 JavaThread "Service Thread" daemon [_thread_blocked, id=4336, stack(0x00000000168c0000,0x00000000169c0000)]
  0x00000000150f7800 JavaThread "C1 CompilerThread3" daemon [_thread_blocked, id=11168, stack(0x00000000167c0000,0x00000000168c0000)]
  0x00000000150ec800 JavaThread "C2 CompilerThread2" daemon [_thread_blocked, id=12076, stack(0x00000000166c0000,0x00000000167c0000)]
  0x00000000150eb800 JavaThread "C2 CompilerThread1" daemon [_thread_blocked, id=856, stack(0x00000000165c0000,0x00000000166c0000)]
  0x00000000150e7800 JavaThread "C2 CompilerThread0" daemon [_thread_blocked, id=9256, stack(0x00000000164c0000,0x00000000165c0000)]
  0x00000000150d3000 JavaThread "Attach Listener" daemon [_thread_blocked, id=11332, stack(0x00000000163c0000,0x00000000164c0000)]
  0x00000000150e1800 JavaThread "Signal Dispatcher" daemon [_thread_blocked, id=2780, stack(0x00000000162c0000,0x00000000163c0000)]
  0x0000000013efd800 JavaThread "Finalizer" daemon [_thread_blocked, id=11424, stack(0x00000000161c0000,0x00000000162c0000)]
  0x0000000013ef6800 JavaThread "Reference Handler" daemon [_thread_blocked, id=552, stack(0x00000000160c0000,0x00000000161c0000)]
  0x000000000263f800 JavaThread "main" [_thread_blocked, id=10584, stack(0x0000000000030000,0x0000000000130000)]

Other Threads:
=>0x0000000015072800 VMThread [stack: 0x0000000015fc0000,0x00000000160c0000] [id=7752]

VM state:at safepoint (shutting down)

VM Mutex/Monitor currently owned by a thread:  ([mutex/lock_event])
[0x00000000026a8a00] Threads_lock - owner thread: 0x0000000015072800

Heap:
 PSYoungGen      total 149504K, used 43528K [0x00000000f5580000, 0x00000000ffa00000, 0x0000000100000000)
  eden space 132608K, 32% used [0x00000000f5580000,0x00000000f80022a8,0x00000000fd700000)
  from space 16896K, 0% used [0x00000000fe980000,0x00000000fe980000,0x00000000ffa00000)
  to   space 17920K, 0% used [0x00000000fd700000,0x00000000fd700000,0x00000000fe880000)
 ParOldGen       total 130048K, used 53449K [0x00000000e0000000, 0x00000000e7f00000, 0x00000000f5580000)
  object space 130048K, 41% used [0x00000000e0000000,0x00000000e34324f0,0x00000000e7f00000)
 Metaspace       used 95726K, capacity 103636K, committed 103808K, reserved 1138688K
  class space    used 11528K, capacity 14110K, committed 14208K, reserved 1048576K

Card table byte_map: [0x0000000011b00000,0x0000000011c10000] byte_map_base: 0x0000000011400000

Marking Bits: (ParMarkBitMap*) 0x00000000564aa5b0
 Begin Bits: [0x0000000012410000, 0x0000000012c10000)
 End Bits:   [0x0000000012c10000, 0x0000000013410000)

Polling page: 0x0000000000490000

CodeCache: size=245760Kb used=44534Kb max_used=44713Kb free=201225Kb
 bounds [0x0000000002740000, 0x0000000005360000, 0x0000000011740000]
 total_blobs=12841 nmethods=11917 adapters=831
 compilation: enabled

Compilation events (10 events):
Event: 1279.620 Thread 0x00000000150f7800 nmethod 14979 0x0000000002b0efd0 code [0x0000000002b0f140, 0x0000000002b0f568]
Event: 1279.631 Thread 0x00000000150e7800 nmethod 14959 0x0000000004a8d1d0 code [0x0000000004a8d5c0, 0x0000000004a91880]
Event: 1279.632 Thread 0x00000000150e7800 14973   !   4       org.eclipse.osgi.internal.framework.BundleContextImpl::dispatchEvent (546 bytes)
Event: 1279.644 Thread 0x00000000150e7800 nmethod 14973 0x0000000003242fd0 code [0x00000000032431a0, 0x0000000003243bc0]
Event: 1279.644 Thread 0x00000000150e7800 14990       4       org.eclipse.osgi.container.ModuleDatabase::readUnlock (11 bytes)
Event: 1279.651 Thread 0x00000000150e7800 nmethod 14990 0x0000000002c3bb90 code [0x0000000002c3bd20, 0x0000000002c3c130]
Event: 1279.651 Thread 0x00000000150e7800 14976       4       org.eclipse.osgi.container.Module::getStartLevel (9 bytes)
Event: 1279.652 Thread 0x00000000150e7800 nmethod 14976 0x000000000470a350 code [0x000000000470a4a0, 0x000000000470a538]
Event: 1279.652 Thread 0x00000000150e7800 14966       4       org.eclipse.osgi.framework.eventmgr.ListenerQueue::<init> (38 bytes)
Event: 1279.654 Thread 0x00000000150e7800 nmethod 14966 0x0000000004adaa10 code [0x0000000004adab60, 0x0000000004adac98]

GC Heap History (10 events):
Event: 1131.732 GC heap before
{Heap before GC invocations=49 (full 19):
 PSYoungGen      total 151552K, used 160K [0x00000000f5580000, 0x00000000ffe00000, 0x0000000100000000)
  eden space 132608K, 0% used [0x00000000f5580000,0x00000000f5580000,0x00000000fd700000)
  from space 18944K, 0% used [0x00000000feb80000,0x00000000feba8000,0x00000000ffe00000)
  to   space 19968K, 0% used [0x00000000fd700000,0x00000000fd700000,0x00000000fea80000)
 ParOldGen       total 130048K, used 54757K [0x00000000e0000000, 0x00000000e7f00000, 0x00000000f5580000)
  object space 130048K, 42% used [0x00000000e0000000,0x00000000e3579440,0x00000000e7f00000)
 Metaspace       used 94871K, capacity 102960K, committed 103040K, reserved 1138688K
  class space    used 11431K, capacity 13924K, committed 13952K, reserved 1048576K
Event: 1131.899 GC heap after
Heap after GC invocations=49 (full 19):
 PSYoungGen      total 151552K, used 0K [0x00000000f5580000, 0x00000000ffe00000, 0x0000000100000000)
  eden space 132608K, 0% used [0x00000000f5580000,0x00000000f5580000,0x00000000fd700000)
  from space 18944K, 0% used [0x00000000feb80000,0x00000000feb80000,0x00000000ffe00000)
  to   space 19968K, 0% used [0x00000000fd700000,0x00000000fd700000,0x00000000fea80000)
 ParOldGen       total 130048K, used 54719K [0x00000000e0000000, 0x00000000e7f00000, 0x00000000f5580000)
  object space 130048K, 42% used [0x00000000e0000000,0x00000000e356fee0,0x00000000e7f00000)
 Metaspace       used 94871K, capacity 102960K, committed 103040K, reserved 1138688K
  class space    used 11431K, capacity 13924K, committed 13952K, reserved 1048576K
}
Event: 1191.742 GC heap before
{Heap before GC invocations=50 (full 19):
 PSYoungGen      total 151552K, used 2926K [0x00000000f5580000, 0x00000000ffe00000, 0x0000000100000000)
  eden space 132608K, 2% used [0x00000000f5580000,0x00000000f585b950,0x00000000fd700000)
  from space 18944K, 0% used [0x00000000feb80000,0x00000000feb80000,0x00000000ffe00000)
  to   space 19968K, 0% used [0x00000000fd700000,0x00000000fd700000,0x00000000fea80000)
 ParOldGen       total 130048K, used 54719K [0x00000000e0000000, 0x00000000e7f00000, 0x00000000f5580000)
  object space 130048K, 42% used [0x00000000e0000000,0x00000000e356fee0,0x00000000e7f00000)
 Metaspace       used 94871K, capacity 102960K, committed 103040K, reserved 1138688K
  class space    used 11431K, capacity 13924K, committed 13952K, reserved 1048576K
Event: 1191.745 GC heap after
Heap after GC invocations=50 (full 19):
 PSYoungGen      total 133120K, used 160K [0x00000000f5580000, 0x00000000ffc00000, 0x0000000100000000)
  eden space 132608K, 0% used [0x00000000f5580000,0x00000000f5580000,0x00000000fd700000)
  from space 512K, 31% used [0x00000000fd700000,0x00000000fd728000,0x00000000fd780000)
  to   space 18944K, 0% used [0x00000000fe980000,0x00000000fe980000,0x00000000ffc00000)
 ParOldGen       total 130048K, used 54719K [0x00000000e0000000, 0x00000000e7f00000, 0x00000000f5580000)
  object space 130048K, 42% used [0x00000000e0000000,0x00000000e356fee0,0x00000000e7f00000)
 Metaspace       used 94871K, capacity 102960K, committed 103040K, reserved 1138688K
  class space    used 11431K, capacity 13924K, committed 13952K, reserved 1048576K
}
Event: 1191.745 GC heap before
{Heap before GC invocations=51 (full 20):
 PSYoungGen      total 133120K, used 160K [0x00000000f5580000, 0x00000000ffc00000, 0x0000000100000000)
  eden space 132608K, 0% used [0x00000000f5580000,0x00000000f5580000,0x00000000fd700000)
  from space 512K, 31% used [0x00000000fd700000,0x00000000fd728000,0x00000000fd780000)
  to   space 18944K, 0% used [0x00000000fe980000,0x00000000fe980000,0x00000000ffc00000)
 ParOldGen       total 130048K, used 54719K [0x00000000e0000000, 0x00000000e7f00000, 0x00000000f5580000)
  object space 130048K, 42% used [0x00000000e0000000,0x00000000e356fee0,0x00000000e7f00000)
 Metaspace       used 94871K, capacity 102960K, committed 103040K, reserved 1138688K
  class space    used 11431K, capacity 13924K, committed 13952K, reserved 1048576K
Event: 1192.106 GC heap after
Heap after GC invocations=51 (full 20):
 PSYoungGen      total 133120K, used 0K [0x00000000f5580000, 0x00000000ffc00000, 0x0000000100000000)
  eden space 132608K, 0% used [0x00000000f5580000,0x00000000f5580000,0x00000000fd700000)
  from space 512K, 0% used [0x00000000fd700000,0x00000000fd700000,0x00000000fd780000)
  to   space 18944K, 0% used [0x00000000fe980000,0x00000000fe980000,0x00000000ffc00000)
 ParOldGen       total 130048K, used 54122K [0x00000000e0000000, 0x00000000e7f00000, 0x00000000f5580000)
  object space 130048K, 41% used [0x00000000e0000000,0x00000000e34dabd0,0x00000000e7f00000)
 Metaspace       used 94871K, capacity 102960K, committed 103040K, reserved 1138688K
  class space    used 11431K, capacity 13924K, committed 13952K, reserved 1048576K
}
Event: 1254.727 GC heap before
{Heap before GC invocations=52 (full 20):
 PSYoungGen      total 133120K, used 9068K [0x00000000f5580000, 0x00000000ffc00000, 0x0000000100000000)
  eden space 132608K, 6% used [0x00000000f5580000,0x00000000f5e5b168,0x00000000fd700000)
  from space 512K, 0% used [0x00000000fd700000,0x00000000fd700000,0x00000000fd780000)
  to   space 18944K, 0% used [0x00000000fe980000,0x00000000fe980000,0x00000000ffc00000)
 ParOldGen       total 130048K, used 54122K [0x00000000e0000000, 0x00000000e7f00000, 0x00000000f5580000)
  object space 130048K, 41% used [0x00000000e0000000,0x00000000e34dabd0,0x00000000e7f00000)
 Metaspace       used 94893K, capacity 102960K, committed 103040K, reserved 1138688K
  class space    used 11431K, capacity 13924K, committed 13952K, reserved 1048576K
Event: 1254.731 GC heap after
Heap after GC invocations=52 (full 20):
 PSYoungGen      total 149504K, used 480K [0x00000000f5580000, 0x00000000ffa00000, 0x0000000100000000)
  eden space 132608K, 0% used [0x00000000f5580000,0x00000000f5580000,0x00000000fd700000)
  from space 16896K, 2% used [0x00000000fe980000,0x00000000fe9f8000,0x00000000ffa00000)
  to   space 17920K, 0% used [0x00000000fd700000,0x00000000fd700000,0x00000000fe880000)
 ParOldGen       total 130048K, used 54130K [0x00000000e0000000, 0x00000000e7f00000, 0x00000000f5580000)
  object space 130048K, 41% used [0x00000000e0000000,0x00000000e34dcbd0,0x00000000e7f00000)
 Metaspace       used 94893K, capacity 102960K, committed 103040K, reserved 1138688K
  class space    used 11431K, capacity 13924K, committed 13952K, reserved 1048576K
}
Event: 1254.731 GC heap before
{Heap before GC invocations=53 (full 21):
 PSYoungGen      total 149504K, used 480K [0x00000000f5580000, 0x00000000ffa00000, 0x0000000100000000)
  eden space 132608K, 0% used [0x00000000f5580000,0x00000000f5580000,0x00000000fd700000)
  from space 16896K, 2% used [0x00000000fe980000,0x00000000fe9f8000,0x00000000ffa00000)
  to   space 17920K, 0% used [0x00000000fd700000,0x00000000fd700000,0x00000000fe880000)
 ParOldGen       total 130048K, used 54130K [0x00000000e0000000, 0x00000000e7f00000, 0x00000000f5580000)
  object space 130048K, 41% used [0x00000000e0000000,0x00000000e34dcbd0,0x00000000e7f00000)
 Metaspace       used 94893K, capacity 102960K, committed 103040K, reserved 1138688K
  class space    used 11431K, capacity 13924K, committed 13952K, reserved 1048576K
Event: 1255.200 GC heap after
Heap after GC invocations=53 (full 21):
 PSYoungGen      total 149504K, used 0K [0x00000000f5580000, 0x00000000ffa00000, 0x0000000100000000)
  eden space 132608K, 0% used [0x00000000f5580000,0x00000000f5580000,0x00000000fd700000)
  from space 16896K, 0% used [0x00000000fe980000,0x00000000fe980000,0x00000000ffa00000)
  to   space 17920K, 0% used [0x00000000fd700000,0x00000000fd700000,0x00000000fe880000)
 ParOldGen       total 130048K, used 53449K [0x00000000e0000000, 0x00000000e7f00000, 0x00000000f5580000)
  object space 130048K, 41% used [0x00000000e0000000,0x00000000e34324f0,0x00000000e7f00000)
 Metaspace       used 94861K, capacity 102906K, committed 103040K, reserved 1138688K
  class space    used 11426K, capacity 13915K, committed 13952K, reserved 1048576K
}

Deoptimization events (10 events):
Event: 1278.600 Thread 0x000000001ac60800 Uncommon trap: reason=class_check action=maybe_recompile pc=0x0000000004b19bb4 method=org.eclipse.e4.core.internal.contexts.TrackableComputationExt.update(Lorg/eclipse/e4/core/internal/contexts/ContextChangeEvent;)Z @ 62
Event: 1278.601 Thread 0x000000001ac60800 Uncommon trap: reason=class_check action=maybe_recompile pc=0x00000000052b383c method=org.eclipse.e4.core.internal.contexts.ContextObjectSupplier$ContextInjectionListener.update(Lorg/eclipse/e4/core/contexts/IEclipseContext;I[Ljava/lang/Object;)Z @ 173
Event: 1278.706 Thread 0x000000001b626800 Uncommon trap: reason=unstable_if action=reinterpret pc=0x0000000002eb8430 method=java.nio.charset.CharsetEncoder.encode(Ljava/nio/CharBuffer;Ljava/nio/ByteBuffer;Z)Ljava/nio/charset/CoderResult; @ 105
Event: 1278.744 Thread 0x000000001ac60800 Uncommon trap: reason=predicate action=maybe_recompile pc=0x000000000309a784 method=java.util.concurrent.CopyOnWriteArrayList.indexOf(Ljava/lang/Object;[Ljava/lang/Object;II)I @ 41
Event: 1278.745 Thread 0x000000001ac60800 Uncommon trap: reason=unstable_if action=reinterpret pc=0x00000000035f481c method=org.eclipse.osgi.internal.hooks.EclipseLazyStarter.shouldActivateFor(Ljava/lang/String;Lorg/eclipse/osgi/container/Module;Lorg/eclipse/osgi/container/ModuleRevision;Lorg/ecli@I÷Qüú“@
Event: 1278.746 Thread 0x000000001ac60800 Uncommon trap: reason=unstable_if action=reinterpret pc=0x0000000004ef1aa4 method=org.eclipse.swt.graphics.Resource.dispose()V @ 15
Event: 1279.492 Thread 0x0000000016e06800 Uncommon trap: reason=unstable_if action=reinterpret pc=0x000000000339cf14 method=org.eclipse.osgi.internal.framework.BundleContextImpl.dispatchEvent(Ljava/lang/Object;Ljava/lang/Object;ILjava/lang/Object;)V @ 16
Event: 1279.571 Thread 0x000000001ac64800 Uncommon trap: reason=unstable_if action=reinterpret pc=0x0000000004f5a964 method=org.eclipse.core.internal.jobs.JobManager.nextJob()Lorg/eclipse/core/runtime/jobs/Job; @ 80
Event: 1279.575 Thread 0x000000001ac61800 Uncommon trap: reason=unstable_if action=reinterpret pc=0x0000000004f53300 method=org.eclipse.core.internal.jobs.JobManager.nextJob()Lorg/eclipse/core/runtime/jobs/Job; @ 80
Event: 1279.596 Thread 0x000000001ac60800 Uncommon trap: reason=unstable_if action=reinterpret pc=0x00000000032386a8 method=sun.reflect.UnsafeStaticObjectFieldAccessorImpl.set(Ljava/lang/Object;Ljava/lang/Object;)V @ 13

Internal exceptions (10 events):
Event: 1273.195 Thread 0x000000000263f800 Exception <a 'java/io/IOException'> (0x00000000f5c13068) thrown at [C:\re\workspace\8-2-build-windows-amd64-cygwin\jdk8u66\5298\hotspot\src\share\vm\prims\jni.cpp, line 709]
Event: 1273.195 Thread 0x000000000263f800 Exception <a 'java/io/IOException'> (0x00000000f5c136c0) thrown at [C:\re\workspace\8-2-build-windows-amd64-cygwin\jdk8u66\5298\hotspot\src\share\vm\prims\jni.cpp, line 709]
Event: 1278.332 Thread 0x000000000263f800 Implicit null exception at 0x00000000048b6d07 to 0x00000000048b9541
Event: 1278.705 Thread 0x000000001a8a3000 Exception <a 'java/lang/InterruptedException'> (0x00000000f798fe60) thrown at [C:\re\workspace\8-2-build-windows-amd64-cygwin\jdk8u66\5298\hotspot\src\share\vm\runtime\objectMonitor.cpp, line 1683]
Event: 1279.564 Thread 0x000000001ac5d800 Exception <a 'java/lang/InterruptedException'> (0x00000000f5928948) thrown at [C:\re\workspace\8-2-build-windows-amd64-cygwin\jdk8u66\5298\hotspot\src\share\vm\runtime\objectMonitor.cpp, line 1683]
Event: 1279.596 Thread 0x000000001ac60800 Implicit null exception at 0x0000000003238297 to 0x0000000003238695
Event: 1279.597 Thread 0x0000000016e06800 Exception <a 'java/lang/InterruptedException'> (0x00000000f7d375c0) thrown at [C:\re\workspace\8-2-build-windows-amd64-cygwin\jdk8u66\5298\hotspot\src\share\vm\runtime\objectMonitor.cpp, line 1683]
Event: 1279.599 Thread 0x000000001ac59000 Exception <a 'java/lang/InterruptedException'> (0x00000000f7300b18) thrown at [C:\re\workspace\8-2-build-windows-amd64-cygwin\jdk8u66\5298\hotspot\src\share\vm\runtime\objectMonitor.cpp, line 1683]
Event: 1279.600 Thread 0x0000000016d8a800 Exception <a 'java/lang/InterruptedException'> (0x00000000f7ed1310) thrown at [C:\re\workspace\8-2-build-windows-amd64-cygwin\jdk8u66\5298\hotspot\src\share\vm\runtime\objectMonitor.cpp, line 1683]
Event: 1279.662 Thread 0x000000001ac60800 Exception <a 'java/io/IOException'> (0x00000000f7fcf510) thrown at [C:\re\workspace\8-2-build-windows-amd64-cygwin\jdk8u66\5298\hotspot\src\share\vm\prims\jni.cpp, line 709]

Events (10 events):
Event: 1279.662 Executing VM operation: RevokeBias
Event: 1279.662 Executing VM operation: RevokeBias done
Event: 1279.662 Executing VM operation: RevokeBias
Event: 1279.662 Executing VM operation: RevokeBias done
Event: 1279.662 Executing VM operation: RevokeBias
Event: 1279.662 Executing VM operation: RevokeBias done
Event: 1279.662 Executing VM operation: RevokeBias
Event: 1279.662 Executing VM operation: RevokeBias done
Event: 1279.662 Thread 0x000000001ac60800 Thread exited: 0x000000001ac60800
Event: 1279.664 Executing VM operation: Exit


Dynamic libraries:
0x0000000000400000 - 0x000000000044f000 	F:\ECE532\SDK\2016.2\eclipse\win64.o\eclipse.exe
0x00000000774e0000 - 0x000000007768a000 	C:\Windows\SYSTEM32\ntdll.dll
0x00000000773c0000 - 0x00000000774df000 	C:\Windows\system32\kernel32.dll
0x000007fefd4a0000 - 0x000007fefd50a000 	C:\Windows\system32\KERNELBASE.dll
0x00000000772c0000 - 0x00000000773ba000 	C:\Windows\system32\USER32.dll
0x000007fefd700000 - 0x000007fefd767000 	C:\Windows\system32\GDI32.dll
0x000007fefd850000 - 0x000007fefd85e000 	C:\Windows\system32\LPK.dll
0x000007feff420000 - 0x000007feff4ea000 	C:\Windows\system32\USP10.dll
0x000007fefef80000 - 0x000007feff01f000 	C:\Windows\system32\msvcrt.dll
0x000007fefbad0000 - 0x000007fefbcc4000 	C:\Windows\WinSxS\amd64_microsoft.windows.common-controls_6595b64144ccf1df_6.0.7601.18837_none_fa3b1e3d17594757\COMCTL32.dll
0x000007fefddd0000 - 0x000007fefde41000 	C:\Windows\system32\SHLWAPI.dll
0x000007feff4f0000 - 0x000007feff51e000 	C:\Windows\system32\IMM32.DLL
0x000007feff5e0000 - 0x000007feff6e9000 	C:\Windows\system32\MSCTF.dll
0x0000000072000000 - 0x0000000072012000 	F:\ECE532\SDK\2016.2\eclipse\win64.o\plugins\org.eclipse.equinox.launcher.win32.win32.x86_64_1.1.300.v20150602-1417\eclipse_1611.dll
0x000007fefd770000 - 0x000007fefd84b000 	C:\Windows\system32\ADVAPI32.dll
0x000007feff5c0000 - 0x000007feff5df000 	C:\Windows\SYSTEM32\sechost.dll
0x000007feff020000 - 0x000007feff14d000 	C:\Windows\system32\RPCRT4.dll
0x000007fefc2b0000 - 0x000007fefc2bc000 	C:\Windows\system32\VERSION.dll
0x000007fefb8f0000 - 0x000007fefb946000 	C:\Windows\system32\uxtheme.dll
0x0000000055ca0000 - 0x0000000056529000 	F:\ECE532\SDK\2016.2\tps\win64\jre\bin\server\jvm.dll
0x000007fef7340000 - 0x000007fef7349000 	C:\Windows\system32\WSOCK32.dll
0x000007fefd5d0000 - 0x000007fefd61d000 	C:\Windows\system32\WS2_32.dll
0x000007fefe1e0000 - 0x000007fefe1e8000 	C:\Windows\system32\NSI.dll
0x000007fefade0000 - 0x000007fefae1b000 	C:\Windows\system32\WINMM.dll
0x00000000776a0000 - 0x00000000776a7000 	C:\Windows\system32\PSAPI.DLL
0x00000000731f0000 - 0x00000000732c2000 	C:\Windows\system32\MSVCR100.dll
0x0000000073890000 - 0x000000007389f000 	F:\ECE532\SDK\2016.2\tps\win64\jre\bin\verify.dll
0x000000006ec40000 - 0x000000006ec69000 	F:\ECE532\SDK\2016.2\tps\win64\jre\bin\java.dll
0x000000006ec20000 - 0x000000006ec36000 	F:\ECE532\SDK\2016.2\tps\win64\jre\bin\zip.dll
0x000007fefe1f0000 - 0x000007fefef7a000 	C:\Windows\system32\SHELL32.dll
0x000007fefd860000 - 0x000007fefda63000 	C:\Windows\system32\ole32.dll
0x000007fefd210000 - 0x000007fefd21f000 	C:\Windows\system32\profapi.dll
0x000007fefca10000 - 0x000007fefca28000 	C:\Windows\system32\CRYPTSP.dll
0x000007fefc710000 - 0x000007fefc757000 	C:\Windows\system32\rsaenh.dll
0x000007fefd550000 - 0x000007fefd56e000 	C:\Windows\system32\USERENV.dll
0x000007fefd070000 - 0x000007fefd07f000 	C:\Windows\system32\CRYPTBASE.dll
0x000000006ec00000 - 0x000000006ec1a000 	F:\ECE532\SDK\2016.2\tps\win64\jre\bin\net.dll
0x000007fefc9b0000 - 0x000007fefca05000 	C:\Windows\system32\mswsock.dll
0x000007fefc9a0000 - 0x000007fefc9a7000 	C:\Windows\System32\wship6.dll
0x000007fef9b80000 - 0x000007fef9ba7000 	C:\Windows\system32\IPHLPAPI.DLL
0x000007fef9b70000 - 0x000007fef9b7b000 	C:\Windows\system32\WINNSI.DLL
0x000007fef9860000 - 0x000007fef9878000 	C:\Windows\system32\dhcpcsvc.DLL
0x000007fef9760000 - 0x000007fef9771000 	C:\Windows\system32\dhcpcsvc6.DLL
0x000000006e6b0000 - 0x000000006e6c1000 	F:\ECE532\SDK\2016.2\tps\win64\jre\bin\nio.dll
0x000007fef9730000 - 0x000007fef9745000 	C:\Windows\system32\NLAapi.dll
0x000007fee5790000 - 0x000007fee57a5000 	C:\Windows\system32\napinsp.dll
0x000007fee5460000 - 0x000007fee5479000 	C:\Windows\system32\pnrpnsp.dll
0x000007fefc830000 - 0x000007fefc88b000 	C:\Windows\system32\DNSAPI.dll
0x000007fee5b10000 - 0x000007fee5b1b000 	C:\Windows\System32\winrnr.dll
0x000007fee5b00000 - 0x000007fee5b10000 	C:\Windows\system32\wshbth.dll
0x000007fef2d80000 - 0x000007fef2dae000 	C:\Program Files\Common Files\Microsoft Shared\Windows Live\WLIDNSP.DLL
0x000007fefc380000 - 0x000007fefc387000 	C:\Windows\System32\wshtcpip.dll
0x000007fef2d50000 - 0x000007fef2d58000 	C:\Windows\system32\rasadhlp.dll
0x000007fef9630000 - 0x000007fef9683000 	C:\Windows\System32\fwpuclnt.dll
0x000007fefd620000 - 0x000007fefd6fa000 	C:\Windows\system32\OLEAUT32.DLL
0x00000000190a0000 - 0x0000000019148000 	C:\Users\Qmyang\.Xilinx\SDK\2016.2\org.eclipse.osgi\312\0\.cp\swt-win32-4527.dll
0x000007feff750000 - 0x000007feff7e7000 	C:\Windows\system32\comdlg32.dll
0x000007fef8440000 - 0x000007fef84b1000 	C:\Windows\system32\WINSPOOL.DRV
0x000007fefda70000 - 0x000007fefdd42000 	C:\Windows\system32\WININET.dll
0x000007fefd3d0000 - 0x000007fefd3d4000 	C:\Windows\system32\api-ms-win-downlevel-user32-l1-1-0.dll
0x000007fefd5b0000 - 0x000007fefd5b4000 	C:\Windows\system32\api-ms-win-downlevel-shlwapi-l1-1-0.dll
0x000007fefd490000 - 0x000007fefd494000 	C:\Windows\system32\api-ms-win-downlevel-version-l1-1-0.dll
0x000007fefd5c0000 - 0x000007fefd5c3000 	C:\Windows\system32\api-ms-win-downlevel-normaliz-l1-1-0.dll
0x00000000776b0000 - 0x00000000776b3000 	C:\Windows\system32\normaliz.DLL
0x000007feff150000 - 0x000007feff41a000 	C:\Windows\system32\iertutil.dll
0x000007fefd3c0000 - 0x000007fefd3c5000 	C:\Windows\system32\api-ms-win-downlevel-advapi32-l1-1-0.dll
0x000007fefd250000 - 0x000007fefd3bd000 	C:\Windows\system32\CRYPT32.dll
0x000007fefd220000 - 0x000007fefd22f000 	C:\Windows\system32\MSASN1.dll
0x000007fefb490000 - 0x000007fefb4a8000 	C:\Windows\system32\dwmapi.dll
0x000007fefb950000 - 0x000007fefba7c000 	C:\Windows\system32\propsys.dll
0x000007feff520000 - 0x000007feff5b9000 	C:\Windows\system32\CLBCatQ.DLL
0x00000000024c0000 - 0x00000000024de000 	C:\Users\Qmyang\.Xilinx\SDK\2016.2\org.eclipse.osgi\312\0\.cp\swt-gdip-win32-4527.dll
0x000007fefb6a0000 - 0x000007fefb8b6000 	C:\Windows\WinSxS\amd64_microsoft.windows.gdiplus_6595b64144ccf1df_1.1.7601.23545_none_14599ab28b920323\gdiplus.dll
0x000007fefae20000 - 0x000007fefaf81000 	C:\Windows\system32\WindowsCodecs.dll
0x000007fef83e0000 - 0x000007fef8434000 	C:\Windows\system32\oleacc.dll
0x000007fef76f0000 - 0x000007fef772b000 	C:\Windows\system32\mlang.dll
0x000007fef8a50000 - 0x000007fef8a57000 	C:\Windows\system32\msimg32.dll
0x000007fefd160000 - 0x000007fefd174000 	C:\Windows\system32\RpcRtRemote.dll
0x000007fefd010000 - 0x000007fefd067000 	C:\Windows\system32\apphelp.dll
0x000007feed410000 - 0x000007feee2a4000 	C:\Windows\System32\ieframe.dll
0x000007fefab70000 - 0x000007fefab74000 	C:\Windows\System32\api-ms-win-downlevel-shell32-l1-1-0.dll
0x000007fee53c0000 - 0x000007fee53c4000 	C:\Windows\system32\api-ms-win-downlevel-shlwapi-l2-1-0.dll
0x000007fefde50000 - 0x000007fefdfd4000 	C:\Windows\system32\urlmon.dll
0x000007fefd3e0000 - 0x000007fefd3e4000 	C:\Windows\system32\api-ms-win-downlevel-ole32-l1-1-0.dll
0x000007fefd080000 - 0x000007fefd111000 	C:\Windows\system32\SXS.DLL
0x000007feb7750000 - 0x000007feb8feb000 	C:\Windows\System32\mshtml.dll
0x000007fefce10000 - 0x000007fefce1b000 	C:\Windows\system32\Secur32.dll
0x000007fefcfe0000 - 0x000007fefd005000 	C:\Windows\system32\SSPICLI.DLL
0x000007febd900000 - 0x000007febdece000 	C:\Windows\System32\jscript9.dll
0x000007fef89e0000 - 0x000007fef89e4000 	C:\Windows\system32\api-ms-win-downlevel-advapi32-l2-1-0.dll
0x000007fefa2f0000 - 0x000007fefa2fe000 	C:\Windows\system32\msimtf.dll
0x000007fee1d40000 - 0x000007fee1dfa000 	C:\Windows\system32\uiautomationcore.dll
0x000007febc610000 - 0x000007febc9d4000 	C:\Windows\system32\d2d1.dll
0x000007febd760000 - 0x000007febd8f7000 	C:\Windows\system32\DWrite.dll
0x000007fef2850000 - 0x000007fef28ad000 	C:\Windows\system32\dxgi.dll
0x000007fef17a0000 - 0x000007fef17c6000 	C:\Windows\system32\DXGIDebug.dll
0x000007fefd510000 - 0x000007fefd54b000 	C:\Windows\system32\WINTRUST.dll
0x000007fefb450000 - 0x000007fefb485000 	C:\Windows\system32\XmlLite.dll
0x000007fef2620000 - 0x000007fef27f5000 	C:\Windows\system32\d3d11.dll
0x000007fee7500000 - 0x000007fee7541000 	C:\Windows\system32\windowscodecsext.dll
0x000007fef0fd0000 - 0x000007fef0fe1000 	C:\Users\Qmyang\.Xilinx\SDK\2016.2\org.eclipse.osgi\129\0\.cp\jWinHttp-1.0.0.dll
0x000007fefaf90000 - 0x000007fefb001000 	C:\Windows\system32\WINHTTP.dll
0x000007fefad30000 - 0x000007fefad95000 	C:\Windows\system32\webio.dll
0x0000000026c80000 - 0x0000000026c92000 	C:\Users\Qmyang\.Xilinx\SDK\2016.2\org.eclipse.osgi\126\0\.cp\os\win32\x86_64\localfile_1_0_0.dll
0x000007fef9880000 - 0x000007fef988f000 	F:\ECE532\SDK\2016.2\lib\win64.o\librdi_repo_manager.dll
0x000007feec040000 - 0x000007feec06a000 	F:\ECE532\SDK\2016.2\lib\win64.o\libisl_sysinfo.dll
0x000007fef0730000 - 0x000007fef0804000 	C:\Windows\system32\MSVCR110.dll
0x000007fef05d0000 - 0x000007fef0677000 	C:\Windows\system32\MSVCP110.dll
0x000007febaea0000 - 0x000007febb8e0000 	F:\ECE532\SDK\2016.2\lib\win64.o\librdi_common.dll
0x000007febc020000 - 0x000007febc38e000 	F:\ECE532\SDK\2016.2\lib\win64.o\libCOIN-all.dll
0x000007febbe00000 - 0x000007febc01f000 	F:\ECE532\SDK\2016.2\lib\win64.o\libXil_lmgr11.dll
0x000007fefab10000 - 0x000007fefab26000 	C:\Windows\system32\NETAPI32.dll
0x000007fefab50000 - 0x000007fefab5c000 	C:\Windows\system32\netutils.dll
0x000007fefccb0000 - 0x000007fefccd3000 	C:\Windows\system32\srvcli.dll
0x000007fefaab0000 - 0x000007fefaac5000 	C:\Windows\system32\wkscli.dll
0x000007fef7280000 - 0x000007fef7290000 	F:\ECE532\SDK\2016.2\lib\win64.o\libboost_date_time.dll
0x000007fee5c00000 - 0x000007fee5c24000 	F:\ECE532\SDK\2016.2\lib\win64.o\libboost_filesystem.dll
0x000007fef75b0000 - 0x000007fef75b9000 	F:\ECE532\SDK\2016.2\lib\win64.o\libboost_system.dll
0x000007fee4fa0000 - 0x000007fee5017000 	F:\ECE532\SDK\2016.2\lib\win64.o\libboost_program_options.dll
0x000007febebc0000 - 0x000007febecc6000 	F:\ECE532\SDK\2016.2\lib\win64.o\libboost_regex.dll
0x000007feebf00000 - 0x000007feebf13000 	F:\ECE532\SDK\2016.2\lib\win64.o\libboost_signals.dll
0x000007feee3c0000 - 0x000007feee3dd000 	F:\ECE532\SDK\2016.2\lib\win64.o\libboost_thread.dll
0x000007fef2960000 - 0x000007fef296b000 	F:\ECE532\SDK\2016.2\lib\win64.o\libboost_chrono.dll
0x000007feee6c0000 - 0x000007feee6cb000 	F:\ECE532\SDK\2016.2\lib\win64.o\libboost_xilinx.dll
0x000007fee3f50000 - 0x000007fee3fd0000 	F:\ECE532\SDK\2016.2\lib\win64.o\libhdlpsolve.dll
0x000007fee1bd0000 - 0x000007fee1c6a000 	F:\ECE532\SDK\2016.2\lib\win64.o\libhdxml.dll
0x000007feba420000 - 0x000007feba885e00 	F:\ECE532\SDK\2016.2\lib\win64.o\libisl_iostreams.dll
0x000007feeae70000 - 0x000007feeae86000 	F:\ECE532\SDK\2016.2\lib\win64.o\libboost_iostreams.dll

VM Arguments:
jvm_args: -Dcom.xilinx.sdk.args.hwspec=F:/ECE532/projects/test_bench_demo/image_filter_test_bench/image_filter_test_bench.sdk/design_1_wrapper.hdf -Xms64m -Xmx512m & 
java_command: <unknown>
java_class_path (initial): F:\ECE532\SDK\2016.2\eclipse\win64.o\\plugins/org.eclipse.equinox.launcher_1.3.100.v20150511-1540.jar
Launcher Type: generic

Environment Variables:
JAVA_HOME=C:\Program Files\Java\jdk1.8.0_60
USERNAME=Qmyang
OS=Windows_NT
PROCESSOR_IDENTIFIER=Intel64 Family 6 Model 58 Stepping 9, GenuineIntel



---------------  S Y S T E M  ---------------

OS: Windows 7 , 64 bit Build 7601 (6.1.7601.23572)

CPU:total 8 (4 cores per cpu, 2 threads per core) family 6 model 58 stepping 9, cmov, cx8, fxsr, mmx, sse, sse2, sse3, ssse3, sse4.1, sse4.2, popcnt, avx, aes, clmul, erms, ht, tsc, tscinvbit, tscinv

Memory: 4k page, physical 8252048k(2787788k free), swap 16502236k(9486548k free)

vm_info: Java HotSpot(TM) 64-Bit Server VM (25.66-b18) for windows-amd64 JRE (1.8.0_66-b18), built on Nov  9 2015 10:51:13 by "java_re" with MS VC++ 10.0 (VS2010)

time: Mon Feb 27 17:28:32 2017
elapsed time: 1280 seconds (0d 0h 21m 20s)

