#
# A fatal error has been detected by the Java Runtime Environment:
#
#  Internal Error (0xc000000d), pid=3536, tid=6272
#
# JRE version: Java(TM) SE Runtime Environment (8.0_66-b18) (build 1.8.0_66-b18)
# Java VM: Java HotSpot(TM) 64-Bit Server VM (25.66-b18 mixed mode windows-amd64 compressed oops)
# Problematic frame:
# C  [ntdll.dll+0x96ccf]
#
# Failed to write core dump. Minidumps are not enabled by default on client versions of Windows
#
# If you would like to submit a bug report, please visit:
#   http://bugreport.java.com/bugreport/crash.jsp
#

---------------  T H R E A D  ---------------

Current thread (0x0000000013e21800):  VMThread [stack: 0x0000000015ef0000,0x0000000015ff0000] [id=6272]

siginfo: ExceptionCode=0xc000000d

Registers:
RAX=0x000000006312c88b, RBX=0x0000000000000000, RCX=0x0000000015feef10, RDX=0x0000000000000000
RSP=0x0000000015fef520, RBP=0x000000001765f0a0, RSI=0x000007fef6507408, RDI=0x0000000015fef668
R8 =0x0000000000000000, R9 =0x0000000000000000, R10=0x0000000000000000, R11=0x0000000000000246
R12=0x00000000176d0a60, R13=0x00000000176d0a30, R14=0x000000001765f1a8, R15=0x0000000000000000
RIP=0x0000000076f26ccf, EFLAGS=0x0000000000000206

Top of Stack: (sp=0x0000000015fef520)
0x0000000015fef520:   0000000000000000 000007fef6507408
0x0000000015fef530:   0000000015fef668 0000000000000000
0x0000000015fef540:   0000000000000050 0000000000170000
0x0000000015fef550:   0000000000000000 0000000000000000
0x0000000015fef560:   0000000000000002 0000000076eddd48
0x0000000015fef570:   00000000c000000d 0000000000000000
0x0000000015fef580:   0000000076f26ccf 0000000000000000
0x0000000015fef590:   0000000000000000 0000000000000000
0x0000000015fef5a0:   0000000000000000 0000000000000000
0x0000000015fef5b0:   0000000000000000 0000000000000000
0x0000000015fef5c0:   0000000000000000 0000000000000000
0x0000000015fef5d0:   0000000000000000 0000000000000000
0x0000000015fef5e0:   0000000000000000 0000000000000000
0x0000000015fef5f0:   0000000000000000 0000000000000000
0x0000000015fef600:   0000000000000000 00000000176d0a60
0x0000000015fef610:   0000000000000cf8 0000000076cb34a8 

Instructions: (pc=0x0000000076f26ccf)
0x0000000076f26caf:   5d 6c fb ff b9 57 00 00 00 c7 44 24 50 0d 00 00
0x0000000076f26cbf:   c0 e8 4b 6f fb ff 48 8d 4c 24 50 e8 41 1c f8 ff
0x0000000076f26ccf:   4c 8b 1d 02 67 09 00 4d 85 db 74 5b 65 48 8b 04
0x0000000076f26cdf:   25 30 00 00 00 f6 80 ee 17 00 00 08 74 12 65 48 


Register to memory mapping:

RAX=0x000000006312c88b is an unknown value
RBX=0x0000000000000000 is an unknown value
RCX=0x0000000015feef10 is an unknown value
RDX=0x0000000000000000 is an unknown value
RSP=0x0000000015fef520 is an unknown value
RBP=0x000000001765f0a0 is an unknown value
RSI=0x000007fef6507408 is an unknown value
RDI=0x0000000015fef668 is an unknown value
R8 =0x0000000000000000 is an unknown value
R9 =0x0000000000000000 is an unknown value
R10=0x0000000000000000 is an unknown value
R11=0x0000000000000246 is an unknown value
R12=0x00000000176d0a60 is an unknown value
R13=0x00000000176d0a30 is an unknown value
R14=0x000000001765f1a8 is an unknown value
R15=0x0000000000000000 is an unknown value


Stack: [0x0000000015ef0000,0x0000000015ff0000],  sp=0x0000000015fef520,  free space=1021k
Native frames: (J=compiled Java code, j=interpreted, Vv=VM code, C=native code)
C  [ntdll.dll+0x96ccf]
C  [kernel32.dll+0x434a8]
C  [MSVCR110.dll+0x752d]
C  [MSVCR110.dll+0x73c6]
C  [MSVCR110.dll+0x14cca]
C  [MSVCR110.dll+0x13edc]
C  [MSVCR110.dll+0x239e]
C  [MSVCR110.dll+0xaf9e]
C  [MSVCP110.dll+0x397b9]
C  [librdi_common.dll+0x182316]
C  [librdi_common.dll+0x180fab]
C  [librdi_target_manager.dll+0x2400]
C  [librdi_target_manager.dll+0x2682]
C  [ntdll.dll+0x22ac1]
C  [ntdll.dll+0x228d0]
C  [MSVCR100.dll+0x20ccd]
V  [jvm.dll+0x210cc5]
V  [jvm.dll+0x249897]
V  [jvm.dll+0x248b36]
V  [jvm.dll+0x248fd1]
V  [jvm.dll+0x2491ee]
V  [jvm.dll+0x29a0fa]
C  [MSVCR100.dll+0x21d9f]
C  [MSVCR100.dll+0x21e3b]
C  [kernel32.dll+0x159cd]
C  [ntdll.dll+0x2a561]

VM_Operation (0x000000000012f4c0): Exit, mode: safepoint, requested by thread 0x000000000251e800


---------------  P R O C E S S  ---------------

Java Threads: ( => current thread )
  0x0000000018153000 JavaThread "pool-1-thread-1" [_thread_blocked, id=6680, stack(0x0000000028920000,0x0000000028a20000)]
  0x0000000018150000 JavaThread "Thread-39" daemon [_thread_blocked, id=7328, stack(0x00000000282b0000,0x00000000283b0000)]
  0x0000000018052800 JavaThread "TCF Channel Transmitter" daemon [_thread_blocked, id=3756, stack(0x0000000026ed0000,0x0000000026fd0000)]
  0x0000000018053800 JavaThread "TCF Channel Receiver" daemon [_thread_in_native, id=6008, stack(0x0000000026dd0000,0x0000000026ed0000)]
  0x0000000018051000 JavaThread "Process monitor" daemon [_thread_in_native, id=7024, stack(0x0000000025b40000,0x0000000025c40000)]
  0x0000000018050800 JavaThread "Input Stream Monitor" daemon [_thread_blocked, id=4240, stack(0x0000000025a40000,0x0000000025b40000)]
  0x000000001804f800 JavaThread "Output Stream Monitor" daemon [_thread_in_native, id=2760, stack(0x0000000025940000,0x0000000025a40000)]
  0x000000001823d000 JavaThread "Output Stream Monitor" daemon [_thread_in_native, id=4180, stack(0x0000000025840000,0x0000000025940000)]
  0x0000000018235800 JavaThread "TCF Locator DNS Lookup" daemon [_thread_blocked, id=4824, stack(0x0000000024d40000,0x0000000024e40000)]
  0x0000000018234800 JavaThread "TCF Locator Timer" daemon [_thread_blocked, id=5444, stack(0x0000000024c40000,0x0000000024d40000)]
  0x0000000018234000 JavaThread "TCF Locator Receiver" daemon [_thread_in_native, id=5348, stack(0x0000000024b40000,0x0000000024c40000)]
  0x0000000018232000 JavaThread "TCF Timer Dispatcher" daemon [_thread_blocked, id=3020, stack(0x000000001d280000,0x000000001d380000)]
  0x0000000017bfc800 JavaThread "EMF Reference Cleaner" daemon [_thread_blocked, id=4128, stack(0x0000000019bb0000,0x0000000019cb0000)]
  0x00000000150b0000 JavaThread "Service Thread" daemon [_thread_blocked, id=6856, stack(0x00000000168c0000,0x00000000169c0000)]
  0x000000001502b800 JavaThread "C1 CompilerThread3" daemon [_thread_blocked, id=5860, stack(0x00000000167c0000,0x00000000168c0000)]
  0x0000000015022800 JavaThread "C2 CompilerThread2" daemon [_thread_blocked, id=6204, stack(0x00000000166c0000,0x00000000167c0000)]
  0x0000000015019800 JavaThread "C2 CompilerThread1" daemon [_thread_blocked, id=4244, stack(0x00000000165c0000,0x00000000166c0000)]
  0x000000001500e000 JavaThread "C2 CompilerThread0" daemon [_thread_blocked, id=6104, stack(0x00000000164c0000,0x00000000165c0000)]
  0x000000001500a800 JavaThread "Attach Listener" daemon [_thread_blocked, id=5512, stack(0x00000000163c0000,0x00000000164c0000)]
  0x0000000015001000 JavaThread "Signal Dispatcher" daemon [_thread_blocked, id=4848, stack(0x00000000162c0000,0x00000000163c0000)]
  0x0000000013e2e800 JavaThread "Finalizer" daemon [_thread_blocked, id=3504, stack(0x00000000160f0000,0x00000000161f0000)]
  0x0000000013e28000 JavaThread "Reference Handler" daemon [_thread_blocked, id=6400, stack(0x0000000015ff0000,0x00000000160f0000)]
  0x000000000251e800 JavaThread "main" [_thread_blocked, id=5596, stack(0x0000000000030000,0x0000000000130000)]

Other Threads:
=>0x0000000013e21800 VMThread [stack: 0x0000000015ef0000,0x0000000015ff0000] [id=6272]

VM state:at safepoint (shutting down)

VM Mutex/Monitor currently owned by a thread:  ([mutex/lock_event])
[0x0000000002478900] Threads_lock - owner thread: 0x0000000013e21800

Heap:
 PSYoungGen      total 140800K, used 46173K [0x00000000f5580000, 0x00000000fe000000, 0x0000000100000000)
  eden space 139776K, 33% used [0x00000000f5580000,0x00000000f82974b0,0x00000000fde00000)
  from space 1024K, 0% used [0x00000000fde00000,0x00000000fde00000,0x00000000fdf00000)
  to   space 1024K, 0% used [0x00000000fdf00000,0x00000000fdf00000,0x00000000fe000000)
 ParOldGen       total 97280K, used 45335K [0x00000000e0000000, 0x00000000e5f00000, 0x00000000f5580000)
  object space 97280K, 46% used [0x00000000e0000000,0x00000000e2c45db8,0x00000000e5f00000)
 Metaspace       used 87451K, capacity 93814K, committed 93952K, reserved 1130496K
  class space    used 10558K, capacity 12745K, committed 12800K, reserved 1048576K

Card table byte_map: [0x0000000011970000,0x0000000011a80000] byte_map_base: 0x0000000011270000

Marking Bits: (ParMarkBitMap*) 0x000000005a47a5b0
 Begin Bits: [0x0000000012330000, 0x0000000012b30000)
 End Bits:   [0x0000000012b30000, 0x0000000013330000)

Polling page: 0x0000000002370000

CodeCache: size=245760Kb used=38036Kb max_used=38225Kb free=207723Kb
 bounds [0x00000000025b0000, 0x0000000004b60000, 0x00000000115b0000]
 total_blobs=11140 nmethods=10229 adapters=818
 compilation: enabled

Compilation events (10 events):
Event: 19379.214 Thread 0x000000001502b800 12842       3       sun.misc.Unsafe::getAndSetObject (24 bytes)
Event: 19379.214 Thread 0x000000001502b800 nmethod 12842 0x0000000003813450 code [0x00000000038135c0, 0x00000000038137d0]
Event: 19379.214 Thread 0x000000001502b800 12845       3       org.eclipse.osgi.internal.framework.EquinoxContainerAdaptor::clearManifestCache (84 bytes)
Event: 19379.216 Thread 0x000000001502b800 nmethod 12845 0x0000000004426450 code [0x00000000044266a0, 0x0000000004427db8]
Event: 19379.216 Thread 0x000000001502b800 12846   !   3       org.eclipse.osgi.storage.BundleInfo$Generation::clearManifestCache (30 bytes)
Event: 19379.216 Thread 0x000000001502b800 nmethod 12846 0x0000000002ba0490 code [0x0000000002ba0620, 0x0000000002ba0c68]
Event: 19379.216 Thread 0x000000001502b800 12844   !   3       org.eclipse.osgi.container.ModuleDatabase::getRevisionsTimestamp (25 bytes)
Event: 19379.217 Thread 0x000000001502b800 nmethod 12844 0x0000000002c66510 code [0x0000000002c66720, 0x0000000002c67458]
Event: 19379.217 Thread 0x0000000015022800 nmethod 12847 0x0000000003252750 code [0x00000000032528e0, 0x0000000003252cb0]
Event: 19379.279 Thread 0x000000001500e000 nmethod 12816 0x000000000406ead0 code [0x000000000406ef00, 0x0000000004073018]

GC Heap History (10 events):
Event: 19205.535 GC heap before
{Heap before GC invocations=166 (full 79):
 PSYoungGen      total 140800K, used 96K [0x00000000f5580000, 0x00000000fe000000, 0x0000000100000000)
  eden space 139776K, 0% used [0x00000000f5580000,0x00000000f5580000,0x00000000fde00000)
  from space 1024K, 9% used [0x00000000fde00000,0x00000000fde18000,0x00000000fdf00000)
  to   space 1024K, 0% used [0x00000000fdf00000,0x00000000fdf00000,0x00000000fe000000)
 ParOldGen       total 97280K, used 45176K [0x00000000e0000000, 0x00000000e5f00000, 0x00000000f5580000)
  object space 97280K, 46% used [0x00000000e0000000,0x00000000e2c1e0b8,0x00000000e5f00000)
 Metaspace       used 86527K, capacity 93050K, committed 93312K, reserved 1130496K
  class space    used 10458K, capacity 12645K, committed 12672K, reserved 1048576K
Event: 19205.679 GC heap after
Heap after GC invocations=166 (full 79):
 PSYoungGen      total 140800K, used 0K [0x00000000f5580000, 0x00000000fe000000, 0x0000000100000000)
  eden space 139776K, 0% used [0x00000000f5580000,0x00000000f5580000,0x00000000fde00000)
  from space 1024K, 0% used [0x00000000fde00000,0x00000000fde00000,0x00000000fdf00000)
  to   space 1024K, 0% used [0x00000000fdf00000,0x00000000fdf00000,0x00000000fe000000)
 ParOldGen       total 97280K, used 45166K [0x00000000e0000000, 0x00000000e5f00000, 0x00000000f5580000)
  object space 97280K, 46% used [0x00000000e0000000,0x00000000e2c1ba28,0x00000000e5f00000)
 Metaspace       used 86527K, capacity 93050K, committed 93312K, reserved 1130496K
  class space    used 10458K, capacity 12645K, committed 12672K, reserved 1048576K
}
Event: 19265.529 GC heap before
{Heap before GC invocations=167 (full 79):
 PSYoungGen      total 140800K, used 3889K [0x00000000f5580000, 0x00000000fe000000, 0x0000000100000000)
  eden space 139776K, 2% used [0x00000000f5580000,0x00000000f594c4e0,0x00000000fde00000)
  from space 1024K, 0% used [0x00000000fde00000,0x00000000fde00000,0x00000000fdf00000)
  to   space 1024K, 0% used [0x00000000fdf00000,0x00000000fdf00000,0x00000000fe000000)
 ParOldGen       total 97280K, used 45166K [0x00000000e0000000, 0x00000000e5f00000, 0x00000000f5580000)
  object space 97280K, 46% used [0x00000000e0000000,0x00000000e2c1ba28,0x00000000e5f00000)
 Metaspace       used 86527K, capacity 93050K, committed 93312K, reserved 1130496K
  class space    used 10458K, capacity 12645K, committed 12672K, reserved 1048576K
Event: 19265.535 GC heap after
Heap after GC invocations=167 (full 79):
 PSYoungGen      total 140800K, used 128K [0x00000000f5580000, 0x00000000fe000000, 0x0000000100000000)
  eden space 139776K, 0% used [0x00000000f5580000,0x00000000f5580000,0x00000000fde00000)
  from space 1024K, 12% used [0x00000000fdf00000,0x00000000fdf20000,0x00000000fe000000)
  to   space 1024K, 0% used [0x00000000fde00000,0x00000000fde00000,0x00000000fdf00000)
 ParOldGen       total 97280K, used 45166K [0x00000000e0000000, 0x00000000e5f00000, 0x00000000f5580000)
  object space 97280K, 46% used [0x00000000e0000000,0x00000000e2c1ba28,0x00000000e5f00000)
 Metaspace       used 86527K, capacity 93050K, committed 93312K, reserved 1130496K
  class space    used 10458K, capacity 12645K, committed 12672K, reserved 1048576K
}
Event: 19265.535 GC heap before
{Heap before GC invocations=168 (full 80):
 PSYoungGen      total 140800K, used 128K [0x00000000f5580000, 0x00000000fe000000, 0x0000000100000000)
  eden space 139776K, 0% used [0x00000000f5580000,0x00000000f5580000,0x00000000fde00000)
  from space 1024K, 12% used [0x00000000fdf00000,0x00000000fdf20000,0x00000000fe000000)
  to   space 1024K, 0% used [0x00000000fde00000,0x00000000fde00000,0x00000000fdf00000)
 ParOldGen       total 97280K, used 45166K [0x00000000e0000000, 0x00000000e5f00000, 0x00000000f5580000)
  object space 97280K, 46% used [0x00000000e0000000,0x00000000e2c1ba28,0x00000000e5f00000)
 Metaspace       used 86527K, capacity 93050K, committed 93312K, reserved 1130496K
  class space    used 10458K, capacity 12645K, committed 12672K, reserved 1048576K
Event: 19265.673 GC heap after
Heap after GC invocations=168 (full 80):
 PSYoungGen      total 140800K, used 0K [0x00000000f5580000, 0x00000000fe000000, 0x0000000100000000)
  eden space 139776K, 0% used [0x00000000f5580000,0x00000000f5580000,0x00000000fde00000)
  from space 1024K, 0% used [0x00000000fdf00000,0x00000000fdf00000,0x00000000fe000000)
  to   space 1024K, 0% used [0x00000000fde00000,0x00000000fde00000,0x00000000fdf00000)
 ParOldGen       total 97280K, used 45175K [0x00000000e0000000, 0x00000000e5f00000, 0x00000000f5580000)
  object space 97280K, 46% used [0x00000000e0000000,0x00000000e2c1dc08,0x00000000e5f00000)
 Metaspace       used 86527K, capacity 93050K, committed 93312K, reserved 1130496K
  class space    used 10458K, capacity 12645K, committed 12672K, reserved 1048576K
}
Event: 19325.541 GC heap before
{Heap before GC invocations=169 (full 80):
 PSYoungGen      total 140800K, used 8582K [0x00000000f5580000, 0x00000000fe000000, 0x0000000100000000)
  eden space 139776K, 6% used [0x00000000f5580000,0x00000000f5de19e0,0x00000000fde00000)
  from space 1024K, 0% used [0x00000000fdf00000,0x00000000fdf00000,0x00000000fe000000)
  to   space 1024K, 0% used [0x00000000fde00000,0x00000000fde00000,0x00000000fdf00000)
 ParOldGen       total 97280K, used 45175K [0x00000000e0000000, 0x00000000e5f00000, 0x00000000f5580000)
  object space 97280K, 46% used [0x00000000e0000000,0x00000000e2c1dc08,0x00000000e5f00000)
 Metaspace       used 86531K, capacity 93050K, committed 93312K, reserved 1130496K
  class space    used 10458K, capacity 12645K, committed 12672K, reserved 1048576K
Event: 19325.569 GC heap after
Heap after GC invocations=169 (full 80):
 PSYoungGen      total 140800K, used 480K [0x00000000f5580000, 0x00000000fe000000, 0x0000000100000000)
  eden space 139776K, 0% used [0x00000000f5580000,0x00000000f5580000,0x00000000fde00000)
  from space 1024K, 46% used [0x00000000fde00000,0x00000000fde78000,0x00000000fdf00000)
  to   space 1024K, 0% used [0x00000000fdf00000,0x00000000fdf00000,0x00000000fe000000)
 ParOldGen       total 97280K, used 45175K [0x00000000e0000000, 0x00000000e5f00000, 0x00000000f5580000)
  object space 97280K, 46% used [0x00000000e0000000,0x00000000e2c1dc08,0x00000000e5f00000)
 Metaspace       used 86531K, capacity 93050K, committed 93312K, reserved 1130496K
  class space    used 10458K, capacity 12645K, committed 12672K, reserved 1048576K
}
Event: 19325.569 GC heap before
{Heap before GC invocations=170 (full 81):
 PSYoungGen      total 140800K, used 480K [0x00000000f5580000, 0x00000000fe000000, 0x0000000100000000)
  eden space 139776K, 0% used [0x00000000f5580000,0x00000000f5580000,0x00000000fde00000)
  from space 1024K, 46% used [0x00000000fde00000,0x00000000fde78000,0x00000000fdf00000)
  to   space 1024K, 0% used [0x00000000fdf00000,0x00000000fdf00000,0x00000000fe000000)
 ParOldGen       total 97280K, used 45175K [0x00000000e0000000, 0x00000000e5f00000, 0x00000000f5580000)
  object space 97280K, 46% used [0x00000000e0000000,0x00000000e2c1dc08,0x00000000e5f00000)
 Metaspace       used 86531K, capacity 93050K, committed 93312K, reserved 1130496K
  class space    used 10458K, capacity 12645K, committed 12672K, reserved 1048576K
Event: 19325.694 GC heap after
Heap after GC invocations=170 (full 81):
 PSYoungGen      total 140800K, used 0K [0x00000000f5580000, 0x00000000fe000000, 0x0000000100000000)
  eden space 139776K, 0% used [0x00000000f5580000,0x00000000f5580000,0x00000000fde00000)
  from space 1024K, 0% used [0x00000000fde00000,0x00000000fde00000,0x00000000fdf00000)
  to   space 1024K, 0% used [0x00000000fdf00000,0x00000000fdf00000,0x00000000fe000000)
 ParOldGen       total 97280K, used 45335K [0x00000000e0000000, 0x00000000e5f00000, 0x00000000f5580000)
  object space 97280K, 46% used [0x00000000e0000000,0x00000000e2c45db8,0x00000000e5f00000)
 Metaspace       used 86531K, capacity 93050K, committed 93312K, reserved 1130496K
  class space    used 10458K, capacity 12645K, committed 12672K, reserved 1048576K
}

Deoptimization events (10 events):
Event: 19377.569 Thread 0x000000001822f000 Uncommon trap: reason=unstable_if action=reinterpret pc=0x00000000038bfcd8 method=org.eclipse.e4.ui.internal.workbench.swt.E4Application$1.syncExec(Ljava/lang/Runnable;)V @ 14
Event: 19377.569 Thread 0x000000001822f000 Uncommon trap: reason=unstable_if action=reinterpret pc=0x0000000003cc93c8 method=org.eclipse.e4.ui.internal.workbench.swt.E4Application$1.syncExec(Ljava/lang/Runnable;)V @ 14
Event: 19377.743 Thread 0x0000000018230800 Uncommon trap: reason=unstable_if action=reinterpret pc=0x0000000003643a98 method=org.eclipse.equinox.internal.event.EventHandlerTracker.getHandlers(Ljava/lang/String;)Ljava/util/Set; @ 28
Event: 19377.744 Thread 0x0000000018230800 Uncommon trap: reason=class_check action=maybe_recompile pc=0x0000000004b4b708 method=org.eclipse.e4.core.internal.contexts.TrackableComputationExt.update(Lorg/eclipse/e4/core/internal/contexts/ContextChangeEvent;)Z @ 62
Event: 19377.744 Thread 0x0000000018230800 Uncommon trap: reason=class_check action=maybe_recompile pc=0x0000000004b3a898 method=org.eclipse.e4.core.internal.contexts.ContextObjectSupplier$ContextInjectionListener.update(Lorg/eclipse/e4/core/contexts/IEclipseContext;I[Ljava/lang/Object;)Z @ 173
Event: 19377.744 Thread 0x0000000018230800 Uncommon trap: reason=class_check action=maybe_recompile pc=0x0000000004b4b708 method=org.eclipse.e4.core.internal.contexts.TrackableComputationExt.update(Lorg/eclipse/e4/core/internal/contexts/ContextChangeEvent;)Z @ 62
Event: 19377.744 Thread 0x0000000018230800 Uncommon trap: reason=class_check action=maybe_recompile pc=0x0000000004b3a898 method=org.eclipse.e4.core.internal.contexts.ContextObjectSupplier$ContextInjectionListener.update(Lorg/eclipse/e4/core/contexts/IEclipseContext;I[Ljava/lang/Object;)Z @ 173
Event: 19377.988 Thread 0x0000000018230800 Uncommon trap: reason=unstable_if action=reinterpret pc=0x00000000047e2ca4 method=org.eclipse.swt.graphics.Resource.dispose()V @ 15
Event: 19378.973 Thread 0x0000000018230800 Uncommon trap: reason=unstable_if action=reinterpret pc=0x00000000032bf6f0 method=org.eclipse.osgi.internal.hooks.EclipseLazyStarter.shouldActivateFor(Ljava/lang/String;Lorg/eclipse/osgi/container/Module;Lorg/eclipse/osgi/container/ModuleRevision;Lorg/ecligš‰šÌìÒ@
Event: 19379.197 Thread 0x0000000018230800 Uncommon trap: reason=unstable_if action=reinterpret pc=0x000000000387e1dc method=sun.reflect.UnsafeStaticObjectFieldAccessorImpl.set(Ljava/lang/Object;Ljava/lang/Object;)V @ 13

Internal exceptions (10 events):
Event: 19367.259 Thread 0x000000000251e800 Implicit null exception at 0x000000000442699e to 0x000000000442728d
Event: 19376.128 Thread 0x000000000251e800 Implicit null exception at 0x000000000420e2bd to 0x000000000420e321
Event: 19376.149 Thread 0x000000000251e800 Implicit null exception at 0x00000000026c0253 to 0x00000000026c02ee
Event: 19377.449 Thread 0x000000001823b800 Implicit null exception at 0x0000000002cef552 to 0x0000000002cf2265
Event: 19377.868 Thread 0x0000000018056800 Exception <a 'java/lang/InterruptedException'> (0x00000000f7c22178) thrown at [C:\re\workspace\8-2-build-windows-amd64-cygwin\jdk8u66\5298\hotspot\src\share\vm\runtime\objectMonitor.cpp, line 1683]
Event: 19379.157 Thread 0x000000001822f000 Exception <a 'java/lang/InterruptedException'> (0x00000000f5c092b0) thrown at [C:\re\workspace\8-2-build-windows-amd64-cygwin\jdk8u66\5298\hotspot\src\share\vm\runtime\objectMonitor.cpp, line 1683]
Event: 19379.197 Thread 0x0000000018230800 Implicit null exception at 0x000000000387ddd3 to 0x000000000387e1c9
Event: 19379.200 Thread 0x0000000016e89000 Exception <a 'java/lang/InterruptedException'> (0x00000000f7f18c70) thrown at [C:\re\workspace\8-2-build-windows-amd64-cygwin\jdk8u66\5298\hotspot\src\share\vm\runtime\objectMonitor.cpp, line 1683]
Event: 19379.205 Thread 0x0000000018230000 Exception <a 'java/lang/InterruptedException'> (0x00000000f73460e0) thrown at [C:\re\workspace\8-2-build-windows-amd64-cygwin\jdk8u66\5298\hotspot\src\share\vm\runtime\objectMonitor.cpp, line 1683]
Event: 19379.206 Thread 0x0000000015046000 Exception <a 'java/lang/InterruptedException'> (0x00000000f81c8c08) thrown at [C:\re\workspace\8-2-build-windows-amd64-cygwin\jdk8u66\5298\hotspot\src\share\vm\runtime\objectMonitor.cpp, line 1683]

Events (10 events):
Event: 19379.266 loading class java/util/IdentityHashMap$KeyIterator done
Event: 19379.266 Thread 0x0000000018230800 Thread added: 0x0000000018230800
Event: 19379.266 Executing VM operation: RevokeBias
Event: 19379.266 Executing VM operation: RevokeBias done
Event: 19379.266 Executing VM operation: RevokeBias
Event: 19379.266 Executing VM operation: RevokeBias done
Event: 19379.266 Executing VM operation: RevokeBias
Event: 19379.266 Executing VM operation: RevokeBias done
Event: 19379.266 Thread 0x0000000018230800 Thread exited: 0x0000000018230800
Event: 19379.344 Executing VM operation: Exit


Dynamic libraries:
0x0000000000400000 - 0x000000000044f000 	F:\ECE532\SDK\2016.2\eclipse\win64.o\eclipse.exe
0x0000000076e90000 - 0x000000007703a000 	C:\Windows\SYSTEM32\ntdll.dll
0x0000000076c70000 - 0x0000000076d8f000 	C:\Windows\system32\kernel32.dll
0x000007fefcc10000 - 0x000007fefcc7a000 	C:\Windows\system32\KERNELBASE.dll
0x0000000076d90000 - 0x0000000076e8a000 	C:\Windows\system32\USER32.dll
0x000007fefe750000 - 0x000007fefe7b7000 	C:\Windows\system32\GDI32.dll
0x000007fefe620000 - 0x000007fefe62e000 	C:\Windows\system32\LPK.dll
0x000007fefeff0000 - 0x000007feff0ba000 	C:\Windows\system32\USP10.dll
0x000007fefe000000 - 0x000007fefe09f000 	C:\Windows\system32\msvcrt.dll
0x000007fefc0f0000 - 0x000007fefc2e4000 	C:\Windows\WinSxS\amd64_microsoft.windows.common-controls_6595b64144ccf1df_6.0.7601.18837_none_fa3b1e3d17594757\COMCTL32.dll
0x000007fefe5a0000 - 0x000007fefe611000 	C:\Windows\system32\SHLWAPI.dll
0x000007fefe0a0000 - 0x000007fefe0ce000 	C:\Windows\system32\IMM32.DLL
0x000007fefe630000 - 0x000007fefe739000 	C:\Windows\system32\MSCTF.dll
0x0000000072000000 - 0x0000000072012000 	F:\ECE532\SDK\2016.2\eclipse\win64.o\plugins\org.eclipse.equinox.launcher.win32.win32.x86_64_1.1.300.v20150602-1417\eclipse_1611.dll
0x000007feff0c0000 - 0x000007feff19b000 	C:\Windows\system32\ADVAPI32.dll
0x000007fefeaf0000 - 0x000007fefeb0f000 	C:\Windows\SYSTEM32\sechost.dll
0x000007fefd140000 - 0x000007fefd26d000 	C:\Windows\system32\RPCRT4.dll
0x000007fefb510000 - 0x000007fefb51c000 	C:\Windows\system32\VERSION.dll
0x000007fefac90000 - 0x000007feface6000 	C:\Windows\system32\uxtheme.dll
0x0000000059c70000 - 0x000000005a4f9000 	F:\ECE532\SDK\2016.2\tps\win64\jre\bin\server\jvm.dll
0x000007fefb010000 - 0x000007fefb019000 	C:\Windows\system32\WSOCK32.dll
0x000007fefe0d0000 - 0x000007fefe11d000 	C:\Windows\system32\WS2_32.dll
0x000007fefe740000 - 0x000007fefe748000 	C:\Windows\system32\NSI.dll
0x000007fef9ca0000 - 0x000007fef9cdb000 	C:\Windows\system32\WINMM.dll
0x0000000077060000 - 0x0000000077067000 	C:\Windows\system32\PSAPI.DLL
0x0000000072a90000 - 0x0000000072b62000 	C:\Windows\system32\MSVCR100.dll
0x0000000069450000 - 0x000000006945f000 	F:\ECE532\SDK\2016.2\tps\win64\jre\bin\verify.dll
0x00000000650a0000 - 0x00000000650c9000 	F:\ECE532\SDK\2016.2\tps\win64\jre\bin\java.dll
0x0000000066bb0000 - 0x0000000066bc6000 	F:\ECE532\SDK\2016.2\tps\win64\jre\bin\zip.dll
0x000007fefd270000 - 0x000007fefdffa000 	C:\Windows\system32\SHELL32.dll
0x000007fefcf30000 - 0x000007fefd133000 	C:\Windows\system32\ole32.dll
0x000007fefcb70000 - 0x000007fefcb7f000 	C:\Windows\system32\profapi.dll
0x000007fefc2f0000 - 0x000007fefc308000 	C:\Windows\system32\CRYPTSP.dll
0x000007fefbd90000 - 0x000007fefbdd7000 	C:\Windows\system32\rsaenh.dll
0x000007fefcba0000 - 0x000007fefcbbe000 	C:\Windows\system32\USERENV.dll
0x000007fefc9d0000 - 0x000007fefc9df000 	C:\Windows\system32\CRYPTBASE.dll
0x0000000066990000 - 0x00000000669aa000 	F:\ECE532\SDK\2016.2\tps\win64\jre\bin\net.dll
0x000007fefc090000 - 0x000007fefc0e5000 	C:\Windows\system32\mswsock.dll
0x000007fefc080000 - 0x000007fefc087000 	C:\Windows\System32\wship6.dll
0x000007fefc490000 - 0x000007fefc4b7000 	C:\Windows\system32\IPHLPAPI.DLL
0x000007fefc480000 - 0x000007fefc48b000 	C:\Windows\system32\WINNSI.DLL
0x000007fef8ec0000 - 0x000007fef8ed8000 	C:\Windows\system32\dhcpcsvc.DLL
0x000007fef8ea0000 - 0x000007fef8eb1000 	C:\Windows\system32\dhcpcsvc6.DLL
0x0000000065470000 - 0x0000000065481000 	F:\ECE532\SDK\2016.2\tps\win64\jre\bin\nio.dll
0x000007fefbec0000 - 0x000007fefbed5000 	C:\Windows\system32\NLAapi.dll
0x000007feed750000 - 0x000007feed765000 	C:\Windows\system32\napinsp.dll
0x000007feed730000 - 0x000007feed749000 	C:\Windows\system32\pnrpnsp.dll
0x000007fefbf10000 - 0x000007fefbf6b000 	C:\Windows\system32\DNSAPI.dll
0x000007feed720000 - 0x000007feed72b000 	C:\Windows\System32\winrnr.dll
0x000007feed710000 - 0x000007feed720000 	C:\Windows\system32\wshbth.dll
0x000007fef0790000 - 0x000007fef07be000 	C:\Program Files\Common Files\Microsoft Shared\Windows Live\WLIDNSP.DLL
0x000007fefb520000 - 0x000007fefb527000 	C:\Windows\System32\wshtcpip.dll
0x000007fef0780000 - 0x000007fef0788000 	C:\Windows\system32\rasadhlp.dll
0x000007fef8ee0000 - 0x000007fef8f33000 	C:\Windows\System32\fwpuclnt.dll
0x0000000018b30000 - 0x0000000018bd8000 	C:\Users\Qmyang\.Xilinx\SDK\2016.2\org.eclipse.osgi\312\0\.cp\swt-win32-4527.dll
0x000007fefe4c0000 - 0x000007fefe59a000 	C:\Windows\system32\OLEAUT32.dll
0x000007fefe120000 - 0x000007fefe1b7000 	C:\Windows\system32\comdlg32.dll
0x000007fef5000000 - 0x000007fef5071000 	C:\Windows\system32\WINSPOOL.DRV
0x000007fefe7c0000 - 0x000007fefeae1000 	C:\Windows\system32\WININET.dll
0x000007fefcee0000 - 0x000007fefcee4000 	C:\Windows\system32\api-ms-win-downlevel-user32-l1-1-0.dll
0x000007fefcbf0000 - 0x000007fefcbf4000 	C:\Windows\system32\api-ms-win-downlevel-shlwapi-l1-1-0.dll
0x000007fefcbe0000 - 0x000007fefcbe4000 	C:\Windows\system32\api-ms-win-downlevel-version-l1-1-0.dll
0x000007fefcc00000 - 0x000007fefcc03000 	C:\Windows\system32\api-ms-win-downlevel-normaliz-l1-1-0.dll
0x0000000077050000 - 0x0000000077053000 	C:\Windows\system32\normaliz.DLL
0x000007fefeca0000 - 0x000007fefef69000 	C:\Windows\system32\iertutil.dll
0x000007fefcb90000 - 0x000007fefcb95000 	C:\Windows\system32\api-ms-win-downlevel-advapi32-l1-1-0.dll
0x000007fefcd60000 - 0x000007fefcecd000 	C:\Windows\system32\CRYPT32.dll
0x000007fefcb80000 - 0x000007fefcb8f000 	C:\Windows\system32\MSASN1.dll
0x000007fefa830000 - 0x000007fefa848000 	C:\Windows\system32\dwmapi.dll
0x000007fefacf0000 - 0x000007fefae1c000 	C:\Windows\system32\propsys.dll
0x000007fefe1c0000 - 0x000007fefe259000 	C:\Windows\system32\CLBCatQ.DLL
0x00000000174d0000 - 0x00000000174ee000 	C:\Users\Qmyang\.Xilinx\SDK\2016.2\org.eclipse.osgi\312\0\.cp\swt-gdip-win32-4527.dll
0x000007fefaa70000 - 0x000007fefac86000 	C:\Windows\WinSxS\amd64_microsoft.windows.gdiplus_6595b64144ccf1df_1.1.7601.23688_none_145d575e8b8eb5b3\gdiplus.dll
0x000007fefa680000 - 0x000007fefa7e1000 	C:\Windows\system32\WindowsCodecs.dll
0x0000000180000000 - 0x0000000180012000 	C:\Users\Qmyang\.Xilinx\SDK\2016.2\org.eclipse.osgi\126\0\.cp\os\win32\x86_64\localfile_1_0_0.dll
0x000007feeb510000 - 0x000007feeb564000 	C:\Windows\system32\oleacc.dll
0x000007fef6350000 - 0x000007fef6357000 	C:\Windows\system32\msimg32.dll
0x000007fefcac0000 - 0x000007fefcad4000 	C:\Windows\system32\RpcRtRemote.dll
0x000007fefc970000 - 0x000007fefc9c7000 	C:\Windows\system32\apphelp.dll
0x000007feecd70000 - 0x000007feecd81000 	C:\Users\Qmyang\.Xilinx\SDK\2016.2\org.eclipse.osgi\129\0\.cp\jWinHttp-1.0.0.dll
0x000007fefa0e0000 - 0x000007fefa151000 	C:\Windows\system32\WINHTTP.dll
0x000007fefa070000 - 0x000007fefa0d5000 	C:\Windows\system32\webio.dll
0x000007fef66c0000 - 0x000007fef66cf000 	F:\ECE532\SDK\2016.2\lib\win64.o\librdi_repo_manager.dll
0x000007feecd40000 - 0x000007feecd6a000 	F:\ECE532\SDK\2016.2\lib\win64.o\libisl_sysinfo.dll
0x000007fef6500000 - 0x000007fef65d4000 	C:\Windows\system32\MSVCR110.dll
0x000007fef6410000 - 0x000007fef64b7000 	C:\Windows\system32\MSVCP110.dll
0x000007feb76e0000 - 0x000007feb8120000 	F:\ECE532\SDK\2016.2\lib\win64.o\librdi_common.dll
0x000007feb7370000 - 0x000007feb76de000 	F:\ECE532\SDK\2016.2\lib\win64.o\libCOIN-all.dll
0x000007feb7150000 - 0x000007feb736f000 	F:\ECE532\SDK\2016.2\lib\win64.o\libXil_lmgr11.dll
0x000007fefa540000 - 0x000007fefa556000 	C:\Windows\system32\NETAPI32.dll
0x000007fefbba0000 - 0x000007fefbbac000 	C:\Windows\system32\netutils.dll
0x000007fefc870000 - 0x000007fefc893000 	C:\Windows\system32\srvcli.dll
0x000007fefbbf0000 - 0x000007fefbc05000 	C:\Windows\system32\wkscli.dll
0x000007fefcc80000 - 0x000007fefccbb000 	C:\Windows\system32\WINTRUST.dll
0x000007feecd30000 - 0x000007feecd40000 	F:\ECE532\SDK\2016.2\lib\win64.o\libboost_date_time.dll
0x000007feecd00000 - 0x000007feecd24000 	F:\ECE532\SDK\2016.2\lib\win64.o\libboost_filesystem.dll
0x000007feeccf0000 - 0x000007feeccf9000 	F:\ECE532\SDK\2016.2\lib\win64.o\libboost_system.dll
0x000007fec2190000 - 0x000007fec2207000 	F:\ECE532\SDK\2016.2\lib\win64.o\libboost_program_options.dll
0x000007febf6c0000 - 0x000007febf7c6000 	F:\ECE532\SDK\2016.2\lib\win64.o\libboost_regex.dll
0x000007fee7c90000 - 0x000007fee7ca3000 	F:\ECE532\SDK\2016.2\lib\win64.o\libboost_signals.dll
0x000007fee7c70000 - 0x000007fee7c8d000 	F:\ECE532\SDK\2016.2\lib\win64.o\libboost_thread.dll
0x000007feeccc0000 - 0x000007feecccb000 	F:\ECE532\SDK\2016.2\lib\win64.o\libboost_chrono.dll
0x000007feeaea0000 - 0x000007feeaeab000 	F:\ECE532\SDK\2016.2\lib\win64.o\libboost_xilinx.dll
0x000007febf640000 - 0x000007febf6c0000 	F:\ECE532\SDK\2016.2\lib\win64.o\libhdlpsolve.dll
0x000007febdfc0000 - 0x000007febe05a000 	F:\ECE532\SDK\2016.2\lib\win64.o\libhdxml.dll
0x000007feb6ce0000 - 0x000007feb7145e00 	F:\ECE532\SDK\2016.2\lib\win64.o\libisl_iostreams.dll
0x000007fee7c50000 - 0x000007fee7c66000 	F:\ECE532\SDK\2016.2\lib\win64.o\libboost_iostreams.dll
0x000007fecce60000 - 0x000007fecce83000 	F:\ECE532\SDK\2016.2\lib\win64.o\librdizlib.dll
0x000007fecce30000 - 0x000007fecce53000 	F:\ECE532\SDK\2016.2\lib\win64.o\libisl_iosutils.dll
0x000007fee7940000 - 0x000007fee7955000 	F:\ECE532\SDK\2016.2\lib\win64.o\pthreadVC2.dll
0x000007febdf60000 - 0x000007febdfb4000 	F:\ECE532\SDK\2016.2\lib\win64.o\librdi_commonxillic.dll
0x000007feb6bb0000 - 0x000007feb6ce0000 	F:\ECE532\SDK\2016.2\lib\win64.o\librdi_curl.dll
0x000007fecc2a0000 - 0x000007fecc2b8000 	F:\ECE532\SDK\2016.2\lib\win64.o\librdiconfig.dll
0x0000000063140000 - 0x0000000063267000 	F:\ECE532\SDK\2016.2\lib\win64.o\tcl85t.dll
0x00000000265b0000 - 0x0000000026813000 	F:\ECE532\SDK\2016.2\lib\win64.o\xerces-c_3_1.dll
0x000007fefeb10000 - 0x000007fefec95000 	C:\Windows\system32\urlmon.dll
0x000007fefced0000 - 0x000007fefced4000 	C:\Windows\system32\api-ms-win-downlevel-ole32-l1-1-0.dll
0x000007fee2c40000 - 0x000007fee2c63000 	C:\Windows\system32\VCOMP110.DLL
0x000007feb69b0000 - 0x000007feb6ba2000 	F:\ECE532\SDK\2016.2\lib\win64.o\librdi_hsm.dll
0x000007febdbf0000 - 0x000007febdc33000 	F:\ECE532\SDK\2016.2\lib\win64.o\librdi_hdf.dll
0x000007feb6720000 - 0x000007feb69a1000 	F:\ECE532\SDK\2016.2\lib\win64.o\librdi_ippcw.dll
0x000007feed3a0000 - 0x000007feed3b6000 	F:\ECE532\SDK\2016.2\eclipse\win64.o\plugins\org.eclipse.cdt.core.win32.x86_64_5.4.0.201509131935\os\win32\x86_64\spawner.dll
0x000007feee0c0000 - 0x000007feee0ca000 	F:\ECE532\SDK\2016.2\lib\win64.o\librdi_jtag_settings.dll
0x000007feed3d0000 - 0x000007feed3f9000 	F:\ECE532\SDK\2016.2\lib\win64.o\librdi_debug_dialog.dll
0x000007feedbf0000 - 0x000007feedbf8000 	F:\ECE532\SDK\2016.2\lib\win64.o\librdi_target_manager.dll
0x0000000071080000 - 0x00000000710a6000 	F:\ECE532\SDK\2016.2\eclipse\win64.o\plugins\gnu.io.rxtx.win32.x86_64_2.1.7.3_v20071015\os\win32\x86_64\rxtxSerial.dll
0x000007feb8330000 - 0x000007feb8b40000 	F:\ECE532\SDK\2016.2\lib\win64.o\libXil_lmgr11FNP.dll
0x000007feee920000 - 0x000007feee92b000 	C:\Windows\system32\snmpapi.dll

VM Arguments:
jvm_args: -Dcom.xilinx.sdk.args.hwspec=F:/image_filter_with_vga/image_filter_test_bench.sdk/design_1_wrapper.hdf -Xms64m -Xmx512m & 
java_command: <unknown>
java_class_path (initial): F:\ECE532\SDK\2016.2\eclipse\win64.o\\plugins/org.eclipse.equinox.launcher_1.3.100.v20150511-1540.jar
Launcher Type: generic

Environment Variables:
JAVA_HOME=C:\Program Files\Java\jdk1.8.0_60
USERNAME=Qmyang
OS=Windows_NT
PROCESSOR_IDENTIFIER=Intel64 Family 6 Model 58 Stepping 9, GenuineIntel



---------------  S Y S T E M  ---------------

OS: Windows 7 , 64 bit Build 7601 (6.1.7601.23677)

CPU:total 8 (4 cores per cpu, 2 threads per core) family 6 model 58 stepping 9, cmov, cx8, fxsr, mmx, sse, sse2, sse3, ssse3, sse4.1, sse4.2, popcnt, avx, aes, clmul, erms, ht, tsc, tscinvbit, tscinv

Memory: 4k page, physical 8252048k(3045572k free), swap 16502236k(10300876k free)

vm_info: Java HotSpot(TM) 64-Bit Server VM (25.66-b18) for windows-amd64 JRE (1.8.0_66-b18), built on Nov  9 2015 10:51:13 by "java_re" with MS VC++ 10.0 (VS2010)

time: Fri Mar 17 22:14:22 2017
elapsed time: 19380 seconds (0d 5h 23m 0s)

