#
# A fatal error has been detected by the Java Runtime Environment:
#
#  Internal Error (0xc000000d), pid=6868, tid=10268
#
# JRE version: Java(TM) SE Runtime Environment (8.0_66-b18) (build 1.8.0_66-b18)
# Java VM: Java HotSpot(TM) 64-Bit Server VM (25.66-b18 mixed mode windows-amd64 compressed oops)
# Problematic frame:
# C  [ntdll.dll+0x96ccf]
#
# Failed to write core dump. Minidumps are not enabled by default on client versions of Windows
#
# If you would like to submit a bug report, please visit:
#   http://bugreport.java.com/bugreport/crash.jsp
#

---------------  T H R E A D  ---------------

Current thread (0x0000000015172000):  VMThread [stack: 0x00000000160c0000,0x00000000161c0000] [id=10268]

siginfo: ExceptionCode=0xc000000d

Registers:
RAX=0x0000000070369a5f, RBX=0x0000000000000000, RCX=0x00000000161bed10, RDX=0x0000000000000000
RSP=0x00000000161bf320, RBP=0x00000000003359e0, RSI=0x000007fef6507408, RDI=0x00000000161bf468
R8 =0x0000000000000000, R9 =0x0000000000000000, R10=0x0000000000000000, R11=0x0000000000000246
R12=0x0000000017706b50, R13=0x0000000017706b20, R14=0x0000000000335ae8, R15=0x0000000000000000
RIP=0x0000000076f26ccf, EFLAGS=0x0000000000000206

Top of Stack: (sp=0x00000000161bf320)
0x00000000161bf320:   0000000000000000 000007fef6507408
0x00000000161bf330:   00000000161bf468 0000000000000000
0x00000000161bf340:   0000000000000050 0000000000260000
0x00000000161bf350:   0000000000000000 0000000000000000
0x00000000161bf360:   0000000000000002 0000000076eddd48
0x00000000161bf370:   00000000c000000d 0000000000000000
0x00000000161bf380:   0000000076f26ccf 0000000000000000
0x00000000161bf390:   0000000000000000 0000000000000000
0x00000000161bf3a0:   0000000000000000 0000000000000000
0x00000000161bf3b0:   0000000000000000 0000000000000000
0x00000000161bf3c0:   0000000000000000 0000000000000000
0x00000000161bf3d0:   0000000000000000 0000000000000000
0x00000000161bf3e0:   0000000000000000 0000000000000000
0x00000000161bf3f0:   0000000000000000 0000000000000000
0x00000000161bf400:   0000000000000000 0000000017706b50
0x00000000161bf410:   0000000000000c78 0000000076cb34a8 

Instructions: (pc=0x0000000076f26ccf)
0x0000000076f26caf:   5d 6c fb ff b9 57 00 00 00 c7 44 24 50 0d 00 00
0x0000000076f26cbf:   c0 e8 4b 6f fb ff 48 8d 4c 24 50 e8 41 1c f8 ff
0x0000000076f26ccf:   4c 8b 1d 02 67 09 00 4d 85 db 74 5b 65 48 8b 04
0x0000000076f26cdf:   25 30 00 00 00 f6 80 ee 17 00 00 08 74 12 65 48 


Register to memory mapping:

RAX=0x0000000070369a5f is an unknown value
RBX=0x0000000000000000 is an unknown value
RCX=0x00000000161bed10 is an unknown value
RDX=0x0000000000000000 is an unknown value
RSP=0x00000000161bf320 is an unknown value
RBP=0x00000000003359e0 is an unknown value
RSI=0x000007fef6507408 is an unknown value
RDI=0x00000000161bf468 is an unknown value
R8 =0x0000000000000000 is an unknown value
R9 =0x0000000000000000 is an unknown value
R10=0x0000000000000000 is an unknown value
R11=0x0000000000000246 is an unknown value
R12=0x0000000017706b50 is an unknown value
R13=0x0000000017706b20 is an unknown value
R14=0x0000000000335ae8 is an unknown value
R15=0x0000000000000000 is an unknown value


Stack: [0x00000000160c0000,0x00000000161c0000],  sp=0x00000000161bf320,  free space=1020k
Native frames: (J=compiled Java code, j=interpreted, Vv=VM code, C=native code)
C  [ntdll.dll+0x96ccf]
C  [kernel32.dll+0x434a8]
C  [MSVCR110.dll+0x752d]
C  [MSVCR110.dll+0x73c6]
C  [MSVCR110.dll+0x14cca]
C  [MSVCR110.dll+0x13edc]
C  [MSVCR110.dll+0x239e]
C  [MSVCR110.dll+0xaf9e]
C  [MSVCP110.dll+0x397b9]
C  [librdi_common.dll+0x182316]
C  [librdi_common.dll+0x180fab]
C  [librdi_target_manager.dll+0x2400]
C  [librdi_target_manager.dll+0x2682]
C  [ntdll.dll+0x22ac1]
C  [ntdll.dll+0x228d0]
C  [MSVCR100.dll+0x20ccd]
V  [jvm.dll+0x210cc5]
V  [jvm.dll+0x249897]
V  [jvm.dll+0x248b36]
V  [jvm.dll+0x248fd1]
V  [jvm.dll+0x2491ee]
V  [jvm.dll+0x29a0fa]
C  [MSVCR100.dll+0x21d9f]
C  [MSVCR100.dll+0x21e3b]
C  [kernel32.dll+0x159cd]
C  [ntdll.dll+0x2a561]

VM_Operation (0x000000000012f4c0): Exit, mode: safepoint, requested by thread 0x000000000025f800


---------------  P R O C E S S  ---------------

Java Threads: ( => current thread )
  0x0000000019f27800 JavaThread "Spawner Reaper" daemon [_thread_in_native, id=6196, stack(0x0000000028d50000,0x0000000028e50000)]
  0x0000000019f22800 JavaThread "Thread-26" daemon [_thread_blocked, id=10304, stack(0x0000000026940000,0x0000000026a40000)]
  0x0000000019f21000 JavaThread "TCF Channel Transmitter" daemon [_thread_blocked, id=10604, stack(0x0000000025370000,0x0000000025470000)]
  0x000000001521d000 JavaThread "TCF Channel Receiver" daemon [_thread_in_native, id=8456, stack(0x0000000024fd0000,0x00000000250d0000)]
  0x0000000019f20000 JavaThread "Process monitor" daemon [_thread_in_native, id=7944, stack(0x0000000023d20000,0x0000000023e20000)]
  0x0000000019f1f800 JavaThread "Input Stream Monitor" daemon [_thread_blocked, id=9324, stack(0x0000000023c20000,0x0000000023d20000)]
  0x0000000019f1e800 JavaThread "Output Stream Monitor" daemon [_thread_in_native, id=6784, stack(0x0000000023b20000,0x0000000023c20000)]
  0x0000000019f1e000 JavaThread "Output Stream Monitor" daemon [_thread_in_native, id=9612, stack(0x0000000023a20000,0x0000000023b20000)]
  0x0000000015229000 JavaThread "TCF Locator DNS Lookup" daemon [_thread_blocked, id=10184, stack(0x0000000022b40000,0x0000000022c40000)]
  0x0000000015228800 JavaThread "TCF Locator Timer" daemon [_thread_blocked, id=8544, stack(0x0000000022a40000,0x0000000022b40000)]
  0x0000000015227800 JavaThread "TCF Locator Receiver" daemon [_thread_in_native, id=8100, stack(0x000000001d650000,0x000000001d750000)]
  0x0000000015226000 JavaThread "TCF Timer Dispatcher" daemon [_thread_blocked, id=7820, stack(0x000000001d430000,0x000000001d530000)]
  0x0000000017fd2800 JavaThread "EMF Reference Cleaner" daemon [_thread_blocked, id=11188, stack(0x000000001ab20000,0x000000001ac20000)]
  0x0000000015273000 JavaThread "Service Thread" daemon [_thread_blocked, id=10944, stack(0x00000000169c0000,0x0000000016ac0000)]
  0x000000001521c800 JavaThread "C1 CompilerThread3" daemon [_thread_blocked, id=7596, stack(0x00000000168c0000,0x00000000169c0000)]
  0x00000000151f3800 JavaThread "C2 CompilerThread2" daemon [_thread_blocked, id=6200, stack(0x00000000167c0000,0x00000000168c0000)]
  0x00000000151e7000 JavaThread "C2 CompilerThread1" daemon [_thread_blocked, id=9304, stack(0x00000000166c0000,0x00000000167c0000)]
  0x00000000151e4800 JavaThread "C2 CompilerThread0" daemon [_thread_blocked, id=7644, stack(0x00000000165c0000,0x00000000166c0000)]
  0x00000000151d4000 JavaThread "Attach Listener" daemon [_thread_blocked, id=4220, stack(0x00000000164c0000,0x00000000165c0000)]
  0x00000000151d3800 JavaThread "Signal Dispatcher" daemon [_thread_blocked, id=10216, stack(0x00000000163c0000,0x00000000164c0000)]
  0x0000000014002800 JavaThread "Finalizer" daemon [_thread_blocked, id=6676, stack(0x00000000162c0000,0x00000000163c0000)]
  0x0000000013ffa000 JavaThread "Reference Handler" daemon [_thread_blocked, id=4944, stack(0x00000000161c0000,0x00000000162c0000)]
  0x000000000025f800 JavaThread "main" [_thread_blocked, id=7696, stack(0x0000000000030000,0x0000000000130000)]

Other Threads:
=>0x0000000015172000 VMThread [stack: 0x00000000160c0000,0x00000000161c0000] [id=10268]

VM state:at safepoint (shutting down)

VM Mutex/Monitor currently owned by a thread:  ([mutex/lock_event])
[0x00000000027a8900] Threads_lock - owner thread: 0x0000000015172000

Heap:
 PSYoungGen      total 117248K, used 88186K [0x00000000f5580000, 0x0000000100000000, 0x0000000100000000)
  eden space 113152K, 77% used [0x00000000f5580000,0x00000000fab9ead0,0x00000000fc400000)
  from space 4096K, 0% used [0x00000000fc400000,0x00000000fc400000,0x00000000fc800000)
  to   space 31232K, 0% used [0x00000000fe180000,0x00000000fe180000,0x0000000100000000)
 ParOldGen       total 97792K, used 59191K [0x00000000e0000000, 0x00000000e5f80000, 0x00000000f5580000)
  object space 97792K, 60% used [0x00000000e0000000,0x00000000e39cddf8,0x00000000e5f80000)
 Metaspace       used 87582K, capacity 94384K, committed 94464K, reserved 1130496K
  class space    used 10731K, capacity 13054K, committed 13056K, reserved 1048576K

Card table byte_map: [0x0000000011c00000,0x0000000011d10000] byte_map_base: 0x0000000011500000

Marking Bits: (ParMarkBitMap*) 0x000000005dcfa5b0
 Begin Bits: [0x0000000012510000, 0x0000000012d10000)
 End Bits:   [0x0000000012d10000, 0x0000000013510000)

Polling page: 0x0000000000240000

CodeCache: size=245760Kb used=29388Kb max_used=29681Kb free=216371Kb
 bounds [0x0000000002840000, 0x0000000004590000, 0x0000000011840000]
 total_blobs=8741 nmethods=7837 adapters=812
 compilation: enabled

Compilation events (10 events):
Event: 367.805 Thread 0x000000001521c800 9804   !   3       org.eclipse.osgi.container.ModuleDatabase::getRevisionsTimestamp (25 bytes)
Event: 367.806 Thread 0x000000001521c800 nmethod 9804 0x0000000003227490 code [0x00000000032276a0, 0x00000000032283d8]
Event: 367.806 Thread 0x000000001521c800 9805       3       org.eclipse.osgi.internal.framework.EquinoxContainerAdaptor::clearManifestCache (84 bytes)
Event: 367.807 Thread 0x000000001521c800 nmethod 9805 0x00000000030f19d0 code [0x00000000030f1c20, 0x00000000030f3338]
Event: 367.807 Thread 0x000000001521c800 9806   !   3       org.eclipse.osgi.storage.BundleInfo$Generation::clearManifestCache (30 bytes)
Event: 367.808 Thread 0x000000001521c800 nmethod 9806 0x000000000352bd90 code [0x000000000352bf20, 0x000000000352c568]
Event: 367.808 Thread 0x000000001521c800 9802       3       sun.misc.Unsafe::getAndSetObject (24 bytes)
Event: 367.808 Thread 0x000000001521c800 nmethod 9802 0x0000000002a61510 code [0x0000000002a61680, 0x0000000002a61890]
Event: 367.809 Thread 0x00000000151f3800 nmethod 9796 0x000000000353e710 code [0x000000000353e8c0, 0x000000000353ed00]
Event: 367.891 Thread 0x00000000151e7000 nmethod 9772 0x0000000004173bd0 code [0x0000000004173f60, 0x00000000041787f8]

GC Heap History (10 events):
Event: 264.867 GC heap before
{Heap before GC invocations=14 (full 3):
 PSYoungGen      total 129024K, used 122976K [0x00000000f5580000, 0x00000000ff780000, 0x0000000100000000)
  eden space 105472K, 100% used [0x00000000f5580000,0x00000000fbc80000,0x00000000fbc80000)
  from space 23552K, 74% used [0x00000000fd480000,0x00000000fe5982b8,0x00000000feb80000)
  to   space 24576K, 0% used [0x00000000fbc80000,0x00000000fbc80000,0x00000000fd480000)
 ParOldGen       total 97792K, used 46845K [0x00000000e0000000, 0x00000000e5f80000, 0x00000000f5580000)
  object space 97792K, 47% used [0x00000000e0000000,0x00000000e2dbf768,0x00000000e5f80000)
 Metaspace       used 78784K, capacity 85382K, committed 85632K, reserved 1122304K
  class space    used 9721K, capacity 11833K, committed 11904K, reserved 1048576K
Event: 264.886 GC heap after
Heap after GC invocations=14 (full 3):
 PSYoungGen      total 130048K, used 24558K [0x00000000f5580000, 0x0000000100000000, 0x0000000100000000)
  eden space 105472K, 0% used [0x00000000f5580000,0x00000000f5580000,0x00000000fbc80000)
  from space 24576K, 99% used [0x00000000fbc80000,0x00000000fd47bb88,0x00000000fd480000)
  to   space 30208K, 0% used [0x00000000fe280000,0x00000000fe280000,0x0000000100000000)
 ParOldGen       total 97792K, used 52338K [0x00000000e0000000, 0x00000000e5f80000, 0x00000000f5580000)
  object space 97792K, 53% used [0x00000000e0000000,0x00000000e331cb48,0x00000000e5f80000)
 Metaspace       used 78784K, capacity 85382K, committed 85632K, reserved 1122304K
  class space    used 9721K, capacity 11833K, committed 11904K, reserved 1048576K
}
Event: 269.946 GC heap before
{Heap before GC invocations=15 (full 3):
 PSYoungGen      total 130048K, used 34965K [0x00000000f5580000, 0x0000000100000000, 0x0000000100000000)
  eden space 105472K, 9% used [0x00000000f5580000,0x00000000f5fa9890,0x00000000fbc80000)
  from space 24576K, 99% used [0x00000000fbc80000,0x00000000fd47bb88,0x00000000fd480000)
  to   space 30208K, 0% used [0x00000000fe280000,0x00000000fe280000,0x0000000100000000)
 ParOldGen       total 97792K, used 52338K [0x00000000e0000000, 0x00000000e5f80000, 0x00000000f5580000)
  object space 97792K, 53% used [0x00000000e0000000,0x00000000e331cb48,0x00000000e5f80000)
 Metaspace       used 80105K, capacity 86742K, committed 87040K, reserved 1124352K
  class space    used 9867K, capacity 11969K, committed 12032K, reserved 1048576K
Event: 269.976 GC heap after
Heap after GC invocations=15 (full 3):
 PSYoungGen      total 143360K, used 20073K [0x00000000f5580000, 0x0000000100000000, 0x0000000100000000)
  eden space 113152K, 0% used [0x00000000f5580000,0x00000000f5580000,0x00000000fc400000)
  from space 30208K, 66% used [0x00000000fe280000,0x00000000ff61a750,0x0000000100000000)
  to   space 30720K, 0% used [0x00000000fc400000,0x00000000fc400000,0x00000000fe200000)
 ParOldGen       total 97792K, used 52346K [0x00000000e0000000, 0x00000000e5f80000, 0x00000000f5580000)
  object space 97792K, 53% used [0x00000000e0000000,0x00000000e331eb48,0x00000000e5f80000)
 Metaspace       used 80105K, capacity 86742K, committed 87040K, reserved 1124352K
  class space    used 9867K, capacity 11969K, committed 12032K, reserved 1048576K
}
Event: 269.976 GC heap before
{Heap before GC invocations=16 (full 4):
 PSYoungGen      total 143360K, used 20073K [0x00000000f5580000, 0x0000000100000000, 0x0000000100000000)
  eden space 113152K, 0% used [0x00000000f5580000,0x00000000f5580000,0x00000000fc400000)
  from space 30208K, 66% used [0x00000000fe280000,0x00000000ff61a750,0x0000000100000000)
  to   space 30720K, 0% used [0x00000000fc400000,0x00000000fc400000,0x00000000fe200000)
 ParOldGen       total 97792K, used 52346K [0x00000000e0000000, 0x00000000e5f80000, 0x00000000f5580000)
  object space 97792K, 53% used [0x00000000e0000000,0x00000000e331eb48,0x00000000e5f80000)
 Metaspace       used 80105K, capacity 86742K, committed 87040K, reserved 1124352K
  class space    used 9867K, capacity 11969K, committed 12032K, reserved 1048576K
Event: 270.345 GC heap after
Heap after GC invocations=16 (full 4):
 PSYoungGen      total 143360K, used 0K [0x00000000f5580000, 0x0000000100000000, 0x0000000100000000)
  eden space 113152K, 0% used [0x00000000f5580000,0x00000000f5580000,0x00000000fc400000)
  from space 30208K, 0% used [0x00000000fe280000,0x00000000fe280000,0x0000000100000000)
  to   space 30720K, 0% used [0x00000000fc400000,0x00000000fc400000,0x00000000fe200000)
 ParOldGen       total 97792K, used 57453K [0x00000000e0000000, 0x00000000e5f80000, 0x00000000f5580000)
  object space 97792K, 58% used [0x00000000e0000000,0x00000000e381b6c0,0x00000000e5f80000)
 Metaspace       used 80105K, capacity 86742K, committed 87040K, reserved 1124352K
  class space    used 9867K, capacity 11969K, committed 12032K, reserved 1048576K
}
Event: 331.769 GC heap before
{Heap before GC invocations=17 (full 4):
 PSYoungGen      total 143360K, used 31980K [0x00000000f5580000, 0x0000000100000000, 0x0000000100000000)
  eden space 113152K, 28% used [0x00000000f5580000,0x00000000f74bb238,0x00000000fc400000)
  from space 30208K, 0% used [0x00000000fe280000,0x00000000fe280000,0x0000000100000000)
  to   space 30720K, 0% used [0x00000000fc400000,0x00000000fc400000,0x00000000fe200000)
 ParOldGen       total 97792K, used 57453K [0x00000000e0000000, 0x00000000e5f80000, 0x00000000f5580000)
  object space 97792K, 58% used [0x00000000e0000000,0x00000000e381b6c0,0x00000000e5f80000)
 Metaspace       used 81778K, capacity 88694K, committed 88832K, reserved 1126400K
  class space    used 10045K, capacity 12255K, committed 12288K, reserved 1048576K
Event: 331.779 GC heap after
Heap after GC invocations=17 (full 4):
 PSYoungGen      total 117248K, used 3784K [0x00000000f5580000, 0x0000000100000000, 0x0000000100000000)
  eden space 113152K, 0% used [0x00000000f5580000,0x00000000f5580000,0x00000000fc400000)
  from space 4096K, 92% used [0x00000000fc400000,0x00000000fc7b2348,0x00000000fc800000)
  to   space 31232K, 0% used [0x00000000fe180000,0x00000000fe180000,0x0000000100000000)
 ParOldGen       total 97792K, used 57525K [0x00000000e0000000, 0x00000000e5f80000, 0x00000000f5580000)
  object space 97792K, 58% used [0x00000000e0000000,0x00000000e382d6d0,0x00000000e5f80000)
 Metaspace       used 81778K, capacity 88694K, committed 88832K, reserved 1126400K
  class space    used 10045K, capacity 12255K, committed 12288K, reserved 1048576K
}
Event: 331.779 GC heap before
{Heap before GC invocations=18 (full 5):
 PSYoungGen      total 117248K, used 3784K [0x00000000f5580000, 0x0000000100000000, 0x0000000100000000)
  eden space 113152K, 0% used [0x00000000f5580000,0x00000000f5580000,0x00000000fc400000)
  from space 4096K, 92% used [0x00000000fc400000,0x00000000fc7b2348,0x00000000fc800000)
  to   space 31232K, 0% used [0x00000000fe180000,0x00000000fe180000,0x0000000100000000)
 ParOldGen       total 97792K, used 57525K [0x00000000e0000000, 0x00000000e5f80000, 0x00000000f5580000)
  object space 97792K, 58% used [0x00000000e0000000,0x00000000e382d6d0,0x00000000e5f80000)
 Metaspace       used 81778K, capacity 88694K, committed 88832K, reserved 1126400K
  class space    used 10045K, capacity 12255K, committed 12288K, reserved 1048576K
Event: 332.217 GC heap after
Heap after GC invocations=18 (full 5):
 PSYoungGen      total 117248K, used 0K [0x00000000f5580000, 0x0000000100000000, 0x0000000100000000)
  eden space 113152K, 0% used [0x00000000f5580000,0x00000000f5580000,0x00000000fc400000)
  from space 4096K, 0% used [0x00000000fc400000,0x00000000fc400000,0x00000000fc800000)
  to   space 31232K, 0% used [0x00000000fe180000,0x00000000fe180000,0x0000000100000000)
 ParOldGen       total 97792K, used 59191K [0x00000000e0000000, 0x00000000e5f80000, 0x00000000f5580000)
  object space 97792K, 60% used [0x00000000e0000000,0x00000000e39cddf8,0x00000000e5f80000)
 Metaspace       used 81778K, capacity 88694K, committed 88832K, reserved 1126400K
  class space    used 10045K, capacity 12255K, committed 12288K, reserved 1048576K
}

Deoptimization events (10 events):
Event: 366.628 Thread 0x0000000015221800 Uncommon trap: reason=unstable_if action=reinterpret pc=0x000000000412c6dc method=org.eclipse.e4.ui.internal.workbench.swt.E4Application$1.syncExec(Ljava/lang/Runnable;)V @ 14
Event: 366.666 Thread 0x00000000265f9000 Uncommon trap: reason=unstable_if action=reinterpret pc=0x00000000044f263c method=org.eclipse.equinox.internal.event.EventHandlerTracker.getHandlers(Ljava/lang/String;)Ljava/util/Set; @ 28
Event: 366.667 Thread 0x00000000265f9000 Uncommon trap: reason=class_check action=maybe_recompile pc=0x00000000044bba80 method=org.eclipse.e4.core.internal.contexts.TrackableComputationExt.update(Lorg/eclipse/e4/core/internal/contexts/ContextChangeEvent;)Z @ 62
Event: 366.667 Thread 0x00000000265f9000 Uncommon trap: reason=class_check action=maybe_recompile pc=0x00000000044bba80 method=org.eclipse.e4.core.internal.contexts.TrackableComputationExt.update(Lorg/eclipse/e4/core/internal/contexts/ContextChangeEvent;)Z @ 62
Event: 367.624 Thread 0x00000000265f9000 Uncommon trap: reason=unstable_if action=reinterpret pc=0x0000000002a6c5c0 method=org.eclipse.osgi.internal.hooks.EclipseLazyStarter.shouldActivateFor(Ljava/lang/String;Lorg/eclipse/osgi/container/Module;Lorg/eclipse/osgi/container/ModuleRevision;Lorg/ecli´dÃNúv@
Event: 367.644 Thread 0x0000000017319000 Uncommon trap: reason=predicate action=maybe_recompile pc=0x00000000034cb15c method=java.util.Arrays.fill([Ljava/lang/Object;Ljava/lang/Object;)V @ 10
Event: 367.669 Thread 0x0000000017319000 Uncommon trap: reason=array_check action=maybe_recompile pc=0x0000000003070b38 method=java.util.Arrays.fill([Ljava/lang/Object;Ljava/lang/Object;)V @ 13
Event: 367.669 Thread 0x0000000017319000 Uncommon trap: reason=array_check action=maybe_recompile pc=0x0000000003070b38 method=java.util.Arrays.fill([Ljava/lang/Object;Ljava/lang/Object;)V @ 13
Event: 367.674 Thread 0x0000000017319000 Uncommon trap: reason=unstable_if action=reinterpret pc=0x0000000003371d3c method=org.eclipse.osgi.internal.framework.BundleContextImpl.dispatchEvent(Ljava/lang/Object;Ljava/lang/Object;ILjava/lang/Object;)V @ 16
Event: 367.789 Thread 0x00000000265f9000 Uncommon trap: reason=unstable_if action=reinterpret pc=0x0000000003357968 method=sun.reflect.UnsafeStaticObjectFieldAccessorImpl.set(Ljava/lang/Object;Ljava/lang/Object;)V @ 13

Internal exceptions (10 events):
Event: 361.234 Thread 0x000000000025f800 Exception <a 'java/io/IOException'> (0x00000000f931bb38) thrown at [C:\re\workspace\8-2-build-windows-amd64-cygwin\jdk8u66\5298\hotspot\src\share\vm\prims\jni.cpp, line 709]
Event: 361.234 Thread 0x000000000025f800 Exception <a 'java/io/IOException'> (0x00000000f931c1c0) thrown at [C:\re\workspace\8-2-build-windows-amd64-cygwin\jdk8u66\5298\hotspot\src\share\vm\prims\jni.cpp, line 709]
Event: 361.234 Thread 0x000000000025f800 Exception <a 'java/io/IOException'> (0x00000000f931c818) thrown at [C:\re\workspace\8-2-build-windows-amd64-cygwin\jdk8u66\5298\hotspot\src\share\vm\prims\jni.cpp, line 709]
Event: 366.703 Thread 0x0000000019f19800 Exception <a 'java/lang/InterruptedException'> (0x00000000fa546b78) thrown at [C:\re\workspace\8-2-build-windows-amd64-cygwin\jdk8u66\5298\hotspot\src\share\vm\runtime\objectMonitor.cpp, line 1683]
Event: 367.744 Thread 0x0000000015221800 Exception <a 'java/lang/InterruptedException'> (0x00000000f5a12680) thrown at [C:\re\workspace\8-2-build-windows-amd64-cygwin\jdk8u66\5298\hotspot\src\share\vm\runtime\objectMonitor.cpp, line 1683]
Event: 367.789 Thread 0x00000000265f9000 Implicit null exception at 0x0000000003357557 to 0x0000000003357955
Event: 367.790 Thread 0x0000000017319000 Exception <a 'java/lang/InterruptedException'> (0x00000000fa89bea8) thrown at [C:\re\workspace\8-2-build-windows-amd64-cygwin\jdk8u66\5298\hotspot\src\share\vm\runtime\objectMonitor.cpp, line 1683]
Event: 367.800 Thread 0x000000001521e800 Exception <a 'java/lang/InterruptedException'> (0x00000000f668e898) thrown at [C:\re\workspace\8-2-build-windows-amd64-cygwin\jdk8u66\5298\hotspot\src\share\vm\runtime\objectMonitor.cpp, line 1683]
Event: 367.800 Thread 0x0000000017c7d000 Exception <a 'java/lang/InterruptedException'> (0x00000000fab0b790) thrown at [C:\re\workspace\8-2-build-windows-amd64-cygwin\jdk8u66\5298\hotspot\src\share\vm\runtime\objectMonitor.cpp, line 1683]
Event: 367.836 Thread 0x00000000265f9000 Exception <a 'java/io/IOException'> (0x00000000fab7f6a0) thrown at [C:\re\workspace\8-2-build-windows-amd64-cygwin\jdk8u66\5298\hotspot\src\share\vm\prims\jni.cpp, line 709]

Events (10 events):
Event: 367.836 Executing VM operation: RevokeBias
Event: 367.836 Executing VM operation: RevokeBias done
Event: 367.836 Executing VM operation: RevokeBias
Event: 367.836 Executing VM operation: RevokeBias done
Event: 367.836 Executing VM operation: RevokeBias
Event: 367.836 Executing VM operation: RevokeBias done
Event: 367.836 Executing VM operation: RevokeBias
Event: 367.836 Executing VM operation: RevokeBias done
Event: 367.836 Thread 0x00000000265f9000 Thread exited: 0x00000000265f9000
Event: 367.892 Executing VM operation: Exit


Dynamic libraries:
0x0000000000400000 - 0x000000000044f000 	F:\ECE532\SDK\2016.2\eclipse\win64.o\eclipse.exe
0x0000000076e90000 - 0x000000007703a000 	C:\Windows\SYSTEM32\ntdll.dll
0x0000000076c70000 - 0x0000000076d8f000 	C:\Windows\system32\kernel32.dll
0x000007fefcc10000 - 0x000007fefcc7a000 	C:\Windows\system32\KERNELBASE.dll
0x0000000076d90000 - 0x0000000076e8a000 	C:\Windows\system32\USER32.dll
0x000007fefe750000 - 0x000007fefe7b7000 	C:\Windows\system32\GDI32.dll
0x000007fefe620000 - 0x000007fefe62e000 	C:\Windows\system32\LPK.dll
0x000007fefeff0000 - 0x000007feff0ba000 	C:\Windows\system32\USP10.dll
0x000007fefe000000 - 0x000007fefe09f000 	C:\Windows\system32\msvcrt.dll
0x000007fefc0f0000 - 0x000007fefc2e4000 	C:\Windows\WinSxS\amd64_microsoft.windows.common-controls_6595b64144ccf1df_6.0.7601.18837_none_fa3b1e3d17594757\COMCTL32.dll
0x000007fefe5a0000 - 0x000007fefe611000 	C:\Windows\system32\SHLWAPI.dll
0x000007fefe0a0000 - 0x000007fefe0ce000 	C:\Windows\system32\IMM32.DLL
0x000007fefe630000 - 0x000007fefe739000 	C:\Windows\system32\MSCTF.dll
0x0000000072000000 - 0x0000000072012000 	F:\ECE532\SDK\2016.2\eclipse\win64.o\plugins\org.eclipse.equinox.launcher.win32.win32.x86_64_1.1.300.v20150602-1417\eclipse_1611.dll
0x000007feff0c0000 - 0x000007feff19b000 	C:\Windows\system32\ADVAPI32.dll
0x000007fefeaf0000 - 0x000007fefeb0f000 	C:\Windows\SYSTEM32\sechost.dll
0x000007fefd140000 - 0x000007fefd26d000 	C:\Windows\system32\RPCRT4.dll
0x000007fefb510000 - 0x000007fefb51c000 	C:\Windows\system32\VERSION.dll
0x000007fefac90000 - 0x000007feface6000 	C:\Windows\system32\uxtheme.dll
0x000000005d4f0000 - 0x000000005dd79000 	F:\ECE532\SDK\2016.2\tps\win64\jre\bin\server\jvm.dll
0x000007fefb010000 - 0x000007fefb019000 	C:\Windows\system32\WSOCK32.dll
0x000007fefe0d0000 - 0x000007fefe11d000 	C:\Windows\system32\WS2_32.dll
0x000007fefe740000 - 0x000007fefe748000 	C:\Windows\system32\NSI.dll
0x000007fef9ca0000 - 0x000007fef9cdb000 	C:\Windows\system32\WINMM.dll
0x0000000077060000 - 0x0000000077067000 	C:\Windows\system32\PSAPI.DLL
0x0000000072a90000 - 0x0000000072b62000 	C:\Windows\system32\MSVCR100.dll
0x0000000065450000 - 0x000000006545f000 	F:\ECE532\SDK\2016.2\tps\win64\jre\bin\verify.dll
0x0000000062fb0000 - 0x0000000062fd9000 	F:\ECE532\SDK\2016.2\tps\win64\jre\bin\java.dll
0x0000000063020000 - 0x0000000063036000 	F:\ECE532\SDK\2016.2\tps\win64\jre\bin\zip.dll
0x000007fefd270000 - 0x000007fefdffa000 	C:\Windows\system32\SHELL32.dll
0x000007fefcf30000 - 0x000007fefd133000 	C:\Windows\system32\ole32.dll
0x000007fefcb70000 - 0x000007fefcb7f000 	C:\Windows\system32\profapi.dll
0x000007fefc2f0000 - 0x000007fefc308000 	C:\Windows\system32\CRYPTSP.dll
0x000007fefbd90000 - 0x000007fefbdd7000 	C:\Windows\system32\rsaenh.dll
0x000007fefcba0000 - 0x000007fefcbbe000 	C:\Windows\system32\USERENV.dll
0x000007fefc9d0000 - 0x000007fefc9df000 	C:\Windows\system32\CRYPTBASE.dll
0x00000000628e0000 - 0x00000000628fa000 	F:\ECE532\SDK\2016.2\tps\win64\jre\bin\net.dll
0x000007fefc090000 - 0x000007fefc0e5000 	C:\Windows\system32\mswsock.dll
0x000007fefc080000 - 0x000007fefc087000 	C:\Windows\System32\wship6.dll
0x000007fefc490000 - 0x000007fefc4b7000 	C:\Windows\system32\IPHLPAPI.DLL
0x000007fefc480000 - 0x000007fefc48b000 	C:\Windows\system32\WINNSI.DLL
0x000007fef8ec0000 - 0x000007fef8ed8000 	C:\Windows\system32\dhcpcsvc.DLL
0x000007fef8ea0000 - 0x000007fef8eb1000 	C:\Windows\system32\dhcpcsvc6.DLL
0x00000000628c0000 - 0x00000000628d1000 	F:\ECE532\SDK\2016.2\tps\win64\jre\bin\nio.dll
0x000007fefbec0000 - 0x000007fefbed5000 	C:\Windows\system32\NLAapi.dll
0x000007feed750000 - 0x000007feed765000 	C:\Windows\system32\napinsp.dll
0x000007feed730000 - 0x000007feed749000 	C:\Windows\system32\pnrpnsp.dll
0x000007fefbf10000 - 0x000007fefbf6b000 	C:\Windows\system32\DNSAPI.dll
0x000007feed720000 - 0x000007feed72b000 	C:\Windows\System32\winrnr.dll
0x000007feed710000 - 0x000007feed720000 	C:\Windows\system32\wshbth.dll
0x000007fef0790000 - 0x000007fef07be000 	C:\Program Files\Common Files\Microsoft Shared\Windows Live\WLIDNSP.DLL
0x000007fefb520000 - 0x000007fefb527000 	C:\Windows\System32\wshtcpip.dll
0x000007fef0780000 - 0x000007fef0788000 	C:\Windows\system32\rasadhlp.dll
0x000007fef8ee0000 - 0x000007fef8f33000 	C:\Windows\System32\fwpuclnt.dll
0x000007fefe4c0000 - 0x000007fefe59a000 	C:\Windows\system32\OLEAUT32.DLL
0x0000000018e20000 - 0x0000000018ec8000 	C:\Users\Qmyang\.Xilinx\SDK\2016.2\org.eclipse.osgi\312\0\.cp\swt-win32-4527.dll
0x000007fefe120000 - 0x000007fefe1b7000 	C:\Windows\system32\comdlg32.dll
0x000007fef5000000 - 0x000007fef5071000 	C:\Windows\system32\WINSPOOL.DRV
0x000007fefe7c0000 - 0x000007fefeae1000 	C:\Windows\system32\WININET.dll
0x000007fefcee0000 - 0x000007fefcee4000 	C:\Windows\system32\api-ms-win-downlevel-user32-l1-1-0.dll
0x000007fefcbf0000 - 0x000007fefcbf4000 	C:\Windows\system32\api-ms-win-downlevel-shlwapi-l1-1-0.dll
0x000007fefcbe0000 - 0x000007fefcbe4000 	C:\Windows\system32\api-ms-win-downlevel-version-l1-1-0.dll
0x000007fefcc00000 - 0x000007fefcc03000 	C:\Windows\system32\api-ms-win-downlevel-normaliz-l1-1-0.dll
0x0000000077050000 - 0x0000000077053000 	C:\Windows\system32\normaliz.DLL
0x000007fefeca0000 - 0x000007fefef69000 	C:\Windows\system32\iertutil.dll
0x000007fefcb90000 - 0x000007fefcb95000 	C:\Windows\system32\api-ms-win-downlevel-advapi32-l1-1-0.dll
0x000007fefcd60000 - 0x000007fefcecd000 	C:\Windows\system32\CRYPT32.dll
0x000007fefcb80000 - 0x000007fefcb8f000 	C:\Windows\system32\MSASN1.dll
0x000007fefa830000 - 0x000007fefa848000 	C:\Windows\system32\dwmapi.dll
0x000007fefacf0000 - 0x000007fefae1c000 	C:\Windows\system32\propsys.dll
0x000007fefe1c0000 - 0x000007fefe259000 	C:\Windows\system32\CLBCatQ.DLL
0x00000000003d0000 - 0x00000000003ee000 	C:\Users\Qmyang\.Xilinx\SDK\2016.2\org.eclipse.osgi\312\0\.cp\swt-gdip-win32-4527.dll
0x000007fefaa70000 - 0x000007fefac86000 	C:\Windows\WinSxS\amd64_microsoft.windows.gdiplus_6595b64144ccf1df_1.1.7601.23688_none_145d575e8b8eb5b3\gdiplus.dll
0x000007fefa680000 - 0x000007fefa7e1000 	C:\Windows\system32\WindowsCodecs.dll
0x0000000180000000 - 0x0000000180012000 	C:\Users\Qmyang\.Xilinx\SDK\2016.2\org.eclipse.osgi\126\0\.cp\os\win32\x86_64\localfile_1_0_0.dll
0x000007feeb510000 - 0x000007feeb564000 	C:\Windows\system32\oleacc.dll
0x000007fef6350000 - 0x000007fef6357000 	C:\Windows\system32\msimg32.dll
0x000007fefcac0000 - 0x000007fefcad4000 	C:\Windows\system32\RpcRtRemote.dll
0x000007fefc970000 - 0x000007fefc9c7000 	C:\Windows\system32\apphelp.dll
0x000007fef9bd0000 - 0x000007fef9be1000 	C:\Users\Qmyang\.Xilinx\SDK\2016.2\org.eclipse.osgi\129\0\.cp\jWinHttp-1.0.0.dll
0x000007fefa0e0000 - 0x000007fefa151000 	C:\Windows\system32\WINHTTP.dll
0x000007fefa070000 - 0x000007fefa0d5000 	C:\Windows\system32\webio.dll
0x000007fefb790000 - 0x000007fefb79f000 	F:\ECE532\SDK\2016.2\lib\win64.o\librdi_repo_manager.dll
0x000007fef9ba0000 - 0x000007fef9bca000 	F:\ECE532\SDK\2016.2\lib\win64.o\libisl_sysinfo.dll
0x000007fef6500000 - 0x000007fef65d4000 	C:\Windows\system32\MSVCR110.dll
0x000007fef6410000 - 0x000007fef64b7000 	C:\Windows\system32\MSVCP110.dll
0x000007feb26d0000 - 0x000007feb3110000 	F:\ECE532\SDK\2016.2\lib\win64.o\librdi_common.dll
0x000007feb37e0000 - 0x000007feb3b4e000 	F:\ECE532\SDK\2016.2\lib\win64.o\libCOIN-all.dll
0x000007feb35c0000 - 0x000007feb37df000 	F:\ECE532\SDK\2016.2\lib\win64.o\libXil_lmgr11.dll
0x000007fefa540000 - 0x000007fefa556000 	C:\Windows\system32\NETAPI32.dll
0x000007fefbba0000 - 0x000007fefbbac000 	C:\Windows\system32\netutils.dll
0x000007fefc870000 - 0x000007fefc893000 	C:\Windows\system32\srvcli.dll
0x000007fefbbf0000 - 0x000007fefbc05000 	C:\Windows\system32\wkscli.dll
0x000007fefcc80000 - 0x000007fefccbb000 	C:\Windows\system32\WINTRUST.dll
0x000007fef9c00000 - 0x000007fef9c10000 	F:\ECE532\SDK\2016.2\lib\win64.o\libboost_date_time.dll
0x000007fef9b70000 - 0x000007fef9b94000 	F:\ECE532\SDK\2016.2\lib\win64.o\libboost_filesystem.dll
0x000007fef9bf0000 - 0x000007fef9bf9000 	F:\ECE532\SDK\2016.2\lib\win64.o\libboost_system.dll
0x000007fef9af0000 - 0x000007fef9b67000 	F:\ECE532\SDK\2016.2\lib\win64.o\libboost_program_options.dll
0x000007feb8390000 - 0x000007feb8496000 	F:\ECE532\SDK\2016.2\lib\win64.o\libboost_regex.dll
0x000007fef9ad0000 - 0x000007fef9ae3000 	F:\ECE532\SDK\2016.2\lib\win64.o\libboost_signals.dll
0x000007fef9970000 - 0x000007fef998d000 	F:\ECE532\SDK\2016.2\lib\win64.o\libboost_thread.dll
0x000007fef9ac0000 - 0x000007fef9acb000 	F:\ECE532\SDK\2016.2\lib\win64.o\libboost_chrono.dll
0x000007fef9910000 - 0x000007fef991b000 	F:\ECE532\SDK\2016.2\lib\win64.o\libboost_xilinx.dll
0x000007fef9510000 - 0x000007fef9590000 	F:\ECE532\SDK\2016.2\lib\win64.o\libhdlpsolve.dll
0x000007fec3940000 - 0x000007fec39da000 	F:\ECE532\SDK\2016.2\lib\win64.o\libhdxml.dll
0x000007feb3150000 - 0x000007feb35b5e00 	F:\ECE532\SDK\2016.2\lib\win64.o\libisl_iostreams.dll
0x000007fef94f0000 - 0x000007fef9506000 	F:\ECE532\SDK\2016.2\lib\win64.o\libboost_iostreams.dll
0x000007fed0720000 - 0x000007fed0743000 	F:\ECE532\SDK\2016.2\lib\win64.o\librdizlib.dll
0x000007fec47d0000 - 0x000007fec47f3000 	F:\ECE532\SDK\2016.2\lib\win64.o\libisl_iosutils.dll
0x000007feecee0000 - 0x000007feecef5000 	F:\ECE532\SDK\2016.2\lib\win64.o\pthreadVC2.dll
0x000007fec3ef0000 - 0x000007fec3f44000 	F:\ECE532\SDK\2016.2\lib\win64.o\librdi_commonxillic.dll
0x000007feb25a0000 - 0x000007feb26d0000 	F:\ECE532\SDK\2016.2\lib\win64.o\librdi_curl.dll
0x000007fef94d0000 - 0x000007fef94e8000 	F:\ECE532\SDK\2016.2\lib\win64.o\librdiconfig.dll
0x0000000062790000 - 0x00000000628b7000 	F:\ECE532\SDK\2016.2\lib\win64.o\tcl85t.dll
0x00000000247a0000 - 0x0000000024a03000 	F:\ECE532\SDK\2016.2\lib\win64.o\xerces-c_3_1.dll
0x000007fefeb10000 - 0x000007fefec95000 	C:\Windows\system32\urlmon.dll
0x000007fefced0000 - 0x000007fefced4000 	C:\Windows\system32\api-ms-win-downlevel-ole32-l1-1-0.dll
0x000007feed680000 - 0x000007feed6a3000 	C:\Windows\system32\VCOMP110.DLL
0x000007feb23a0000 - 0x000007feb2592000 	F:\ECE532\SDK\2016.2\lib\win64.o\librdi_hsm.dll
0x000007fec3a30000 - 0x000007fec3a73000 	F:\ECE532\SDK\2016.2\lib\win64.o\librdi_hdf.dll
0x000007feb2110000 - 0x000007feb2391000 	F:\ECE532\SDK\2016.2\lib\win64.o\librdi_ippcw.dll
0x000007fefb740000 - 0x000007fefb74a000 	F:\ECE532\SDK\2016.2\lib\win64.o\librdi_jtag_settings.dll
0x000007fef9160000 - 0x000007fef9189000 	F:\ECE532\SDK\2016.2\lib\win64.o\librdi_debug_dialog.dll
0x000007fef9700000 - 0x000007fef9708000 	F:\ECE532\SDK\2016.2\lib\win64.o\librdi_target_manager.dll
0x000007fee7940000 - 0x000007fee7956000 	F:\ECE532\SDK\2016.2\eclipse\win64.o\plugins\org.eclipse.cdt.core.win32.x86_64_5.4.0.201509131935\os\win32\x86_64\spawner.dll
0x000007feb7310000 - 0x000007feb7b20000 	F:\ECE532\SDK\2016.2\lib\win64.o\libXil_lmgr11FNP.dll
0x000007feee920000 - 0x000007feee92b000 	C:\Windows\system32\snmpapi.dll
0x000007fefe2e0000 - 0x000007fefe4b7000 	C:\Windows\system32\SETUPAPI.dll

VM Arguments:
jvm_args: -Dcom.xilinx.sdk.args.hwspec=F:/filter_vga_rc/image_filter_test_bench.sdk/design_1_wrapper.hdf -Xms64m -Xmx512m & 
java_command: <unknown>
java_class_path (initial): F:\ECE532\SDK\2016.2\eclipse\win64.o\\plugins/org.eclipse.equinox.launcher_1.3.100.v20150511-1540.jar
Launcher Type: generic

Environment Variables:
JAVA_HOME=C:\Program Files\Java\jdk1.8.0_60
USERNAME=Qmyang
OS=Windows_NT
PROCESSOR_IDENTIFIER=Intel64 Family 6 Model 58 Stepping 9, GenuineIntel



---------------  S Y S T E M  ---------------

OS: Windows 7 , 64 bit Build 7601 (6.1.7601.23677)

CPU:total 8 (4 cores per cpu, 2 threads per core) family 6 model 58 stepping 9, cmov, cx8, fxsr, mmx, sse, sse2, sse3, ssse3, sse4.1, sse4.2, popcnt, avx, aes, clmul, erms, ht, tsc, tscinvbit, tscinv

Memory: 4k page, physical 8252048k(3148092k free), swap 16502236k(8901840k free)

vm_info: Java HotSpot(TM) 64-Bit Server VM (25.66-b18) for windows-amd64 JRE (1.8.0_66-b18), built on Nov  9 2015 10:51:13 by "java_re" with MS VC++ 10.0 (VS2010)

time: Mon Mar 20 23:01:53 2017
elapsed time: 369 seconds (0d 0h 6m 9s)

