#
# A fatal error has been detected by the Java Runtime Environment:
#
#  Internal Error (0xc000000d), pid=5496, tid=4980
#
# JRE version: Java(TM) SE Runtime Environment (8.0_66-b18) (build 1.8.0_66-b18)
# Java VM: Java HotSpot(TM) 64-Bit Server VM (25.66-b18 mixed mode windows-amd64 compressed oops)
# Problematic frame:
# C  [ntdll.dll+0x96b4f]
#
# Failed to write core dump. Minidumps are not enabled by default on client versions of Windows
#
# If you would like to submit a bug report, please visit:
#   http://bugreport.java.com/bugreport/crash.jsp
#

---------------  T H R E A D  ---------------

Current thread (0x0000000014ee2800):  VMThread [stack: 0x0000000015e30000,0x0000000015f30000] [id=4980]

siginfo: ExceptionCode=0xc000000d

Registers:
RAX=0x0000000061ec1737, RBX=0x0000000000000000, RCX=0x0000000015f2ef10, RDX=0x0000000000000000
RSP=0x0000000015f2f520, RBP=0x0000000017556860, RSI=0x000007feec3e7408, RDI=0x0000000015f2f668
R8 =0x0000000000000000, R9 =0x0000000000000000, R10=0x0000000000000000, R11=0x0000000000000246
R12=0x0000000017550f80, R13=0x0000000017550f50, R14=0x0000000017556968, R15=0x0000000000000000
RIP=0x0000000077866b4f, EFLAGS=0x0000000000000202

Top of Stack: (sp=0x0000000015f2f520)
0x0000000015f2f520:   0000000000000000 000007feec3e7408
0x0000000015f2f530:   0000000015f2f668 0000000000000000
0x0000000015f2f540:   0000000000000050 00000000001c0000
0x0000000015f2f550:   0000000000000000 0000000000000000
0x0000000015f2f560:   0000000000000002 000000007781db18
0x0000000015f2f570:   00000000c000000d 0000000000000000
0x0000000015f2f580:   0000000077866b4f 0000000000000000
0x0000000015f2f590:   0000000000000000 0000000000000000
0x0000000015f2f5a0:   0000000000000000 0000000000000000
0x0000000015f2f5b0:   0000000000000000 0000000000000000
0x0000000015f2f5c0:   0000000000000000 0000000000000000
0x0000000015f2f5d0:   0000000000000000 0000000000000000
0x0000000015f2f5e0:   0000000000000000 0000000000000000
0x0000000015f2f5f0:   0000000000000000 0000000000000000
0x0000000015f2f600:   0000000000000000 0000000017550f80
0x0000000015f2f610:   00000000000008f4 00000000776f3458 

Instructions: (pc=0x0000000077866b4f)
0x0000000077866b2f:   cd 6b fb ff b9 57 00 00 00 c7 44 24 50 0d 00 00
0x0000000077866b3f:   c0 e8 bb 6e fb ff 48 8d 4c 24 50 e8 31 1d f8 ff
0x0000000077866b4f:   4c 8b 1d 82 68 09 00 4d 85 db 74 5b 65 48 8b 04
0x0000000077866b5f:   25 30 00 00 00 f6 80 ee 17 00 00 08 74 12 65 48 


Register to memory mapping:

RAX=0x0000000061ec1737 is an unknown value
RBX=0x0000000000000000 is an unknown value
RCX=0x0000000015f2ef10 is an unknown value
RDX=0x0000000000000000 is an unknown value
RSP=0x0000000015f2f520 is an unknown value
RBP=0x0000000017556860 is an unknown value
RSI=0x000007feec3e7408 is an unknown value
RDI=0x0000000015f2f668 is an unknown value
R8 =0x0000000000000000 is an unknown value
R9 =0x0000000000000000 is an unknown value
R10=0x0000000000000000 is an unknown value
R11=0x0000000000000246 is an unknown value
R12=0x0000000017550f80 is an unknown value
R13=0x0000000017550f50 is an unknown value
R14=0x0000000017556968 is an unknown value
R15=0x0000000000000000 is an unknown value


Stack: [0x0000000015e30000,0x0000000015f30000],  sp=0x0000000015f2f520,  free space=1021k
Native frames: (J=compiled Java code, j=interpreted, Vv=VM code, C=native code)
C  [ntdll.dll+0x96b4f]
C  [kernel32.dll+0x43458]
C  [MSVCR110.dll+0x752d]
C  [MSVCR110.dll+0x73c6]
C  [MSVCR110.dll+0x14cca]
C  [MSVCR110.dll+0x13edc]
C  [MSVCR110.dll+0x239e]
C  [MSVCR110.dll+0xaf9e]
C  [MSVCP110.dll+0x397b9]
C  [librdi_common.dll+0x182316]
C  [librdi_common.dll+0x180fab]
C  [librdi_target_manager.dll+0x2400]
C  [librdi_target_manager.dll+0x2682]
C  [ntdll.dll+0x229b1]
C  [ntdll.dll+0x227c0]
C  [MSVCR100.dll+0x20ccd]
V  [jvm.dll+0x210cc5]
V  [jvm.dll+0x249897]
V  [jvm.dll+0x248b36]
V  [jvm.dll+0x248fd1]
V  [jvm.dll+0x2491ee]
V  [jvm.dll+0x29a0fa]
C  [MSVCR100.dll+0x21d9f]
C  [MSVCR100.dll+0x21e3b]
C  [kernel32.dll+0x159bd]
C  [ntdll.dll+0x2a2e1]

VM_Operation (0x000000000012f4c0): Exit, mode: safepoint, requested by thread 0x0000000002518000


---------------  P R O C E S S  ---------------

Java Threads: ( => current thread )
  0x000000001f878800 JavaThread "Set STDIO Tab defaults" [_thread_blocked, id=3232, stack(0x00000000298b0000,0x00000000299b0000)]
  0x000000001a8cd800 JavaThread "Thread-80" daemon [_thread_blocked, id=832, stack(0x0000000028c20000,0x0000000028d20000)]
  0x000000001ac7e000 JavaThread "TCF Channel Transmitter" daemon [_thread_blocked, id=4028, stack(0x0000000027ee0000,0x0000000027fe0000)]
  0x000000001ac7c800 JavaThread "TCF Channel Receiver" daemon [_thread_in_native, id=5244, stack(0x0000000026660000,0x0000000026760000)]
  0x000000001ac7b800 JavaThread "Process monitor" daemon [_thread_in_native, id=2064, stack(0x0000000027520000,0x0000000027620000)]
  0x0000000017b23800 JavaThread "Input Stream Monitor" daemon [_thread_blocked, id=1764, stack(0x0000000026ed0000,0x0000000026fd0000)]
  0x0000000017b22800 JavaThread "Output Stream Monitor" daemon [_thread_in_native, id=300, stack(0x0000000026dd0000,0x0000000026ed0000)]
  0x0000000017b22000 JavaThread "Output Stream Monitor" daemon [_thread_in_native, id=772, stack(0x0000000025760000,0x0000000025860000)]
  0x0000000017b1b000 JavaThread "TCF Locator DNS Lookup" daemon [_thread_blocked, id=1360, stack(0x0000000024070000,0x0000000024170000)]
  0x0000000017b1a800 JavaThread "TCF Locator Timer" daemon [_thread_blocked, id=5144, stack(0x0000000023f70000,0x0000000024070000)]
  0x0000000017b19800 JavaThread "TCF Locator Receiver" daemon [_thread_in_native, id=4120, stack(0x0000000023e70000,0x0000000023f70000)]
  0x0000000017b18000 JavaThread "TCF Timer Dispatcher" daemon [_thread_blocked, id=4624, stack(0x0000000023c70000,0x0000000023d70000)]
  0x0000000017d54800 JavaThread "EMF Reference Cleaner" daemon [_thread_blocked, id=3864, stack(0x0000000019650000,0x0000000019750000)]
  0x0000000014fd1800 JavaThread "Service Thread" daemon [_thread_blocked, id=4540, stack(0x00000000167f0000,0x00000000168f0000)]
  0x0000000014f69000 JavaThread "C1 CompilerThread3" daemon [_thread_blocked, id=436, stack(0x00000000166f0000,0x00000000167f0000)]
  0x0000000014f37000 JavaThread "C2 CompilerThread2" daemon [_thread_blocked, id=5160, stack(0x00000000165f0000,0x00000000166f0000)]
  0x0000000014f34000 JavaThread "C2 CompilerThread1" daemon [_thread_blocked, id=932, stack(0x00000000164f0000,0x00000000165f0000)]
  0x0000000014f2e800 JavaThread "C2 CompilerThread0" daemon [_thread_blocked, id=6108, stack(0x00000000163f0000,0x00000000164f0000)]
  0x0000000014f3e000 JavaThread "Attach Listener" daemon [_thread_blocked, id=6116, stack(0x00000000162f0000,0x00000000163f0000)]
  0x0000000013d6f800 JavaThread "Finalizer" daemon [_thread_blocked, id=4308, stack(0x0000000016030000,0x0000000016130000)]
  0x0000000013d69000 JavaThread "Reference Handler" daemon [_thread_blocked, id=5384, stack(0x0000000015f30000,0x0000000016030000)]
  0x0000000002518000 JavaThread "main" [_thread_blocked, id=5112, stack(0x0000000000030000,0x0000000000130000)]

Other Threads:
=>0x0000000014ee2800 VMThread [stack: 0x0000000015e30000,0x0000000015f30000] [id=4980]

VM state:at safepoint (shutting down)

VM Mutex/Monitor currently owned by a thread:  ([mutex/lock_event])
[0x00000000003de590] Threads_lock - owner thread: 0x0000000014ee2800

Heap:
 PSYoungGen      total 138752K, used 6404K [0x00000000f5580000, 0x00000000ffe00000, 0x0000000100000000)
  eden space 107008K, 1% used [0x00000000f5580000,0x00000000f573feb0,0x00000000fbe00000)
  from space 31744K, 14% used [0x00000000fdf00000,0x00000000fe381408,0x00000000ffe00000)
  to   space 32768K, 0% used [0x00000000fbe00000,0x00000000fbe00000,0x00000000fde00000)
 ParOldGen       total 119808K, used 63599K [0x00000000e0000000, 0x00000000e7500000, 0x00000000f5580000)
  object space 119808K, 53% used [0x00000000e0000000,0x00000000e3e1bf80,0x00000000e7500000)
 Metaspace       used 98109K, capacity 105782K, committed 106008K, reserved 1140736K
  class space    used 12112K, capacity 14628K, committed 14640K, reserved 1048576K

Card table byte_map: [0x0000000011970000,0x0000000011a80000] byte_map_base: 0x0000000011270000

Marking Bits: (ParMarkBitMap*) 0x000000007379a5b0
 Begin Bits: [0x0000000012280000, 0x0000000012a80000)
 End Bits:   [0x0000000012a80000, 0x0000000013280000)

Polling page: 0x0000000000330000

CodeCache: size=245760Kb used=38177Kb max_used=38644Kb free=207582Kb
 bounds [0x00000000025b0000, 0x0000000004bb0000, 0x00000000115b0000]
 total_blobs=11164 nmethods=10241 adapters=829
 compilation: enabled

Compilation events (10 events):
Event: 238.144 Thread 0x0000000014f69000 12734   !   3       org.eclipse.osgi.storage.BundleInfo$Generation::close (34 bytes)
Event: 238.144 Thread 0x0000000014f69000 nmethod 12734 0x0000000003790690 code [0x0000000003790800, 0x0000000003790c28]
Event: 238.154 Thread 0x0000000014f69000 12735       3       java.io.FileOutputStream::finalize (39 bytes)
Event: 238.155 Thread 0x0000000014f69000 nmethod 12735 0x00000000032a69d0 code [0x00000000032a6b40, 0x00000000032a6f08]
Event: 238.155 Thread 0x0000000014f69000 12736       3       org.eclipse.osgi.container.Module::holdsTransitionEventLock (25 bytes)
Event: 238.156 Thread 0x0000000014f69000 nmethod 12736 0x0000000003272790 code [0x0000000003272920, 0x0000000003273048]
Event: 238.157 Thread 0x0000000014f69000 12737       3       org.eclipse.osgi.container.ModuleWiring::unload (6 bytes)
Event: 238.157 Thread 0x0000000014f69000 nmethod 12737 0x00000000045f9850 code [0x00000000045f99c0, 0x00000000045f9b48]
Event: 238.157 Thread 0x0000000014f69000 12744       3       org.eclipse.osgi.internal.framework.EquinoxContainerAdaptor::clearManifestCache (84 bytes)
Event: 238.159 Thread 0x0000000014f69000 nmethod 12744 0x0000000002f0cb10 code [0x0000000002f0cd60, 0x0000000002f0e478]

GC Heap History (10 events):
Event: 166.959 GC heap before
{Heap before GC invocations=17 (full 4):
 PSYoungGen      total 138752K, used 92282K [0x00000000f5580000, 0x0000000100000000, 0x0000000100000000)
  eden space 102912K, 84% used [0x00000000f5580000,0x00000000faae0e50,0x00000000fba00000)
  from space 35840K, 13% used [0x00000000fdd00000,0x00000000fe1bdad8,0x0000000100000000)
  to   space 35840K, 0% used [0x00000000fba00000,0x00000000fba00000,0x00000000fdd00000)
 ParOldGen       total 119808K, used 62588K [0x00000000e0000000, 0x00000000e7500000, 0x00000000f5580000)
  object space 119808K, 52% used [0x00000000e0000000,0x00000000e3d1f2b8,0x00000000e7500000)
 Metaspace       used 89314K, capacity 96606K, committed 96664K, reserved 1132544K
  class space    used 11044K, capacity 13453K, committed 13488K, reserved 1048576K
Event: 166.965 GC heap after
Heap after GC invocations=17 (full 4):
 PSYoungGen      total 138752K, used 5138K [0x00000000f5580000, 0x0000000100000000, 0x0000000100000000)
  eden space 102912K, 0% used [0x00000000f5580000,0x00000000f5580000,0x00000000fba00000)
  from space 35840K, 14% used [0x00000000fba00000,0x00000000fbf04900,0x00000000fdd00000)
  to   space 35328K, 0% used [0x00000000fdd80000,0x00000000fdd80000,0x0000000100000000)
 ParOldGen       total 119808K, used 62596K [0x00000000e0000000, 0x00000000e7500000, 0x00000000f5580000)
  object space 119808K, 52% used [0x00000000e0000000,0x00000000e3d212b8,0x00000000e7500000)
 Metaspace       used 89314K, capacity 96606K, committed 96664K, reserved 1132544K
  class space    used 11044K, capacity 13453K, committed 13488K, reserved 1048576K
}
Event: 166.965 GC heap before
{Heap before GC invocations=18 (full 5):
 PSYoungGen      total 138752K, used 5138K [0x00000000f5580000, 0x0000000100000000, 0x0000000100000000)
  eden space 102912K, 0% used [0x00000000f5580000,0x00000000f5580000,0x00000000fba00000)
  from space 35840K, 14% used [0x00000000fba00000,0x00000000fbf04900,0x00000000fdd00000)
  to   space 35328K, 0% used [0x00000000fdd80000,0x00000000fdd80000,0x0000000100000000)
 ParOldGen       total 119808K, used 62596K [0x00000000e0000000, 0x00000000e7500000, 0x00000000f5580000)
  object space 119808K, 52% used [0x00000000e0000000,0x00000000e3d212b8,0x00000000e7500000)
 Metaspace       used 89314K, capacity 96606K, committed 96664K, reserved 1132544K
  class space    used 11044K, capacity 13453K, committed 13488K, reserved 1048576K
Event: 167.290 GC heap after
Heap after GC invocations=18 (full 5):
 PSYoungGen      total 138752K, used 0K [0x00000000f5580000, 0x0000000100000000, 0x0000000100000000)
  eden space 102912K, 0% used [0x00000000f5580000,0x00000000f5580000,0x00000000fba00000)
  from space 35840K, 0% used [0x00000000fba00000,0x00000000fba00000,0x00000000fdd00000)
  to   space 35328K, 0% used [0x00000000fdd80000,0x00000000fdd80000,0x0000000100000000)
 ParOldGen       total 119808K, used 63575K [0x00000000e0000000, 0x00000000e7500000, 0x00000000f5580000)
  object space 119808K, 53% used [0x00000000e0000000,0x00000000e3e15f80,0x00000000e7500000)
 Metaspace       used 89314K, capacity 96606K, committed 96664K, reserved 1132544K
  class space    used 11044K, capacity 13453K, committed 13488K, reserved 1048576K
}
Event: 207.179 GC heap before
{Heap before GC invocations=19 (full 5):
 PSYoungGen      total 138752K, used 102912K [0x00000000f5580000, 0x0000000100000000, 0x0000000100000000)
  eden space 102912K, 100% used [0x00000000f5580000,0x00000000fba00000,0x00000000fba00000)
  from space 35840K, 0% used [0x00000000fba00000,0x00000000fba00000,0x00000000fdd00000)
  to   space 35328K, 0% used [0x00000000fdd80000,0x00000000fdd80000,0x0000000100000000)
 ParOldGen       total 119808K, used 63575K [0x00000000e0000000, 0x00000000e7500000, 0x00000000f5580000)
  object space 119808K, 53% used [0x00000000e0000000,0x00000000e3e15f80,0x00000000e7500000)
 Metaspace       used 91531K, capacity 98940K, committed 99096K, reserved 1134592K
  class space    used 11361K, capacity 13782K, committed 13872K, reserved 1048576K
Event: 207.187 GC heap after
Heap after GC invocations=19 (full 5):
 PSYoungGen      total 136192K, used 7248K [0x00000000f5580000, 0x00000000ffd80000, 0x0000000100000000)
  eden space 103424K, 0% used [0x00000000f5580000,0x00000000f5580000,0x00000000fba80000)
  from space 32768K, 22% used [0x00000000fdd80000,0x00000000fe494090,0x00000000ffd80000)
  to   space 34304K, 0% used [0x00000000fba80000,0x00000000fba80000,0x00000000fdc00000)
 ParOldGen       total 119808K, used 63583K [0x00000000e0000000, 0x00000000e7500000, 0x00000000f5580000)
  object space 119808K, 53% used [0x00000000e0000000,0x00000000e3e17f80,0x00000000e7500000)
 Metaspace       used 91531K, capacity 98940K, committed 99096K, reserved 1134592K
  class space    used 11361K, capacity 13782K, committed 13872K, reserved 1048576K
}
Event: 227.136 GC heap before
{Heap before GC invocations=20 (full 5):
 PSYoungGen      total 136192K, used 110672K [0x00000000f5580000, 0x00000000ffd80000, 0x0000000100000000)
  eden space 103424K, 100% used [0x00000000f5580000,0x00000000fba80000,0x00000000fba80000)
  from space 32768K, 22% used [0x00000000fdd80000,0x00000000fe494090,0x00000000ffd80000)
  to   space 34304K, 0% used [0x00000000fba80000,0x00000000fba80000,0x00000000fdc00000)
 ParOldGen       total 119808K, used 63583K [0x00000000e0000000, 0x00000000e7500000, 0x00000000f5580000)
  object space 119808K, 53% used [0x00000000e0000000,0x00000000e3e17f80,0x00000000e7500000)
 Metaspace       used 96869K, capacity 104478K, committed 104728K, reserved 1138688K
  class space    used 12020K, capacity 14518K, committed 14640K, reserved 1048576K
Event: 227.145 GC heap after
Heap after GC invocations=20 (full 5):
 PSYoungGen      total 137728K, used 15231K [0x00000000f5580000, 0x00000000fff80000, 0x0000000100000000)
  eden space 103424K, 0% used [0x00000000f5580000,0x00000000f5580000,0x00000000fba80000)
  from space 34304K, 44% used [0x00000000fba80000,0x00000000fc95fcf0,0x00000000fdc00000)
  to   space 33280K, 0% used [0x00000000fdf00000,0x00000000fdf00000,0x00000000fff80000)
 ParOldGen       total 119808K, used 63591K [0x00000000e0000000, 0x00000000e7500000, 0x00000000f5580000)
  object space 119808K, 53% used [0x00000000e0000000,0x00000000e3e19f80,0x00000000e7500000)
 Metaspace       used 96869K, capacity 104478K, committed 104728K, reserved 1138688K
  class space    used 12020K, capacity 14518K, committed 14640K, reserved 1048576K
}
Event: 238.146 GC heap before
{Heap before GC invocations=21 (full 5):
 PSYoungGen      total 137728K, used 118655K [0x00000000f5580000, 0x00000000fff80000, 0x0000000100000000)
  eden space 103424K, 100% used [0x00000000f5580000,0x00000000fba80000,0x00000000fba80000)
  from space 34304K, 44% used [0x00000000fba80000,0x00000000fc95fcf0,0x00000000fdc00000)
  to   space 33280K, 0% used [0x00000000fdf00000,0x00000000fdf00000,0x00000000fff80000)
 ParOldGen       total 119808K, used 63591K [0x00000000e0000000, 0x00000000e7500000, 0x00000000f5580000)
  object space 119808K, 53% used [0x00000000e0000000,0x00000000e3e19f80,0x00000000e7500000)
 Metaspace       used 98093K, capacity 105718K, committed 105752K, reserved 1140736K
  class space    used 12111K, capacity 14628K, committed 14640K, reserved 1048576K
Event: 238.153 GC heap after
Heap after GC invocations=21 (full 5):
 PSYoungGen      total 138752K, used 4613K [0x00000000f5580000, 0x00000000ffe00000, 0x0000000100000000)
  eden space 107008K, 0% used [0x00000000f5580000,0x00000000f5580000,0x00000000fbe00000)
  from space 31744K, 14% used [0x00000000fdf00000,0x00000000fe381408,0x00000000ffe00000)
  to   space 32768K, 0% used [0x00000000fbe00000,0x00000000fbe00000,0x00000000fde00000)
 ParOldGen       total 119808K, used 63599K [0x00000000e0000000, 0x00000000e7500000, 0x00000000f5580000)
  object space 119808K, 53% used [0x00000000e0000000,0x00000000e3e1bf80,0x00000000e7500000)
 Metaspace       used 98093K, capacity 105718K, committed 105752K, reserved 1140736K
  class space    used 12111K, capacity 14628K, committed 14640K, reserved 1048576K
}

Deoptimization events (10 events):
Event: 237.539 Thread 0x0000000017775000 Uncommon trap: reason=predicate action=maybe_recompile pc=0x0000000004ab7e7c method=java.util.Arrays.fill([Ljava/lang/Object;Ljava/lang/Object;)V @ 10
Event: 237.545 Thread 0x0000000017775000 Uncommon trap: reason=array_check action=maybe_recompile pc=0x0000000003287f18 method=java.util.Arrays.fill([Ljava/lang/Object;Ljava/lang/Object;)V @ 13
Event: 237.545 Thread 0x0000000017775000 Uncommon trap: reason=array_check action=maybe_recompile pc=0x0000000003287f18 method=java.util.Arrays.fill([Ljava/lang/Object;Ljava/lang/Object;)V @ 13
Event: 237.545 Thread 0x0000000017775000 Uncommon trap: reason=array_check action=maybe_recompile pc=0x0000000003287f18 method=java.util.Arrays.fill([Ljava/lang/Object;Ljava/lang/Object;)V @ 13
Event: 237.545 Thread 0x0000000017775000 Uncommon trap: reason=array_check action=maybe_recompile pc=0x0000000003287f18 method=java.util.Arrays.fill([Ljava/lang/Object;Ljava/lang/Object;)V @ 13
Event: 237.554 Thread 0x000000001a8cb800 Uncommon trap: reason=unstable_if action=reinterpret pc=0x0000000002732c64 method=sun.nio.cs.SingleByte$Encoder.encode(C)I @ 13
Event: 237.563 Thread 0x000000001f87a000 Uncommon trap: reason=unstable_if action=reinterpret pc=0x0000000002a81a64 method=org.eclipse.swt.graphics.Resource.dispose()V @ 15
Event: 238.088 Thread 0x000000001f87a000 Uncommon trap: reason=unstable_if action=reinterpret pc=0x0000000003527fb4 method=org.eclipse.osgi.internal.hooks.EclipseLazyStarter.shouldActivateFor(Ljava/lang/String;Lorg/eclipse/osgi/container/Module;Lorg/eclipse/osgi/container/ModuleRevision;Lorg/ecli÷<Ãm@
Event: 238.101 Thread 0x0000000017775000 Uncommon trap: reason=unstable_if action=reinterpret pc=0x0000000003386f34 method=org.eclipse.osgi.internal.framework.BundleContextImpl.dispatchEvent(Ljava/lang/Object;Ljava/lang/Object;ILjava/lang/Object;)V @ 16
Event: 238.134 Thread 0x000000001f87a000 Uncommon trap: reason=unstable_if action=reinterpret pc=0x0000000004759ac0 method=sun.reflect.UnsafeStaticObjectFieldAccessorImpl.set(Ljava/lang/Object;Ljava/lang/Object;)V @ 13

Internal exceptions (10 events):
Event: 223.615 Thread 0x0000000002518000 Exception <a 'java/io/FileNotFoundException'> (0x00000000f824be80) thrown at [C:\re\workspace\8-2-build-windows-amd64-cygwin\jdk8u66\5298\hotspot\src\share\vm\prims\jni.cpp, line 709]
Event: 223.619 Thread 0x0000000002518000 Implicit null exception at 0x00000000029b2d69 to 0x00000000029b2e30
Event: 237.345 Thread 0x0000000002518000 Implicit null exception at 0x0000000002869003 to 0x000000000286a9e1
Event: 237.390 Thread 0x0000000002518000 Implicit null exception at 0x000000000453a151 to 0x000000000453a421
Event: 237.554 Thread 0x000000001ac81000 Exception <a 'java/lang/InterruptedException'> (0x00000000fb505410) thrown at [C:\re\workspace\8-2-build-windows-amd64-cygwin\jdk8u66\5298\hotspot\src\share\vm\runtime\objectMonitor.cpp, line 1683]
Event: 238.119 Thread 0x0000000017b15000 Exception <a 'java/lang/InterruptedException'> (0x00000000faed73a8) thrown at [C:\re\workspace\8-2-build-windows-amd64-cygwin\jdk8u66\5298\hotspot\src\share\vm\runtime\objectMonitor.cpp, line 1683]
Event: 238.134 Thread 0x000000001f87a000 Implicit null exception at 0x0000000004759777 to 0x0000000004759aad
Event: 238.135 Thread 0x0000000017775000 Exception <a 'java/lang/InterruptedException'> (0x00000000fb801380) thrown at [C:\re\workspace\8-2-build-windows-amd64-cygwin\jdk8u66\5298\hotspot\src\share\vm\runtime\objectMonitor.cpp, line 1683]
Event: 238.146 Thread 0x0000000017b16000 Exception <a 'java/lang/InterruptedException'> (0x00000000f7166858) thrown at [C:\re\workspace\8-2-build-windows-amd64-cygwin\jdk8u66\5298\hotspot\src\share\vm\runtime\objectMonitor.cpp, line 1683]
Event: 238.146 Thread 0x0000000016f43800 Exception <a 'java/lang/InterruptedException'> (0x00000000fb9e0770) thrown at [C:\re\workspace\8-2-build-windows-amd64-cygwin\jdk8u66\5298\hotspot\src\share\vm\runtime\objectMonitor.cpp, line 1683]

Events (10 events):
Event: 238.158 loading class java/util/IdentityHashMap$IdentityHashMapIterator
Event: 238.158 loading class java/util/IdentityHashMap$IdentityHashMapIterator done
Event: 238.158 loading class java/util/IdentityHashMap$KeyIterator done
Event: 238.158 Thread 0x000000001f87a000 Thread added: 0x000000001f87a000
Event: 238.159 Thread 0x0000000014f69000 flushing nmethod 0x0000000002f5a490
Event: 238.159 Thread 0x0000000014f69000 flushing nmethod 0x0000000003058b90
Event: 238.159 Thread 0x000000001f87a000 Thread exited: 0x000000001f87a000
Event: 238.159 Thread 0x0000000014f3d000 Thread exited: 0x0000000014f3d000
Event: 238.159 Thread 0x0000000014f69000 flushing nmethod 0x000000000306e190
Event: 238.159 Executing VM operation: Exit


Dynamic libraries:
0x0000000000400000 - 0x000000000044f000 	C:\Xilinx\SDK\2016.2\eclipse\win64.o\eclipse.exe
0x00000000777d0000 - 0x000000007797a000 	C:\Windows\SYSTEM32\ntdll.dll
0x00000000776b0000 - 0x00000000777cf000 	C:\Windows\system32\kernel32.dll
0x000007fefd530000 - 0x000007fefd59a000 	C:\Windows\system32\KERNELBASE.dll
0x00000000775b0000 - 0x00000000776aa000 	C:\Windows\system32\USER32.dll
0x000007feff550000 - 0x000007feff5b7000 	C:\Windows\system32\GDI32.dll
0x000007fefe170000 - 0x000007fefe17e000 	C:\Windows\system32\LPK.dll
0x000007fefd9b0000 - 0x000007fefda7a000 	C:\Windows\system32\USP10.dll
0x000007fefe690000 - 0x000007fefe72f000 	C:\Windows\system32\msvcrt.dll
0x000007fefbf00000 - 0x000007fefc0f4000 	C:\Windows\WinSxS\amd64_microsoft.windows.common-controls_6595b64144ccf1df_6.0.7601.18837_none_fa3b1e3d17594757\COMCTL32.dll
0x000007fefda80000 - 0x000007fefdaf1000 	C:\Windows\system32\SHLWAPI.dll
0x000007fefe730000 - 0x000007fefe75e000 	C:\Windows\system32\IMM32.DLL
0x000007feff9d0000 - 0x000007feffad9000 	C:\Windows\system32\MSCTF.dll
0x0000000072000000 - 0x0000000072012000 	C:\Xilinx\SDK\2016.2\eclipse\win64.o\plugins\org.eclipse.equinox.launcher.win32.win32.x86_64_1.1.300.v20150602-1417\eclipse_1611.dll
0x000007fefd8d0000 - 0x000007fefd9ab000 	C:\Windows\system32\ADVAPI32.dll
0x000007feff640000 - 0x000007feff65f000 	C:\Windows\SYSTEM32\sechost.dll
0x000007fefe220000 - 0x000007fefe34d000 	C:\Windows\system32\RPCRT4.dll
0x000007fefc5a0000 - 0x000007fefc5ac000 	C:\Windows\system32\VERSION.dll
0x000007fefbea0000 - 0x000007fefbef6000 	C:\Windows\system32\UxTheme.dll
0x0000000072f90000 - 0x0000000073819000 	C:\Xilinx\SDK\2016.2\tps\win64\jre\bin\server\jvm.dll
0x000007fefaf20000 - 0x000007fefaf29000 	C:\Windows\system32\WSOCK32.dll
0x000007fefe560000 - 0x000007fefe5ad000 	C:\Windows\system32\WS2_32.dll
0x000007fefe140000 - 0x000007fefe148000 	C:\Windows\system32\NSI.dll
0x000007fefa410000 - 0x000007fefa44b000 	C:\Windows\system32\WINMM.dll
0x0000000077990000 - 0x0000000077997000 	C:\Windows\system32\PSAPI.DLL
0x0000000073c50000 - 0x0000000073d22000 	C:\Windows\system32\MSVCR100.dll
0x00000000743d0000 - 0x00000000743df000 	C:\Xilinx\SDK\2016.2\tps\win64\jre\bin\verify.dll
0x0000000072ea0000 - 0x0000000072ec9000 	C:\Xilinx\SDK\2016.2\tps\win64\jre\bin\java.dll
0x0000000072e80000 - 0x0000000072e96000 	C:\Xilinx\SDK\2016.2\tps\win64\jre\bin\zip.dll
0x000007fefe760000 - 0x000007feff4e9000 	C:\Windows\system32\SHELL32.dll
0x000007fefe350000 - 0x000007fefe553000 	C:\Windows\system32\ole32.dll
0x000007fefd510000 - 0x000007fefd51f000 	C:\Windows\system32\profapi.dll
0x000007fefcd10000 - 0x000007fefcd28000 	C:\Windows\system32\CRYPTSP.dll
0x000007fefca10000 - 0x000007fefca57000 	C:\Windows\system32\rsaenh.dll
0x000007fefd8b0000 - 0x000007fefd8ce000 	C:\Windows\system32\USERENV.dll
0x000007fefd3b0000 - 0x000007fefd3bf000 	C:\Windows\system32\CRYPTBASE.dll
0x0000000072e60000 - 0x0000000072e7a000 	C:\Xilinx\SDK\2016.2\tps\win64\jre\bin\net.dll
0x000007fefccb0000 - 0x000007fefcd05000 	C:\Windows\system32\mswsock.dll
0x000007fefcca0000 - 0x000007fefcca7000 	C:\Windows\System32\wship6.dll
0x000007fef9d10000 - 0x000007fef9d37000 	C:\Windows\system32\IPHLPAPI.DLL
0x000007fef9d00000 - 0x000007fef9d0b000 	C:\Windows\system32\WINNSI.DLL
0x000007fefa6b0000 - 0x000007fefa6c1000 	C:\Windows\system32\dhcpcsvc6.DLL
0x000007fefa690000 - 0x000007fefa6a8000 	C:\Windows\system32\dhcpcsvc.DLL
0x0000000072e40000 - 0x0000000072e51000 	C:\Xilinx\SDK\2016.2\tps\win64\jre\bin\nio.dll
0x000007fefaab0000 - 0x000007fefaac5000 	C:\Windows\system32\NLAapi.dll
0x000007fef9d70000 - 0x000007fef9d85000 	C:\Windows\system32\napinsp.dll
0x000007fef9d90000 - 0x000007fef9da9000 	C:\Windows\system32\pnrpnsp.dll
0x000007fefcb30000 - 0x000007fefcb8b000 	C:\Windows\system32\DNSAPI.dll
0x000007fef9d60000 - 0x000007fef9d6b000 	C:\Windows\System32\winrnr.dll
0x000007fefc670000 - 0x000007fefc677000 	C:\Windows\System32\wshtcpip.dll
0x000007fefa000000 - 0x000007fefa008000 	C:\Windows\system32\rasadhlp.dll
0x000007fefa6e0000 - 0x000007fefa733000 	C:\Windows\System32\fwpuclnt.dll
0x0000000018780000 - 0x0000000018828000 	C:\Users\chenya26\.Xilinx\SDK\2016.2\org.eclipse.osgi\312\0\.cp\swt-win32-4527.dll
0x000007fefe5b0000 - 0x000007fefe688000 	C:\Windows\system32\OLEAUT32.dll
0x000007fefe180000 - 0x000007fefe217000 	C:\Windows\system32\comdlg32.dll
0x000007fef67e0000 - 0x000007fef6851000 	C:\Windows\system32\WINSPOOL.DRV
0x000007fefdce0000 - 0x000007fefdfa5000 	C:\Windows\system32\WININET.dll
0x000007fefd7b0000 - 0x000007fefd7b4000 	C:\Windows\system32\api-ms-win-downlevel-user32-l1-1-0.dll
0x000007fefd8a0000 - 0x000007fefd8a4000 	C:\Windows\system32\api-ms-win-downlevel-shlwapi-l1-1-0.dll
0x000007fefd5a0000 - 0x000007fefd5a4000 	C:\Windows\system32\api-ms-win-downlevel-version-l1-1-0.dll
0x000007fefd7a0000 - 0x000007fefd7a3000 	C:\Windows\system32\api-ms-win-downlevel-normaliz-l1-1-0.dll
0x00000000779a0000 - 0x00000000779a3000 	C:\Windows\system32\normaliz.DLL
0x000007feff700000 - 0x000007feff9c9000 	C:\Windows\system32\iertutil.dll
0x000007fefd5f0000 - 0x000007fefd5f5000 	C:\Windows\system32\api-ms-win-downlevel-advapi32-l1-1-0.dll
0x000007fefd600000 - 0x000007fefd76d000 	C:\Windows\system32\CRYPT32.dll
0x000007fefd520000 - 0x000007fefd52f000 	C:\Windows\system32\MSASN1.dll
0x000007fefb970000 - 0x000007fefba9c000 	C:\Windows\system32\propsys.dll
0x000007feff660000 - 0x000007feff6f9000 	C:\Windows\system32\CLBCatQ.DLL
0x00000000003e0000 - 0x00000000003fe000 	C:\Users\chenya26\.Xilinx\SDK\2016.2\org.eclipse.osgi\312\0\.cp\swt-gdip-win32-4527.dll
0x000007fefbc80000 - 0x000007fefbe96000 	C:\Windows\WinSxS\amd64_microsoft.windows.gdiplus_6595b64144ccf1df_1.1.7601.23508_none_145555328b95eaaa\gdiplus.dll
0x000007fefb7a0000 - 0x000007fefb901000 	C:\Windows\system32\WindowsCodecs.dll
0x0000000180000000 - 0x0000000180012000 	C:\Users\chenya26\.Xilinx\SDK\2016.2\org.eclipse.osgi\126\0\.cp\os\win32\x86_64\localfile_1_0_0.dll
0x000007feef4e0000 - 0x000007feef534000 	C:\Windows\system32\oleacc.dll
0x000007fef8390000 - 0x000007fef8397000 	C:\Windows\system32\msimg32.dll
0x000007fefd460000 - 0x000007fefd474000 	C:\Windows\system32\RpcRtRemote.dll
0x000007fefd350000 - 0x000007fefd3a7000 	C:\Windows\system32\apphelp.dll
0x000007fefb750000 - 0x000007fefb761000 	C:\Users\chenya26\.Xilinx\SDK\2016.2\org.eclipse.osgi\129\0\.cp\jWinHttp-1.0.0.dll
0x000007fefa510000 - 0x000007fefa581000 	C:\Windows\system32\WINHTTP.dll
0x000007fefa4a0000 - 0x000007fefa504000 	C:\Windows\system32\webio.dll
0x000007fefd320000 - 0x000007fefd345000 	C:\Windows\system32\SspiCli.dll
0x000007fefc900000 - 0x000007fefc90a000 	C:\Windows\system32\credssp.dll
0x000007fefd5b0000 - 0x000007fefd5e6000 	C:\Windows\system32\CFGMGR32.dll
0x000007fefb780000 - 0x000007fefb78f000 	C:\Xilinx\SDK\2016.2\lib\win64.o\librdi_repo_manager.dll
0x000007fef9ba0000 - 0x000007fef9bca000 	C:\Xilinx\SDK\2016.2\lib\win64.o\libisl_sysinfo.dll
0x000007feec3e0000 - 0x000007feec4b4000 	C:\Windows\system32\MSVCR110.dll
0x000007feec2b0000 - 0x000007feec357000 	C:\Windows\system32\MSVCP110.dll
0x000007fec39b0000 - 0x000007fec43f0000 	C:\Xilinx\SDK\2016.2\lib\win64.o\librdi_common.dll
0x000007fef4b70000 - 0x000007fef4ede000 	C:\Xilinx\SDK\2016.2\lib\win64.o\libCOIN-all.dll
0x000007fef5030000 - 0x000007fef524f000 	C:\Xilinx\SDK\2016.2\lib\win64.o\libXil_lmgr11.dll
0x000007fefb660000 - 0x000007fefb676000 	C:\Windows\system32\NETAPI32.dll
0x000007fefc940000 - 0x000007fefc94c000 	C:\Windows\system32\netutils.dll
0x000007fefd070000 - 0x000007fefd093000 	C:\Windows\system32\srvcli.dll
0x000007fefb640000 - 0x000007fefb655000 	C:\Windows\system32\wkscli.dll
0x000007fefd860000 - 0x000007fefd89b000 	C:\Windows\system32\WINTRUST.dll
0x000007fefb720000 - 0x000007fefb730000 	C:\Xilinx\SDK\2016.2\lib\win64.o\libboost_date_time.dll
0x000007fef5480000 - 0x000007fef54a4000 	C:\Xilinx\SDK\2016.2\lib\win64.o\libboost_filesystem.dll
0x000007fefb5f0000 - 0x000007fefb5f9000 	C:\Xilinx\SDK\2016.2\lib\win64.o\libboost_system.dll
0x000007fef4fb0000 - 0x000007fef5027000 	C:\Xilinx\SDK\2016.2\lib\win64.o\libboost_program_options.dll
0x000007fef4a60000 - 0x000007fef4b66000 	C:\Xilinx\SDK\2016.2\lib\win64.o\libboost_regex.dll
0x000007fef5460000 - 0x000007fef5473000 	C:\Xilinx\SDK\2016.2\lib\win64.o\libboost_signals.dll
0x000007fef53f0000 - 0x000007fef540d000 	C:\Xilinx\SDK\2016.2\lib\win64.o\libboost_thread.dll
0x000007fefb4f0000 - 0x000007fefb4fb000 	C:\Xilinx\SDK\2016.2\lib\win64.o\libboost_chrono.dll
0x000007fefad40000 - 0x000007fefad4b000 	C:\Xilinx\SDK\2016.2\lib\win64.o\libboost_xilinx.dll
0x000007fef4f30000 - 0x000007fef4fb0000 	C:\Xilinx\SDK\2016.2\lib\win64.o\libhdlpsolve.dll
0x000007fef49c0000 - 0x000007fef4a5a000 	C:\Xilinx\SDK\2016.2\lib\win64.o\libhdxml.dll
0x000007fec3540000 - 0x000007fec39a5e00 	C:\Xilinx\SDK\2016.2\lib\win64.o\libisl_iostreams.dll
0x000007fef53d0000 - 0x000007fef53e6000 	C:\Xilinx\SDK\2016.2\lib\win64.o\libboost_iostreams.dll
0x000007fef53a0000 - 0x000007fef53c3000 	C:\Xilinx\SDK\2016.2\lib\win64.o\librdizlib.dll
0x000007fef52e0000 - 0x000007fef5303000 	C:\Xilinx\SDK\2016.2\lib\win64.o\libisl_iosutils.dll
0x000007fef52c0000 - 0x000007fef52d5000 	C:\Xilinx\SDK\2016.2\lib\win64.o\pthreadVC2.dll
0x000007fef4960000 - 0x000007fef49b4000 	C:\Xilinx\SDK\2016.2\lib\win64.o\librdi_commonxillic.dll
0x000007feeef20000 - 0x000007feef050000 	C:\Xilinx\SDK\2016.2\lib\win64.o\librdi_curl.dll
0x000007fef4f10000 - 0x000007fef4f28000 	C:\Xilinx\SDK\2016.2\lib\win64.o\librdiconfig.dll
0x0000000064500000 - 0x0000000064627000 	C:\Xilinx\SDK\2016.2\lib\win64.o\tcl85t.dll
0x00000000270b0000 - 0x0000000027313000 	C:\Xilinx\SDK\2016.2\lib\win64.o\xerces-c_3_1.dll
0x000007fefdfb0000 - 0x000007fefe136000 	C:\Windows\system32\urlmon.dll
0x000007fefd790000 - 0x000007fefd794000 	C:\Windows\system32\api-ms-win-downlevel-ole32-l1-1-0.dll
0x000007feea0d0000 - 0x000007feea0f3000 	C:\Windows\system32\VCOMP110.DLL
0x000007feee180000 - 0x000007feee372000 	C:\Xilinx\SDK\2016.2\lib\win64.o\librdi_hsm.dll
0x000007fef4910000 - 0x000007fef4953000 	C:\Xilinx\SDK\2016.2\lib\win64.o\librdi_hdf.dll
0x000007feeab90000 - 0x000007feeae11000 	C:\Xilinx\SDK\2016.2\lib\win64.o\librdi_ippcw.dll
0x000007fef4ef0000 - 0x000007fef4f06000 	C:\Xilinx\SDK\2016.2\eclipse\win64.o\plugins\org.eclipse.cdt.core.win32.x86_64_5.4.0.201509131935\os\win32\x86_64\spawner.dll
0x000007fefa8e0000 - 0x000007fefa8ea000 	C:\Xilinx\SDK\2016.2\lib\win64.o\librdi_jtag_settings.dll
0x000007fef48c0000 - 0x000007fef48e9000 	C:\Xilinx\SDK\2016.2\lib\win64.o\librdi_debug_dialog.dll
0x000007fef9980000 - 0x000007fef9988000 	C:\Xilinx\SDK\2016.2\lib\win64.o\librdi_target_manager.dll
0x0000000071080000 - 0x00000000710a6000 	C:\Xilinx\SDK\2016.2\eclipse\win64.o\plugins\gnu.io.rxtx.win32.x86_64_2.1.7.3_v20071015\os\win32\x86_64\rxtxSerial.dll
0x000007feb7f70000 - 0x000007feb8780000 	C:\Xilinx\SDK\2016.2\lib\win64.o\libXil_lmgr11FNP.dll
0x000007fef5a30000 - 0x000007fef5a3b000 	C:\Windows\system32\snmpapi.dll

VM Arguments:
jvm_args: -Dcom.xilinx.sdk.args.hwspec=C:/Users/chenya26/fix_cam/filter_vga_rc/image_filter_test_bench.sdk/design_1_wrapper.hdf -Xms64m -Xmx512m & 
java_command: <unknown>
java_class_path (initial): C:\Xilinx\SDK\2016.2\eclipse\win64.o\\plugins/org.eclipse.equinox.launcher_1.3.100.v20150511-1540.jar
Launcher Type: generic

Environment Variables:
PATH=C:/Xilinx/SDK/2016.2/tps/win64/jre/bin/server;C:/Xilinx/SDK/2016.2/tps/win64/jre/bin;C:/Xilinx/SDK/2016.2/tps/win64/jre/lib/amd64;C:\Xilinx\SDK\2016.2\gnuwin\bin;C:\Xilinx\SDK\2016.2\gnu\microblaze\nt\bin;C:\Xilinx\SDK\2016.2\gnu\microblaze\linux_toolchain\nt64_le\bin;C:\Xilinx\SDK\2016.2\gnu\microblaze\linux_toolchain\nt64_be\bin;C:\Xilinx\SDK\2016.2\gnu\arm\nt\bin;C:\Xilinx\SDK\2016.2\gnu\aarch64\nt\aarch64-none\bin;C:\Xilinx\SDK\2016.2\gnu\aarch64\nt\aarch64-linux\bin;C:\Xilinx\SDK\2016.2\gnu\armr5\nt\gcc-arm-none-eabi\bin;C:\Xilinx\SDK\2016.2\gnu\aarch32\nt\gcc-arm-none-eabi\bin;C:\Xilinx\SDK\2016.2\gnu\aarch32\nt\gcc-arm-linux-gnueabi\bin;C:\Xilinx\SDK\2016.2\tps\win64\cmake-3.3.2\bin;;C:\Xilinx\SDK\2016.2\bin;C:\Xilinx\SDK\2016.2\lib\win64.o;C:\Xilinx\SDK\2016.2\tps\win64\jre\bin\server;C:\Xilinx\SDK\2016.2\tps\win64\jre\bin;C:\Xilinx\Vivado\2016.2\ids_lite\ISE\bin\nt64;C:\Xilinx\Vivado\2016.2\ids_lite\ISE\lib\nt64;C:\Xilinx\Vivado\2016.2\bin;C:\Xilinx\Vivado\2016.2\lib\win64.o;C:\Xilinx\Vivado\2016.2\tps\win64\jre\bin\server;C:\Xilinx\Vivado\2016.2\tps\win64\jre\bin;C:\Xilinx\Vivado_HLS\2016.2\bin;C:\Windows\system32;C:\Windows;C:\Windows\System32\Wbem;C:\Windows\System32\WindowsPowerShell\v1.0\;C:\Program Files (x86)\Java\jre6\bin;C:\Program Files (x86)\eclipse;C:\altera\16.0\quartus\bin64;c:\altera\16.0\quartus\bin64\jre64\bin;c:\Users\chenya26\fix_cam\filter_vga_rc;
USERNAME=chenya26
OS=Windows_NT
PROCESSOR_IDENTIFIER=Intel64 Family 6 Model 60 Stepping 3, GenuineIntel



---------------  S Y S T E M  ---------------

OS: Windows 7 , 64 bit Build 7601 (6.1.7601.23418)

CPU:total 8 (4 cores per cpu, 2 threads per core) family 6 model 60 stepping 3, cmov, cx8, fxsr, mmx, sse, sse2, sse3, ssse3, sse4.1, sse4.2, popcnt, avx, avx2, aes, clmul, erms, lzcnt, ht, tsc, tscinvbit, bmi1, bmi2

Memory: 4k page, physical 16683160k(9151616k free), swap 33364460k(25108328k free)

vm_info: Java HotSpot(TM) 64-Bit Server VM (25.66-b18) for windows-amd64 JRE (1.8.0_66-b18), built on Nov  9 2015 10:51:13 by "java_re" with MS VC++ 10.0 (VS2010)

time: Fri Mar 24 16:38:57 2017
elapsed time: 238 seconds (0d 0h 3m 58s)

