#
# A fatal error has been detected by the Java Runtime Environment:
#
#  Internal Error (0xc000000d), pid=7148, tid=10124
#
# JRE version: Java(TM) SE Runtime Environment (8.0_66-b18) (build 1.8.0_66-b18)
# Java VM: Java HotSpot(TM) 64-Bit Server VM (25.66-b18 mixed mode windows-amd64 compressed oops)
# Problematic frame:
# C  [ntdll.dll+0x96ccf]
#
# Failed to write core dump. Minidumps are not enabled by default on client versions of Windows
#
# If you would like to submit a bug report, please visit:
#   http://bugreport.java.com/bugreport/crash.jsp
#

---------------  T H R E A D  ---------------

Current thread (0x0000000015082800):  VMThread [stack: 0x0000000015fd0000,0x00000000160d0000] [id=10124]

siginfo: ExceptionCode=0xc000000d

Registers:
RAX=0x0000000061997aee, RBX=0x0000000000000000, RCX=0x00000000160ced10, RDX=0x0000000000000000
RSP=0x00000000160cf320, RBP=0x000000001774fa90, RSI=0x000007fef7027408, RDI=0x00000000160cf468
R8 =0x0000000000000000, R9 =0x0000000000000000, R10=0x0000000000000000, R11=0x0000000000000246
R12=0x00000000176bbe30, R13=0x00000000176bbe00, R14=0x000000001774fb98, R15=0x0000000000000000
RIP=0x0000000077166ccf, EFLAGS=0x0000000000000206

Top of Stack: (sp=0x00000000160cf320)
0x00000000160cf320:   0000000000000000 000007fef7027408
0x00000000160cf330:   00000000160cf468 0000000000000000
0x00000000160cf340:   0000000000000050 0000000000180000
0x00000000160cf350:   0000000000000000 0000000000000000
0x00000000160cf360:   0000000000000002 000000007711dd48
0x00000000160cf370:   00000000c000000d 0000000000000000
0x00000000160cf380:   0000000077166ccf 0000000000000000
0x00000000160cf390:   0000000000000000 0000000000000000
0x00000000160cf3a0:   0000000000000000 0000000000000000
0x00000000160cf3b0:   0000000000000000 0000000000000000
0x00000000160cf3c0:   0000000000000000 0000000000000000
0x00000000160cf3d0:   0000000000000000 0000000000000000
0x00000000160cf3e0:   0000000000000000 0000000000000000
0x00000000160cf3f0:   0000000000000000 0000000000000000
0x00000000160cf400:   0000000000000000 00000000176bbe30
0x00000000160cf410:   0000000000000d70 0000000076ff34a8 

Instructions: (pc=0x0000000077166ccf)
0x0000000077166caf:   5d 6c fb ff b9 57 00 00 00 c7 44 24 50 0d 00 00
0x0000000077166cbf:   c0 e8 4b 6f fb ff 48 8d 4c 24 50 e8 41 1c f8 ff
0x0000000077166ccf:   4c 8b 1d 02 67 09 00 4d 85 db 74 5b 65 48 8b 04
0x0000000077166cdf:   25 30 00 00 00 f6 80 ee 17 00 00 08 74 12 65 48 


Register to memory mapping:

RAX=0x0000000061997aee is an unknown value
RBX=0x0000000000000000 is an unknown value
RCX=0x00000000160ced10 is an unknown value
RDX=0x0000000000000000 is an unknown value
RSP=0x00000000160cf320 is an unknown value
RBP=0x000000001774fa90 is an unknown value
RSI=0x000007fef7027408 is an unknown value
RDI=0x00000000160cf468 is an unknown value
R8 =0x0000000000000000 is an unknown value
R9 =0x0000000000000000 is an unknown value
R10=0x0000000000000000 is an unknown value
R11=0x0000000000000246 is an unknown value
R12=0x00000000176bbe30 is an unknown value
R13=0x00000000176bbe00 is an unknown value
R14=0x000000001774fb98 is an unknown value
R15=0x0000000000000000 is an unknown value


Stack: [0x0000000015fd0000,0x00000000160d0000],  sp=0x00000000160cf320,  free space=1020k
Native frames: (J=compiled Java code, j=interpreted, Vv=VM code, C=native code)
C  [ntdll.dll+0x96ccf]
C  [kernel32.dll+0x434a8]
C  [MSVCR110.dll+0x752d]
C  [MSVCR110.dll+0x73c6]
C  [MSVCR110.dll+0x14cca]
C  [MSVCR110.dll+0x13edc]
C  [MSVCR110.dll+0x239e]
C  [MSVCR110.dll+0xaf9e]
C  [MSVCP110.dll+0x397b9]
C  [librdi_common.dll+0x182316]
C  [librdi_common.dll+0x180fab]
C  [librdi_target_manager.dll+0x2400]
C  [librdi_target_manager.dll+0x2682]
C  [ntdll.dll+0x22ac1]
C  [ntdll.dll+0x228d0]
C  [MSVCR100.dll+0x20ccd]
V  [jvm.dll+0x210cc5]
V  [jvm.dll+0x249897]
V  [jvm.dll+0x248b36]
V  [jvm.dll+0x248fd1]
V  [jvm.dll+0x2491ee]
V  [jvm.dll+0x29a0fa]
C  [MSVCR100.dll+0x21d9f]
C  [MSVCR100.dll+0x21e3b]
C  [kernel32.dll+0x159cd]
C  [ntdll.dll+0x2a561]

VM_Operation (0x000000000012f4c0): Exit, mode: safepoint, requested by thread 0x000000000057e800


---------------  P R O C E S S  ---------------

Java Threads: ( => current thread )
  0x000000001ca6e800 JavaThread "TCF Channel Transmitter" daemon [_thread_blocked, id=10052, stack(0x0000000029460000,0x0000000029560000)]
  0x000000001ca6e000 JavaThread "TCF Channel Receiver" daemon [_thread_in_native, id=6236, stack(0x00000000275f0000,0x00000000276f0000)]
  0x000000001ca6c800 JavaThread "Process monitor" daemon [_thread_in_native, id=8800, stack(0x0000000028160000,0x0000000028260000)]
  0x000000001ca6b000 JavaThread "Input Stream Monitor" daemon [_thread_blocked, id=7600, stack(0x0000000028060000,0x0000000028160000)]
  0x000000001ca6b800 JavaThread "Output Stream Monitor" daemon [_thread_in_native, id=5096, stack(0x0000000027f60000,0x0000000028060000)]
  0x000000001ca6a000 JavaThread "Output Stream Monitor" daemon [_thread_in_native, id=9112, stack(0x0000000026c60000,0x0000000026d60000)]
  0x000000001ca63800 JavaThread "Thread-13" daemon [_thread_blocked, id=256, stack(0x0000000026770000,0x0000000026870000)]
  0x0000000018832800 JavaThread "TCF Locator DNS Lookup" daemon [_thread_blocked, id=200, stack(0x0000000025530000,0x0000000025630000)]
  0x0000000018832000 JavaThread "TCF Locator Timer" daemon [_thread_blocked, id=5396, stack(0x0000000024410000,0x0000000024510000)]
  0x0000000018831000 JavaThread "TCF Locator Receiver" daemon [_thread_in_native, id=6256, stack(0x0000000024310000,0x0000000024410000)]
  0x000000001882f800 JavaThread "TCF Timer Dispatcher" daemon [_thread_blocked, id=5268, stack(0x0000000021f40000,0x0000000022040000)]
  0x0000000018679800 JavaThread "EMF Reference Cleaner" daemon [_thread_blocked, id=5176, stack(0x000000001a130000,0x000000001a230000)]
  0x0000000015191800 JavaThread "Service Thread" daemon [_thread_blocked, id=7248, stack(0x0000000016990000,0x0000000016a90000)]
  0x0000000015108800 JavaThread "C1 CompilerThread3" daemon [_thread_blocked, id=6244, stack(0x0000000016890000,0x0000000016990000)]
  0x00000000150ff800 JavaThread "C2 CompilerThread2" daemon [_thread_blocked, id=8568, stack(0x0000000016790000,0x0000000016890000)]
  0x00000000150fb000 JavaThread "C2 CompilerThread1" daemon [_thread_blocked, id=9744, stack(0x0000000016690000,0x0000000016790000)]
  0x00000000150e6000 JavaThread "C2 CompilerThread0" daemon [_thread_blocked, id=2612, stack(0x0000000016590000,0x0000000016690000)]
  0x00000000150d0800 JavaThread "Attach Listener" daemon [_thread_blocked, id=9668, stack(0x0000000016490000,0x0000000016590000)]
  0x00000000150ef800 JavaThread "Signal Dispatcher" daemon [_thread_blocked, id=6828, stack(0x0000000016390000,0x0000000016490000)]
  0x0000000013f12800 JavaThread "Finalizer" daemon [_thread_blocked, id=3200, stack(0x00000000161d0000,0x00000000162d0000)]
  0x0000000013f0c000 JavaThread "Reference Handler" daemon [_thread_blocked, id=10000, stack(0x00000000160d0000,0x00000000161d0000)]
  0x000000000057e800 JavaThread "main" [_thread_blocked, id=5000, stack(0x0000000000030000,0x0000000000130000)]

Other Threads:
=>0x0000000015082800 VMThread [stack: 0x0000000015fd0000,0x00000000160d0000] [id=10124]

VM state:at safepoint (shutting down)

VM Mutex/Monitor currently owned by a thread:  ([mutex/lock_event])
[0x0000000002608900] Threads_lock - owner thread: 0x0000000015082800

Heap:
 PSYoungGen      total 145920K, used 51911K [0x00000000f5580000, 0x00000000ffd80000, 0x0000000100000000)
  eden space 121856K, 42% used [0x00000000f5580000,0x00000000f8831f88,0x00000000fcc80000)
  from space 24064K, 0% used [0x00000000fe600000,0x00000000fe600000,0x00000000ffd80000)
  to   space 25088K, 0% used [0x00000000fcc80000,0x00000000fcc80000,0x00000000fe500000)
 ParOldGen       total 114176K, used 46776K [0x00000000e0000000, 0x00000000e6f80000, 0x00000000f5580000)
  object space 114176K, 40% used [0x00000000e0000000,0x00000000e2dae160,0x00000000e6f80000)
 Metaspace       used 89626K, capacity 96976K, committed 97304K, reserved 1132544K
  class space    used 11048K, capacity 13550K, committed 13600K, reserved 1048576K

Card table byte_map: [0x0000000011a60000,0x0000000011b70000] byte_map_base: 0x0000000011360000

Marking Bits: (ParMarkBitMap*) 0x00000000708fa5b0
 Begin Bits: [0x0000000012420000, 0x0000000012c20000)
 End Bits:   [0x0000000012c20000, 0x0000000013420000)

Polling page: 0x0000000000490000

CodeCache: size=245760Kb used=33934Kb max_used=33934Kb free=211825Kb
 bounds [0x00000000026a0000, 0x0000000004810000, 0x00000000116a0000]
 total_blobs=10019 nmethods=9107 adapters=819
 compilation: enabled

Compilation events (10 events):
Event: 800.779 Thread 0x0000000015108800 nmethod 11131 0x000000000376b490 code [0x000000000376b620, 0x000000000376bd48]
Event: 800.779 Thread 0x0000000015108800 11132       3       org.eclipse.osgi.container.ModuleWiring::unload (6 bytes)
Event: 800.779 Thread 0x0000000015108800 nmethod 11132 0x0000000003056d50 code [0x0000000003056ec0, 0x0000000003057048]
Event: 800.779 Thread 0x0000000015108800 11133       3       org.eclipse.osgi.container.ModuleWiring::invalidate0 (52 bytes)
Event: 800.779 Thread 0x0000000015108800 nmethod 11133 0x00000000033eb550 code [0x00000000033eb700, 0x00000000033ec0a8]
Event: 800.779 Thread 0x0000000015108800 11134       3       org.eclipse.osgi.internal.container.AtomicLazyInitializer::getAndClear (9 bytes)
Event: 800.779 Thread 0x0000000015108800 nmethod 11134 0x00000000035a7950 code [0x00000000035a7ac0, 0x00000000035a7d10]
Event: 800.780 Thread 0x0000000015108800 11135       3       java.util.concurrent.atomic.AtomicReference::getAndSet (12 bytes)
Event: 800.780 Thread 0x0000000015108800 nmethod 11135 0x0000000003b3ee90 code [0x0000000003b3efe0, 0x0000000003b3f150]
Event: 800.780 Thread 0x0000000015108800 11137       3       org.eclipse.osgi.internal.framework.EquinoxContainerAdaptor::invalidateWiring (186 bytes)

GC Heap History (10 events):
Event: 649.335 GC heap before
{Heap before GC invocations=33 (full 13):
 PSYoungGen      total 147456K, used 512K [0x00000000f5580000, 0x0000000100000000, 0x0000000100000000)
  eden space 118784K, 0% used [0x00000000f5580000,0x00000000f5580000,0x00000000fc980000)
  from space 28672K, 1% used [0x00000000fe400000,0x00000000fe480000,0x0000000100000000)
  to   space 27136K, 0% used [0x00000000fc980000,0x00000000fc980000,0x00000000fe400000)
 ParOldGen       total 114176K, used 48984K [0x00000000e0000000, 0x00000000e6f80000, 0x00000000f5580000)
  object space 114176K, 42% used [0x00000000e0000000,0x00000000e2fd6138,0x00000000e6f80000)
 Metaspace       used 88647K, capacity 96068K, committed 96408K, reserved 1132544K
  class space    used 10948K, capacity 13394K, committed 13472K, reserved 1048576K
Event: 649.756 GC heap after
Heap after GC invocations=33 (full 13):
 PSYoungGen      total 147456K, used 0K [0x00000000f5580000, 0x0000000100000000, 0x0000000100000000)
  eden space 118784K, 0% used [0x00000000f5580000,0x00000000f5580000,0x00000000fc980000)
  from space 28672K, 0% used [0x00000000fe400000,0x00000000fe400000,0x0000000100000000)
  to   space 27136K, 0% used [0x00000000fc980000,0x00000000fc980000,0x00000000fe400000)
 ParOldGen       total 114176K, used 47010K [0x00000000e0000000, 0x00000000e6f80000, 0x00000000f5580000)
  object space 114176K, 41% used [0x00000000e0000000,0x00000000e2de8a50,0x00000000e6f80000)
 Metaspace       used 88626K, capacity 96032K, committed 96408K, reserved 1132544K
  class space    used 10945K, capacity 13388K, committed 13472K, reserved 1048576K
}
Event: 709.340 GC heap before
{Heap before GC invocations=34 (full 13):
 PSYoungGen      total 147456K, used 6001K [0x00000000f5580000, 0x0000000100000000, 0x0000000100000000)
  eden space 118784K, 5% used [0x00000000f5580000,0x00000000f5b5c420,0x00000000fc980000)
  from space 28672K, 0% used [0x00000000fe400000,0x00000000fe400000,0x0000000100000000)
  to   space 27136K, 0% used [0x00000000fc980000,0x00000000fc980000,0x00000000fe400000)
 ParOldGen       total 114176K, used 47010K [0x00000000e0000000, 0x00000000e6f80000, 0x00000000f5580000)
  object space 114176K, 41% used [0x00000000e0000000,0x00000000e2de8a50,0x00000000e6f80000)
 Metaspace       used 88627K, capacity 96032K, committed 96408K, reserved 1132544K
  class space    used 10945K, capacity 13388K, committed 13472K, reserved 1048576K
Event: 709.345 GC heap after
Heap after GC invocations=34 (full 13):
 PSYoungGen      total 145920K, used 160K [0x00000000f5580000, 0x00000000fff80000, 0x0000000100000000)
  eden space 118784K, 0% used [0x00000000f5580000,0x00000000f5580000,0x00000000fc980000)
  from space 27136K, 0% used [0x00000000fc980000,0x00000000fc9a8000,0x00000000fe400000)
  to   space 26112K, 0% used [0x00000000fe600000,0x00000000fe600000,0x00000000fff80000)
 ParOldGen       total 114176K, used 47010K [0x00000000e0000000, 0x00000000e6f80000, 0x00000000f5580000)
  object space 114176K, 41% used [0x00000000e0000000,0x00000000e2de8a50,0x00000000e6f80000)
 Metaspace       used 88627K, capacity 96032K, committed 96408K, reserved 1132544K
  class space    used 10945K, capacity 13388K, committed 13472K, reserved 1048576K
}
Event: 709.345 GC heap before
{Heap before GC invocations=35 (full 14):
 PSYoungGen      total 145920K, used 160K [0x00000000f5580000, 0x00000000fff80000, 0x0000000100000000)
  eden space 118784K, 0% used [0x00000000f5580000,0x00000000f5580000,0x00000000fc980000)
  from space 27136K, 0% used [0x00000000fc980000,0x00000000fc9a8000,0x00000000fe400000)
  to   space 26112K, 0% used [0x00000000fe600000,0x00000000fe600000,0x00000000fff80000)
 ParOldGen       total 114176K, used 47010K [0x00000000e0000000, 0x00000000e6f80000, 0x00000000f5580000)
  object space 114176K, 41% used [0x00000000e0000000,0x00000000e2de8a50,0x00000000e6f80000)
 Metaspace       used 88627K, capacity 96032K, committed 96408K, reserved 1132544K
  class space    used 10945K, capacity 13388K, committed 13472K, reserved 1048576K
Event: 709.519 GC heap after
Heap after GC invocations=35 (full 14):
 PSYoungGen      total 145920K, used 0K [0x00000000f5580000, 0x00000000fff80000, 0x0000000100000000)
  eden space 118784K, 0% used [0x00000000f5580000,0x00000000f5580000,0x00000000fc980000)
  from space 27136K, 0% used [0x00000000fc980000,0x00000000fc980000,0x00000000fe400000)
  to   space 26112K, 0% used [0x00000000fe600000,0x00000000fe600000,0x00000000fff80000)
 ParOldGen       total 114176K, used 46803K [0x00000000e0000000, 0x00000000e6f80000, 0x00000000f5580000)
  object space 114176K, 40% used [0x00000000e0000000,0x00000000e2db4e60,0x00000000e6f80000)
 Metaspace       used 88627K, capacity 96032K, committed 96408K, reserved 1132544K
  class space    used 10945K, capacity 13388K, committed 13472K, reserved 1048576K
}
Event: 769.351 GC heap before
{Heap before GC invocations=36 (full 14):
 PSYoungGen      total 145920K, used 4267K [0x00000000f5580000, 0x00000000fff80000, 0x0000000100000000)
  eden space 118784K, 3% used [0x00000000f5580000,0x00000000f59aafb0,0x00000000fc980000)
  from space 27136K, 0% used [0x00000000fc980000,0x00000000fc980000,0x00000000fe400000)
  to   space 26112K, 0% used [0x00000000fe600000,0x00000000fe600000,0x00000000fff80000)
 ParOldGen       total 114176K, used 46803K [0x00000000e0000000, 0x00000000e6f80000, 0x00000000f5580000)
  object space 114176K, 40% used [0x00000000e0000000,0x00000000e2db4e60,0x00000000e6f80000)
 Metaspace       used 88640K, capacity 96032K, committed 96408K, reserved 1132544K
  class space    used 10945K, capacity 13388K, committed 13472K, reserved 1048576K
Event: 769.357 GC heap after
Heap after GC invocations=36 (full 14):
 PSYoungGen      total 145920K, used 224K [0x00000000f5580000, 0x00000000ffd80000, 0x0000000100000000)
  eden space 121856K, 0% used [0x00000000f5580000,0x00000000f5580000,0x00000000fcc80000)
  from space 24064K, 0% used [0x00000000fe600000,0x00000000fe638000,0x00000000ffd80000)
  to   space 25088K, 0% used [0x00000000fcc80000,0x00000000fcc80000,0x00000000fe500000)
 ParOldGen       total 114176K, used 46811K [0x00000000e0000000, 0x00000000e6f80000, 0x00000000f5580000)
  object space 114176K, 40% used [0x00000000e0000000,0x00000000e2db6e60,0x00000000e6f80000)
 Metaspace       used 88640K, capacity 96032K, committed 96408K, reserved 1132544K
  class space    used 10945K, capacity 13388K, committed 13472K, reserved 1048576K
}
Event: 769.357 GC heap before
{Heap before GC invocations=37 (full 15):
 PSYoungGen      total 145920K, used 224K [0x00000000f5580000, 0x00000000ffd80000, 0x0000000100000000)
  eden space 121856K, 0% used [0x00000000f5580000,0x00000000f5580000,0x00000000fcc80000)
  from space 24064K, 0% used [0x00000000fe600000,0x00000000fe638000,0x00000000ffd80000)
  to   space 25088K, 0% used [0x00000000fcc80000,0x00000000fcc80000,0x00000000fe500000)
 ParOldGen       total 114176K, used 46811K [0x00000000e0000000, 0x00000000e6f80000, 0x00000000f5580000)
  object space 114176K, 40% used [0x00000000e0000000,0x00000000e2db6e60,0x00000000e6f80000)
 Metaspace       used 88640K, capacity 96032K, committed 96408K, reserved 1132544K
  class space    used 10945K, capacity 13388K, committed 13472K, reserved 1048576K
Event: 769.592 GC heap after
Heap after GC invocations=37 (full 15):
 PSYoungGen      total 145920K, used 0K [0x00000000f5580000, 0x00000000ffd80000, 0x0000000100000000)
  eden space 121856K, 0% used [0x00000000f5580000,0x00000000f5580000,0x00000000fcc80000)
  from space 24064K, 0% used [0x00000000fe600000,0x00000000fe600000,0x00000000ffd80000)
  to   space 25088K, 0% used [0x00000000fcc80000,0x00000000fcc80000,0x00000000fe500000)
 ParOldGen       total 114176K, used 46776K [0x00000000e0000000, 0x00000000e6f80000, 0x00000000f5580000)
  object space 114176K, 40% used [0x00000000e0000000,0x00000000e2dae160,0x00000000e6f80000)
 Metaspace       used 88632K, capacity 96020K, committed 96408K, reserved 1132544K
  class space    used 10944K, capacity 13386K, committed 13472K, reserved 1048576K
}

Deoptimization events (10 events):
Event: 800.026 Thread 0x00000000182b3800 Uncommon trap: reason=predicate action=maybe_recompile pc=0x00000000044883dc method=java.util.Arrays.fill([Ljava/lang/Object;Ljava/lang/Object;)V @ 10
Event: 800.037 Thread 0x00000000182b3800 Uncommon trap: reason=array_check action=maybe_recompile pc=0x0000000002e15078 method=java.util.Arrays.fill([Ljava/lang/Object;Ljava/lang/Object;)V @ 13
Event: 800.037 Thread 0x00000000182b3800 Uncommon trap: reason=array_check action=maybe_recompile pc=0x0000000002e15078 method=java.util.Arrays.fill([Ljava/lang/Object;Ljava/lang/Object;)V @ 13
Event: 800.037 Thread 0x00000000182b3800 Uncommon trap: reason=array_check action=maybe_recompile pc=0x0000000002e15078 method=java.util.Arrays.fill([Ljava/lang/Object;Ljava/lang/Object;)V @ 13
Event: 800.037 Thread 0x00000000182b3800 Uncommon trap: reason=array_check action=maybe_recompile pc=0x0000000002e15078 method=java.util.Arrays.fill([Ljava/lang/Object;Ljava/lang/Object;)V @ 13
Event: 800.037 Thread 0x0000000018835000 Uncommon trap: reason=unstable_if action=reinterpret pc=0x0000000002f75924 method=org.eclipse.swt.graphics.Resource.dispose()V @ 15
Event: 800.625 Thread 0x0000000018835000 Uncommon trap: reason=unstable_if action=reinterpret pc=0x00000000028f5da8 method=org.eclipse.osgi.internal.hooks.EclipseLazyStarter.shouldActivateFor(Ljava/lang/String;Lorg/eclipse/osgi/container/Module;Lorg/eclipse/osgi/container/ModuleRevision;Lorg/ecliYeXqÿ‰@
Event: 800.750 Thread 0x00000000182b3800 Uncommon trap: reason=unstable_if action=reinterpret pc=0x0000000003602610 method=org.eclipse.osgi.internal.framework.BundleContextImpl.dispatchEvent(Ljava/lang/Object;Ljava/lang/Object;ILjava/lang/Object;)V @ 16
Event: 800.753 Thread 0x0000000018827000 Uncommon trap: reason=unstable_if action=reinterpret pc=0x000000000442cfc0 method=org.eclipse.core.internal.jobs.JobManager.nextJob()Lorg/eclipse/core/runtime/jobs/Job; @ 80
Event: 800.754 Thread 0x000000001ca65800 Uncommon trap: reason=unstable_if action=reinterpret pc=0x00000000044333c8 method=org.eclipse.core.internal.jobs.JobManager.nextJob()Lorg/eclipse/core/runtime/jobs/Job; @ 80

Internal exceptions (10 events):
Event: 310.360 Thread 0x000000000057e800 Implicit null exception at 0x00000000042c1cae to 0x00000000042c1f75
Event: 770.352 Thread 0x000000000057e800 Implicit null exception at 0x0000000002f9ceb4 to 0x0000000002f9cf51
Event: 771.676 Thread 0x000000000057e800 Implicit null exception at 0x0000000002f9c861 to 0x0000000002f9ca41
Event: 799.261 Thread 0x000000000057e800 Implicit null exception at 0x00000000041ef43d to 0x00000000041ef4a1
Event: 799.947 Thread 0x000000000057e800 Implicit null exception at 0x0000000002cc8b08 to 0x0000000002ccb275
Event: 800.006 Thread 0x000000001ca61000 Exception <a 'java/lang/InterruptedException'> (0x00000000f8105570) thrown at [C:\re\workspace\8-2-build-windows-amd64-cygwin\jdk8u66\5298\hotspot\src\share\vm\runtime\objectMonitor.cpp, line 1683]
Event: 800.749 Thread 0x000000001882b800 Exception <a 'java/lang/InterruptedException'> (0x00000000f6033570) thrown at [C:\re\workspace\8-2-build-windows-amd64-cygwin\jdk8u66\5298\hotspot\src\share\vm\runtime\objectMonitor.cpp, line 1683]
Event: 800.774 Thread 0x00000000182b3800 Exception <a 'java/lang/InterruptedException'> (0x00000000f84658b8) thrown at [C:\re\workspace\8-2-build-windows-amd64-cygwin\jdk8u66\5298\hotspot\src\share\vm\runtime\objectMonitor.cpp, line 1683]
Event: 800.777 Thread 0x0000000018829800 Exception <a 'java/lang/InterruptedException'> (0x00000000f731d3f0) thrown at [C:\re\workspace\8-2-build-windows-amd64-cygwin\jdk8u66\5298\hotspot\src\share\vm\runtime\objectMonitor.cpp, line 1683]
Event: 800.777 Thread 0x0000000017be7000 Exception <a 'java/lang/InterruptedException'> (0x00000000f8761238) thrown at [C:\re\workspace\8-2-build-windows-amd64-cygwin\jdk8u66\5298\hotspot\src\share\vm\runtime\objectMonitor.cpp, line 1683]

Events (10 events):
Event: 800.777 Thread 0x0000000017d9b800 Thread exited: 0x0000000017d9b800
Event: 800.778 Thread 0x0000000017be7000 Thread exited: 0x0000000017be7000
Event: 800.780 Thread 0x0000000018835000 Thread exited: 0x0000000018835000
Event: 800.780 loading class java/util/IdentityHashMap$KeyIterator
Event: 800.780 loading class java/util/IdentityHashMap$IdentityHashMapIterator
Event: 800.780 loading class java/util/IdentityHashMap$IdentityHashMapIterator done
Event: 800.780 loading class java/util/IdentityHashMap$KeyIterator done
Event: 800.780 Thread 0x0000000018835000 Thread added: 0x0000000018835000
Event: 800.780 Thread 0x0000000018835000 Thread exited: 0x0000000018835000
Event: 800.782 Executing VM operation: Exit


Dynamic libraries:
0x0000000000400000 - 0x000000000044f000 	F:\ECE532\SDK\2016.2\eclipse\win64.o\eclipse.exe
0x00000000770d0000 - 0x000000007727a000 	C:\Windows\SYSTEM32\ntdll.dll
0x0000000076fb0000 - 0x00000000770cf000 	C:\Windows\system32\kernel32.dll
0x000007fefcf80000 - 0x000007fefcfea000 	C:\Windows\system32\KERNELBASE.dll
0x0000000076eb0000 - 0x0000000076faa000 	C:\Windows\system32\USER32.dll
0x000007fefd180000 - 0x000007fefd1e7000 	C:\Windows\system32\GDI32.dll
0x000007fefecc0000 - 0x000007fefecce000 	C:\Windows\system32\LPK.dll
0x000007feff2c0000 - 0x000007feff38a000 	C:\Windows\system32\USP10.dll
0x000007fefebf0000 - 0x000007fefec8f000 	C:\Windows\system32\msvcrt.dll
0x000007fefb670000 - 0x000007fefb864000 	C:\Windows\WinSxS\amd64_microsoft.windows.common-controls_6595b64144ccf1df_6.0.7601.18837_none_fa3b1e3d17594757\COMCTL32.dll
0x000007fefe5f0000 - 0x000007fefe661000 	C:\Windows\system32\SHLWAPI.dll
0x000007fefec90000 - 0x000007fefecbe000 	C:\Windows\system32\IMM32.DLL
0x000007fefd690000 - 0x000007fefd799000 	C:\Windows\system32\MSCTF.dll
0x0000000072000000 - 0x0000000072012000 	F:\ECE532\SDK\2016.2\eclipse\win64.o\plugins\org.eclipse.equinox.launcher.win32.win32.x86_64_1.1.300.v20150602-1417\eclipse_1611.dll
0x000007fefecd0000 - 0x000007fefedab000 	C:\Windows\system32\ADVAPI32.dll
0x000007fefd7a0000 - 0x000007fefd7bf000 	C:\Windows\SYSTEM32\sechost.dll
0x000007fefd1f0000 - 0x000007fefd31d000 	C:\Windows\system32\RPCRT4.dll
0x000007fefbe50000 - 0x000007fefbe5c000 	C:\Windows\system32\VERSION.dll
0x000007fefb490000 - 0x000007fefb4e6000 	C:\Windows\system32\uxtheme.dll
0x00000000700f0000 - 0x0000000070979000 	F:\ECE532\SDK\2016.2\tps\win64\jre\bin\server\jvm.dll
0x000007fef7890000 - 0x000007fef7899000 	C:\Windows\system32\WSOCK32.dll
0x000007feff390000 - 0x000007feff3dd000 	C:\Windows\system32\WS2_32.dll
0x000007fefd170000 - 0x000007fefd178000 	C:\Windows\system32\NSI.dll
0x000007fefaa40000 - 0x000007fefaa7b000 	C:\Windows\system32\WINMM.dll
0x00000000772a0000 - 0x00000000772a7000 	C:\Windows\system32\PSAPI.DLL
0x0000000072d90000 - 0x0000000072e62000 	C:\Windows\system32\MSVCR100.dll
0x000000006e5a0000 - 0x000000006e5af000 	F:\ECE532\SDK\2016.2\tps\win64\jre\bin\verify.dll
0x000000006a8f0000 - 0x000000006a919000 	F:\ECE532\SDK\2016.2\tps\win64\jre\bin\java.dll
0x000000006c770000 - 0x000000006c786000 	F:\ECE532\SDK\2016.2\tps\win64\jre\bin\zip.dll
0x000007fefd7c0000 - 0x000007fefe54a000 	C:\Windows\system32\SHELL32.dll
0x000007fefe6f0000 - 0x000007fefe8f3000 	C:\Windows\system32\ole32.dll
0x000007fefcdc0000 - 0x000007fefcdcf000 	C:\Windows\system32\profapi.dll
0x000007fefc5b0000 - 0x000007fefc5c8000 	C:\Windows\system32\CRYPTSP.dll
0x000007fefc2b0000 - 0x000007fefc2f7000 	C:\Windows\system32\rsaenh.dll
0x000007fefd060000 - 0x000007fefd07e000 	C:\Windows\system32\USERENV.dll
0x000007fefcc10000 - 0x000007fefcc1f000 	C:\Windows\system32\CRYPTBASE.dll
0x000000006e4c0000 - 0x000000006e4da000 	F:\ECE532\SDK\2016.2\tps\win64\jre\bin\net.dll
0x000007fefc550000 - 0x000007fefc5a5000 	C:\Windows\system32\mswsock.dll
0x000007fefc540000 - 0x000007fefc547000 	C:\Windows\System32\wship6.dll
0x000007fefa4f0000 - 0x000007fefa517000 	C:\Windows\system32\IPHLPAPI.DLL
0x000007fefa4e0000 - 0x000007fefa4eb000 	C:\Windows\system32\WINNSI.DLL
0x000007fefa0d0000 - 0x000007fefa0e8000 	C:\Windows\system32\dhcpcsvc.DLL
0x000007fefa0b0000 - 0x000007fefa0c1000 	C:\Windows\system32\dhcpcsvc6.DLL
0x000000006a8d0000 - 0x000000006a8e1000 	F:\ECE532\SDK\2016.2\tps\win64\jre\bin\nio.dll
0x000007fef9f90000 - 0x000007fef9fa5000 	C:\Windows\system32\NLAapi.dll
0x000007fef5990000 - 0x000007fef59a5000 	C:\Windows\system32\napinsp.dll
0x000007fef5970000 - 0x000007fef5989000 	C:\Windows\system32\pnrpnsp.dll
0x000007fefc3d0000 - 0x000007fefc42b000 	C:\Windows\system32\DNSAPI.dll
0x000007fef5c80000 - 0x000007fef5c8b000 	C:\Windows\System32\winrnr.dll
0x000007fef5bd0000 - 0x000007fef5be0000 	C:\Windows\system32\wshbth.dll
0x000007fef8c30000 - 0x000007fef8c5e000 	C:\Program Files\Common Files\Microsoft Shared\Windows Live\WLIDNSP.DLL
0x000007fefbf20000 - 0x000007fefbf27000 	C:\Windows\System32\wshtcpip.dll
0x000007fef8b50000 - 0x000007fef8b58000 	C:\Windows\system32\rasadhlp.dll
0x000007fefa1f0000 - 0x000007fefa243000 	C:\Windows\System32\fwpuclnt.dll
0x000007fefd420000 - 0x000007fefd4fa000 	C:\Windows\system32\OLEAUT32.DLL
0x0000000019e30000 - 0x0000000019ed8000 	C:\Users\Qmyang\.Xilinx\SDK\2016.2\org.eclipse.osgi\312\0\.cp\swt-win32-4527.dll
0x000007fefd380000 - 0x000007fefd417000 	C:\Windows\system32\comdlg32.dll
0x000007fef8d90000 - 0x000007fef8e01000 	C:\Windows\system32\WINSPOOL.DRV
0x000007fefef90000 - 0x000007feff2b1000 	C:\Windows\system32\WININET.dll
0x000007fefd0a0000 - 0x000007fefd0a4000 	C:\Windows\system32\api-ms-win-downlevel-user32-l1-1-0.dll
0x000007fefd080000 - 0x000007fefd084000 	C:\Windows\system32\api-ms-win-downlevel-shlwapi-l1-1-0.dll
0x000007fefd050000 - 0x000007fefd054000 	C:\Windows\system32\api-ms-win-downlevel-version-l1-1-0.dll
0x000007fefd0b0000 - 0x000007fefd0b3000 	C:\Windows\system32\api-ms-win-downlevel-normaliz-l1-1-0.dll
0x0000000077290000 - 0x0000000077293000 	C:\Windows\system32\normaliz.DLL
0x000007fefe920000 - 0x000007fefebe9000 	C:\Windows\system32\iertutil.dll
0x000007fefd160000 - 0x000007fefd165000 	C:\Windows\system32\api-ms-win-downlevel-advapi32-l1-1-0.dll
0x000007fefce10000 - 0x000007fefcf7d000 	C:\Windows\system32\CRYPT32.dll
0x000007fefcdb0000 - 0x000007fefcdbf000 	C:\Windows\system32\MSASN1.dll
0x000007fefb030000 - 0x000007fefb048000 	C:\Windows\system32\dwmapi.dll
0x000007fefb4f0000 - 0x000007fefb61c000 	C:\Windows\system32\propsys.dll
0x000007fefe550000 - 0x000007fefe5e9000 	C:\Windows\system32\CLBCatQ.DLL
0x00000000005b0000 - 0x00000000005ce000 	C:\Users\Qmyang\.Xilinx\SDK\2016.2\org.eclipse.osgi\312\0\.cp\swt-gdip-win32-4527.dll
0x000007fefb270000 - 0x000007fefb486000 	C:\Windows\WinSxS\amd64_microsoft.windows.gdiplus_6595b64144ccf1df_1.1.7601.23688_none_145d575e8b8eb5b3\gdiplus.dll
0x000007fefa8d0000 - 0x000007fefaa31000 	C:\Windows\system32\WindowsCodecs.dll
0x0000000180000000 - 0x0000000180012000 	C:\Users\Qmyang\.Xilinx\SDK\2016.2\org.eclipse.osgi\126\0\.cp\os\win32\x86_64\localfile_1_0_0.dll
0x000007fef8d30000 - 0x000007fef8d84000 	C:\Windows\system32\oleacc.dll
0x000007fef91c0000 - 0x000007fef91c7000 	C:\Windows\system32\msimg32.dll
0x000007fefcd00000 - 0x000007fefcd14000 	C:\Windows\system32\RpcRtRemote.dll
0x000007fefcbb0000 - 0x000007fefcc07000 	C:\Windows\system32\apphelp.dll
0x000007fef5be0000 - 0x000007fef5bea000 	F:\ECE532\SDK\2016.2\lib\win64.o\librdi_jtag_settings.dll
0x000007fef1f60000 - 0x000007fef1f89000 	F:\ECE532\SDK\2016.2\lib\win64.o\librdi_debug_dialog.dll
0x000007fef1f00000 - 0x000007fef1f24000 	F:\ECE532\SDK\2016.2\lib\win64.o\libboost_filesystem.dll
0x000007fef5800000 - 0x000007fef5809000 	F:\ECE532\SDK\2016.2\lib\win64.o\libboost_system.dll
0x000007fef59d0000 - 0x000007fef5a77000 	C:\Windows\system32\MSVCP110.dll
0x000007fef7020000 - 0x000007fef70f4000 	C:\Windows\system32\MSVCR110.dll
0x000007febbf10000 - 0x000007febc950000 	F:\ECE532\SDK\2016.2\lib\win64.o\librdi_common.dll
0x000007febded0000 - 0x000007febe23e000 	F:\ECE532\SDK\2016.2\lib\win64.o\libCOIN-all.dll
0x000007febe390000 - 0x000007febe5af000 	F:\ECE532\SDK\2016.2\lib\win64.o\libXil_lmgr11.dll
0x000007fefa680000 - 0x000007fefa696000 	C:\Windows\system32\NETAPI32.dll
0x000007fefa670000 - 0x000007fefa67c000 	C:\Windows\system32\netutils.dll
0x000007fefc850000 - 0x000007fefc873000 	C:\Windows\system32\srvcli.dll
0x000007fef9a40000 - 0x000007fef9a55000 	C:\Windows\system32\wkscli.dll
0x000007fefcff0000 - 0x000007fefd02b000 	C:\Windows\system32\WINTRUST.dll
0x000007fef5810000 - 0x000007fef5820000 	F:\ECE532\SDK\2016.2\lib\win64.o\libboost_date_time.dll
0x000007fef1e80000 - 0x000007fef1ef7000 	F:\ECE532\SDK\2016.2\lib\win64.o\libboost_program_options.dll
0x000007fee59c0000 - 0x000007fee5ac6000 	F:\ECE532\SDK\2016.2\lib\win64.o\libboost_regex.dll
0x000007fef1f40000 - 0x000007fef1f53000 	F:\ECE532\SDK\2016.2\lib\win64.o\libboost_signals.dll
0x000007fef1e60000 - 0x000007fef1e7d000 	F:\ECE532\SDK\2016.2\lib\win64.o\libboost_thread.dll
0x000007fef1f30000 - 0x000007fef1f3b000 	F:\ECE532\SDK\2016.2\lib\win64.o\libboost_chrono.dll
0x000007fef1e50000 - 0x000007fef1e5b000 	F:\ECE532\SDK\2016.2\lib\win64.o\libboost_xilinx.dll
0x000007fec7cb0000 - 0x000007fec7d30000 	F:\ECE532\SDK\2016.2\lib\win64.o\libhdlpsolve.dll
0x000007fec3a80000 - 0x000007fec3b1a000 	F:\ECE532\SDK\2016.2\lib\win64.o\libhdxml.dll
0x000007febd3c0000 - 0x000007febd825e00 	F:\ECE532\SDK\2016.2\lib\win64.o\libisl_iostreams.dll
0x000007feef890000 - 0x000007feef8a6000 	F:\ECE532\SDK\2016.2\lib\win64.o\libboost_iostreams.dll
0x000007fec7700000 - 0x000007fec7723000 	F:\ECE532\SDK\2016.2\lib\win64.o\librdizlib.dll
0x000007fec7360000 - 0x000007fec7383000 	F:\ECE532\SDK\2016.2\lib\win64.o\libisl_iosutils.dll
0x000007fec7330000 - 0x000007fec735a000 	F:\ECE532\SDK\2016.2\lib\win64.o\libisl_sysinfo.dll
0x000007feef0a0000 - 0x000007feef0b5000 	F:\ECE532\SDK\2016.2\lib\win64.o\pthreadVC2.dll
0x000007fec5300000 - 0x000007fec5354000 	F:\ECE532\SDK\2016.2\lib\win64.o\librdi_commonxillic.dll
0x000007febe260000 - 0x000007febe390000 	F:\ECE532\SDK\2016.2\lib\win64.o\librdi_curl.dll
0x000007feec060000 - 0x000007feec078000 	F:\ECE532\SDK\2016.2\lib\win64.o\librdiconfig.dll
0x00000000777c0000 - 0x00000000778e7000 	F:\ECE532\SDK\2016.2\lib\win64.o\tcl85t.dll
0x0000000026500000 - 0x0000000026763000 	F:\ECE532\SDK\2016.2\lib\win64.o\xerces-c_3_1.dll
0x000007fefaa80000 - 0x000007fefaaf1000 	C:\Windows\system32\WINHTTP.dll
0x000007fefa860000 - 0x000007fefa8c5000 	C:\Windows\system32\webio.dll
0x000007fefd500000 - 0x000007fefd685000 	C:\Windows\system32\urlmon.dll
0x000007fefd090000 - 0x000007fefd094000 	C:\Windows\system32\api-ms-win-downlevel-ole32-l1-1-0.dll
0x000007fef1ce0000 - 0x000007fef1d03000 	C:\Windows\system32\VCOMP110.DLL
0x000007febd1c0000 - 0x000007febd3b2000 	F:\ECE532\SDK\2016.2\lib\win64.o\librdi_hsm.dll
0x000007fec3a30000 - 0x000007fec3a73000 	F:\ECE532\SDK\2016.2\lib\win64.o\librdi_hdf.dll
0x000007febcf30000 - 0x000007febd1b1000 	F:\ECE532\SDK\2016.2\lib\win64.o\librdi_ippcw.dll
0x000007feef880000 - 0x000007feef888000 	F:\ECE532\SDK\2016.2\lib\win64.o\librdi_target_manager.dll
0x000007fee6ac0000 - 0x000007fee6ad1000 	C:\Users\Qmyang\.Xilinx\SDK\2016.2\org.eclipse.osgi\129\0\.cp\jWinHttp-1.0.0.dll
0x000007feed030000 - 0x000007feed03f000 	F:\ECE532\SDK\2016.2\lib\win64.o\librdi_repo_manager.dll
0x000007fee5b00000 - 0x000007fee5b16000 	F:\ECE532\SDK\2016.2\eclipse\win64.o\plugins\org.eclipse.cdt.core.win32.x86_64_5.4.0.201509131935\os\win32\x86_64\spawner.dll
0x0000000071080000 - 0x00000000710a6000 	F:\ECE532\SDK\2016.2\eclipse\win64.o\plugins\gnu.io.rxtx.win32.x86_64_2.1.7.3_v20071015\os\win32\x86_64\rxtxSerial.dll
0x000007feb91c0000 - 0x000007feb99d0000 	F:\ECE532\SDK\2016.2\lib\win64.o\libXil_lmgr11FNP.dll
0x000007fef8790000 - 0x000007fef879b000 	C:\Windows\system32\snmpapi.dll

VM Arguments:
jvm_args: -Dcom.xilinx.sdk.args.hwspec=F:/image_filter_with_vga/image_filter_test_bench.sdk/design_1_wrapper.hdf -Xms64m -Xmx512m & 
java_command: <unknown>
java_class_path (initial): F:\ECE532\SDK\2016.2\eclipse\win64.o\\plugins/org.eclipse.equinox.launcher_1.3.100.v20150511-1540.jar
Launcher Type: generic

Environment Variables:
JAVA_HOME=C:\Program Files\Java\jdk1.8.0_60
USERNAME=Qmyang
OS=Windows_NT
PROCESSOR_IDENTIFIER=Intel64 Family 6 Model 58 Stepping 9, GenuineIntel



---------------  S Y S T E M  ---------------

OS: Windows 7 , 64 bit Build 7601 (6.1.7601.23677)

CPU:total 8 (4 cores per cpu, 2 threads per core) family 6 model 58 stepping 9, cmov, cx8, fxsr, mmx, sse, sse2, sse3, ssse3, sse4.1, sse4.2, popcnt, avx, aes, clmul, erms, ht, tsc, tscinvbit, tscinv

Memory: 4k page, physical 8252048k(3047892k free), swap 16502236k(10533972k free)

vm_info: Java HotSpot(TM) 64-Bit Server VM (25.66-b18) for windows-amd64 JRE (1.8.0_66-b18), built on Nov  9 2015 10:51:13 by "java_re" with MS VC++ 10.0 (VS2010)

time: Fri Mar 17 01:44:17 2017
elapsed time: 801 seconds (0d 0h 13m 21s)

