#
# A fatal error has been detected by the Java Runtime Environment:
#
#  Internal Error (0xc000000d), pid=5540, tid=8072
#
# JRE version: Java(TM) SE Runtime Environment (8.0_66-b18) (build 1.8.0_66-b18)
# Java VM: Java HotSpot(TM) 64-Bit Server VM (25.66-b18 mixed mode windows-amd64 compressed oops)
# Problematic frame:
# C  [ntdll.dll+0x96ccf]
#
# Failed to write core dump. Minidumps are not enabled by default on client versions of Windows
#
# If you would like to submit a bug report, please visit:
#   http://bugreport.java.com/bugreport/crash.jsp
#

---------------  T H R E A D  ---------------

Current thread (0x0000000015132000):  VMThread [stack: 0x0000000016080000,0x0000000016180000] [id=8072]

siginfo: ExceptionCode=0xc000000d

Registers:
RAX=0x00000000703d426d, RBX=0x0000000000000000, RCX=0x000000001617ed10, RDX=0x0000000000000000
RSP=0x000000001617f320, RBP=0x000000002706be70, RSI=0x000007fef6507408, RDI=0x000000001617f468
R8 =0x0000000000000000, R9 =0x0000000000000000, R10=0x0000000000000000, R11=0x0000000000000246
R12=0x00000000176e1950, R13=0x00000000176e1920, R14=0x000000002706bf78, R15=0x0000000000000000
RIP=0x0000000076f26ccf, EFLAGS=0x0000000000000202

Top of Stack: (sp=0x000000001617f320)
0x000000001617f320:   0000000000000000 000007fef6507408
0x000000001617f330:   000000001617f468 0000000000000000
0x000000001617f340:   0000000000000050 00000000002c0000
0x000000001617f350:   0000000000000000 0000000000000000
0x000000001617f360:   0000000000000002 0000000076eddd48
0x000000001617f370:   00000000c000000d 0000000000000000
0x000000001617f380:   0000000076f26ccf 0000000000000000
0x000000001617f390:   0000000000000000 0000000000000000
0x000000001617f3a0:   0000000000000000 0000000000000000
0x000000001617f3b0:   0000000000000000 0000000000000000
0x000000001617f3c0:   0000000000000000 0000000000000000
0x000000001617f3d0:   0000000000000000 0000000000000000
0x000000001617f3e0:   0000000000000000 0000000000000000
0x000000001617f3f0:   0000000000000000 0000000000000000
0x000000001617f400:   0000000000000000 00000000176e1950
0x000000001617f410:   0000000000000dc0 0000000076cb34a8 

Instructions: (pc=0x0000000076f26ccf)
0x0000000076f26caf:   5d 6c fb ff b9 57 00 00 00 c7 44 24 50 0d 00 00
0x0000000076f26cbf:   c0 e8 4b 6f fb ff 48 8d 4c 24 50 e8 41 1c f8 ff
0x0000000076f26ccf:   4c 8b 1d 02 67 09 00 4d 85 db 74 5b 65 48 8b 04
0x0000000076f26cdf:   25 30 00 00 00 f6 80 ee 17 00 00 08 74 12 65 48 


Register to memory mapping:

RAX=0x00000000703d426d is an unknown value
RBX=0x0000000000000000 is an unknown value
RCX=0x000000001617ed10 is an unknown value
RDX=0x0000000000000000 is an unknown value
RSP=0x000000001617f320 is an unknown value
RBP=0x000000002706be70 is an unknown value
RSI=0x000007fef6507408 is an unknown value
RDI=0x000000001617f468 is an unknown value
R8 =0x0000000000000000 is an unknown value
R9 =0x0000000000000000 is an unknown value
R10=0x0000000000000000 is an unknown value
R11=0x0000000000000246 is an unknown value
R12=0x00000000176e1950 is an unknown value
R13=0x00000000176e1920 is an unknown value
R14=0x000000002706bf78 is an unknown value
R15=0x0000000000000000 is an unknown value


Stack: [0x0000000016080000,0x0000000016180000],  sp=0x000000001617f320,  free space=1020k
Native frames: (J=compiled Java code, j=interpreted, Vv=VM code, C=native code)
C  [ntdll.dll+0x96ccf]
C  [kernel32.dll+0x434a8]
C  [MSVCR110.dll+0x752d]
C  [MSVCR110.dll+0x73c6]
C  [MSVCR110.dll+0x14cca]
C  [MSVCR110.dll+0x13edc]
C  [MSVCR110.dll+0x239e]
C  [MSVCR110.dll+0xaf9e]
C  [MSVCP110.dll+0x397b9]
C  [librdi_common.dll+0x182316]
C  [librdi_common.dll+0x180fab]
C  [librdi_target_manager.dll+0x2400]
C  [librdi_target_manager.dll+0x2682]
C  [ntdll.dll+0x22ac1]
C  [ntdll.dll+0x228d0]
C  [MSVCR100.dll+0x20ccd]
V  [jvm.dll+0x210cc5]
V  [jvm.dll+0x249897]
V  [jvm.dll+0x248b36]
V  [jvm.dll+0x248fd1]
V  [jvm.dll+0x2491ee]
V  [jvm.dll+0x29a0fa]
C  [MSVCR100.dll+0x21d9f]
C  [MSVCR100.dll+0x21e3b]
C  [kernel32.dll+0x159cd]
C  [ntdll.dll+0x2a561]

VM_Operation (0x000000000012f4c0): Exit, mode: safepoint, requested by thread 0x000000000243f800


---------------  P R O C E S S  ---------------

Java Threads: ( => current thread )
  0x0000000024375000 JavaThread "Spawner Reaper" daemon [_thread_in_native, id=7780, stack(0x000000002acf0000,0x000000002adf0000)]
  0x000000001811a800 JavaThread "Thread-186" [_thread_in_native, id=6728, stack(0x0000000029c00000,0x0000000029d00000)]
  0x0000000018129000 JavaThread "pool-2-thread-1" [_thread_blocked, id=6676, stack(0x0000000029ec0000,0x0000000029fc0000)]
  0x000000001e7f1800 JavaThread "TCF Channel Transmitter" daemon [_thread_blocked, id=10044, stack(0x0000000027770000,0x0000000027870000)]
  0x000000001e7f2800 JavaThread "TCF Channel Receiver" daemon [_thread_in_native, id=7332, stack(0x0000000026530000,0x0000000026630000)]
  0x000000001e7f0000 JavaThread "Process monitor" daemon [_thread_in_native, id=5428, stack(0x00000000274a0000,0x00000000275a0000)]
  0x000000001e7ef800 JavaThread "Input Stream Monitor" daemon [_thread_blocked, id=6416, stack(0x00000000273a0000,0x00000000274a0000)]
  0x000000001e7ee800 JavaThread "Output Stream Monitor" daemon [_thread_in_native, id=10464, stack(0x00000000272a0000,0x00000000273a0000)]
  0x000000001e7ee000 JavaThread "Output Stream Monitor" daemon [_thread_in_native, id=10808, stack(0x00000000271a0000,0x00000000272a0000)]
  0x0000000018126800 JavaThread "Thread-11" daemon [_thread_blocked, id=5436, stack(0x0000000025e30000,0x0000000025f30000)]
  0x0000000018122000 JavaThread "TCF Locator DNS Lookup" daemon [_thread_blocked, id=10800, stack(0x00000000257c0000,0x00000000258c0000)]
  0x0000000018121800 JavaThread "TCF Locator Timer" daemon [_thread_blocked, id=7940, stack(0x00000000256c0000,0x00000000257c0000)]
  0x0000000018120800 JavaThread "TCF Locator Receiver" daemon [_thread_in_native, id=624, stack(0x0000000023cc0000,0x0000000023dc0000)]
  0x000000001811f000 JavaThread "TCF Timer Dispatcher" daemon [_thread_blocked, id=8576, stack(0x0000000019bd0000,0x0000000019cd0000)]
  0x0000000018243000 JavaThread "EMF Reference Cleaner" daemon [_thread_blocked, id=8064, stack(0x000000001a1f0000,0x000000001a2f0000)]
  0x0000000015246000 JavaThread "Service Thread" daemon [_thread_blocked, id=7468, stack(0x0000000016a40000,0x0000000016b40000)]
  0x00000000151b1800 JavaThread "C1 CompilerThread3" daemon [_thread_blocked, id=7772, stack(0x0000000016940000,0x0000000016a40000)]
  0x00000000151b0800 JavaThread "C2 CompilerThread2" daemon [_thread_blocked, id=5220, stack(0x0000000016840000,0x0000000016940000)]
  0x00000000151ab800 JavaThread "C2 CompilerThread1" daemon [_thread_blocked, id=7620, stack(0x0000000016740000,0x0000000016840000)]
  0x00000000151a2800 JavaThread "C2 CompilerThread0" daemon [_thread_blocked, id=7864, stack(0x0000000016640000,0x0000000016740000)]
  0x0000000015191000 JavaThread "Attach Listener" daemon [_thread_blocked, id=9268, stack(0x0000000016540000,0x0000000016640000)]
  0x0000000013fbd800 JavaThread "Finalizer" daemon [_thread_blocked, id=1516, stack(0x0000000016280000,0x0000000016380000)]
  0x0000000013fb6800 JavaThread "Reference Handler" daemon [_thread_blocked, id=6680, stack(0x0000000016180000,0x0000000016280000)]
  0x000000000243f800 JavaThread "main" [_thread_blocked, id=9312, stack(0x0000000000030000,0x0000000000130000)]

Other Threads:
=>0x0000000015132000 VMThread [stack: 0x0000000016080000,0x0000000016180000] [id=8072]

VM state:at safepoint (shutting down)

VM Mutex/Monitor currently owned by a thread:  ([mutex/lock_event])
[0x0000000002768900] Threads_lock - owner thread: 0x0000000015132000

Heap:
 PSYoungGen      total 155648K, used 105489K [0x00000000f5580000, 0x00000000ffe80000, 0x0000000100000000)
  eden space 138240K, 73% used [0x00000000f5580000,0x00000000fb9025d8,0x00000000fdc80000)
  from space 17408K, 20% used [0x00000000fdc80000,0x00000000fe001ee8,0x00000000fed80000)
  to   space 16384K, 0% used [0x00000000fee80000,0x00000000fee80000,0x00000000ffe80000)
 ParOldGen       total 119296K, used 56893K [0x00000000e0000000, 0x00000000e7480000, 0x00000000f5580000)
  object space 119296K, 47% used [0x00000000e0000000,0x00000000e378f770,0x00000000e7480000)
 Metaspace       used 95598K, capacity 103336K, committed 103592K, reserved 1138688K
  class space    used 11317K, capacity 13899K, committed 14000K, reserved 1048576K

Card table byte_map: [0x0000000011bc0000,0x0000000011cd0000] byte_map_base: 0x00000000114c0000

Marking Bits: (ParMarkBitMap*) 0x000000005dcfa5b0
 Begin Bits: [0x00000000124d0000, 0x0000000012cd0000)
 End Bits:   [0x0000000012cd0000, 0x00000000134d0000)

Polling page: 0x0000000000240000

CodeCache: size=245760Kb used=53158Kb max_used=53630Kb free=192601Kb
 bounds [0x0000000002800000, 0x0000000005cc0000, 0x0000000011800000]
 total_blobs=14796 nmethods=13881 adapters=822
 compilation: enabled

Compilation events (10 events):
Event: 1225.649 Thread 0x00000000151b1800 17719       3       java.lang.Thread::isInterrupted (6 bytes)
Event: 1225.649 Thread 0x00000000151b1800 nmethod 17719 0x000000000332c890 code [0x000000000332ca00, 0x000000000332cb88]
Event: 1225.650 Thread 0x00000000151ab800 17721       4       org.eclipse.osgi.container.ModuleDatabase::readLock (11 bytes)
Event: 1225.650 Thread 0x00000000151b1800 17720       3       org.eclipse.osgi.container.Module::holdsTransitionEventLock (25 bytes)
Event: 1225.650 Thread 0x00000000151b1800 nmethod 17720 0x00000000035479d0 code [0x0000000003547b60, 0x0000000003548288]
Event: 1225.651 Thread 0x00000000151ab800 nmethod 17721 0x0000000003363950 code [0x0000000003363aa0, 0x0000000003363b68]
Event: 1225.654 Thread 0x00000000151b1800 17731       1       java.util.concurrent.atomic.AtomicLong::get (5 bytes)
Event: 1225.654 Thread 0x00000000151b1800 nmethod 17731 0x0000000003bd2810 code [0x0000000003bd2960, 0x0000000003bd2a70]
Event: 1225.656 Thread 0x00000000151b1800 17722       3       org.eclipse.osgi.container.ModuleWiring::unload (6 bytes)
Event: 1225.656 Thread 0x00000000151b1800 nmethod 17722 0x000000000385dd90 code [0x000000000385df00, 0x000000000385e088]

GC Heap History (10 events):
Event: 1077.265 GC heap before
{Heap before GC invocations=43 (full 17):
 PSYoungGen      total 148992K, used 2176K [0x00000000f5580000, 0x00000000ffa00000, 0x0000000100000000)
  eden space 131584K, 0% used [0x00000000f5580000,0x00000000f5580000,0x00000000fd600000)
  from space 17408K, 12% used [0x00000000fe900000,0x00000000feb20010,0x00000000ffa00000)
  to   space 18432K, 0% used [0x00000000fd600000,0x00000000fd600000,0x00000000fe800000)
 ParOldGen       total 119296K, used 57309K [0x00000000e0000000, 0x00000000e7480000, 0x00000000f5580000)
  object space 119296K, 48% used [0x00000000e0000000,0x00000000e37f7798,0x00000000e7480000)
 Metaspace       used 93269K, capacity 101150K, committed 101288K, reserved 1136640K
  class space    used 11123K, capacity 13696K, committed 13744K, reserved 1048576K
Event: 1077.592 GC heap after
Heap after GC invocations=43 (full 17):
 PSYoungGen      total 148992K, used 0K [0x00000000f5580000, 0x00000000ffa00000, 0x0000000100000000)
  eden space 131584K, 0% used [0x00000000f5580000,0x00000000f5580000,0x00000000fd600000)
  from space 17408K, 0% used [0x00000000fe900000,0x00000000fe900000,0x00000000ffa00000)
  to   space 18432K, 0% used [0x00000000fd600000,0x00000000fd600000,0x00000000fe800000)
 ParOldGen       total 119296K, used 57146K [0x00000000e0000000, 0x00000000e7480000, 0x00000000f5580000)
  object space 119296K, 47% used [0x00000000e0000000,0x00000000e37ce950,0x00000000e7480000)
 Metaspace       used 93269K, capacity 101150K, committed 101288K, reserved 1136640K
  class space    used 11123K, capacity 13696K, committed 13744K, reserved 1048576K
}
Event: 1132.429 GC heap before
{Heap before GC invocations=44 (full 17):
 PSYoungGen      total 148992K, used 131584K [0x00000000f5580000, 0x00000000ffa00000, 0x0000000100000000)
  eden space 131584K, 100% used [0x00000000f5580000,0x00000000fd600000,0x00000000fd600000)
  from space 17408K, 0% used [0x00000000fe900000,0x00000000fe900000,0x00000000ffa00000)
  to   space 18432K, 0% used [0x00000000fd600000,0x00000000fd600000,0x00000000fe800000)
 ParOldGen       total 119296K, used 57146K [0x00000000e0000000, 0x00000000e7480000, 0x00000000f5580000)
  object space 119296K, 47% used [0x00000000e0000000,0x00000000e37ce950,0x00000000e7480000)
 Metaspace       used 93694K, capacity 101712K, committed 101800K, reserved 1136640K
  class space    used 11140K, capacity 13731K, committed 13744K, reserved 1048576K
Event: 1132.433 GC heap after
Heap after GC invocations=44 (full 17):
 PSYoungGen      total 150016K, used 942K [0x00000000f5580000, 0x00000000fff80000, 0x0000000100000000)
  eden space 131584K, 0% used [0x00000000f5580000,0x00000000f5580000,0x00000000fd600000)
  from space 18432K, 5% used [0x00000000fd600000,0x00000000fd6eb830,0x00000000fe800000)
  to   space 17920K, 0% used [0x00000000fee00000,0x00000000fee00000,0x00000000fff80000)
 ParOldGen       total 119296K, used 57154K [0x00000000e0000000, 0x00000000e7480000, 0x00000000f5580000)
  object space 119296K, 47% used [0x00000000e0000000,0x00000000e37d0950,0x00000000e7480000)
 Metaspace       used 93694K, capacity 101712K, committed 101800K, reserved 1136640K
  class space    used 11140K, capacity 13731K, committed 13744K, reserved 1048576K
}
Event: 1138.504 GC heap before
{Heap before GC invocations=45 (full 17):
 PSYoungGen      total 150016K, used 21998K [0x00000000f5580000, 0x00000000fff80000, 0x0000000100000000)
  eden space 131584K, 16% used [0x00000000f5580000,0x00000000f6a0fff0,0x00000000fd600000)
  from space 18432K, 5% used [0x00000000fd600000,0x00000000fd6eb830,0x00000000fe800000)
  to   space 17920K, 0% used [0x00000000fee00000,0x00000000fee00000,0x00000000fff80000)
 ParOldGen       total 119296K, used 57154K [0x00000000e0000000, 0x00000000e7480000, 0x00000000f5580000)
  object space 119296K, 47% used [0x00000000e0000000,0x00000000e37d0950,0x00000000e7480000)
 Metaspace       used 93726K, capacity 101840K, committed 102056K, reserved 1138688K
  class space    used 11140K, capacity 13731K, committed 13744K, reserved 1048576K
Event: 1138.511 GC heap after
Heap after GC invocations=45 (full 17):
 PSYoungGen      total 155136K, used 2078K [0x00000000f5580000, 0x00000000ffe80000, 0x0000000100000000)
  eden space 138240K, 0% used [0x00000000f5580000,0x00000000f5580000,0x00000000fdc80000)
  from space 16896K, 12% used [0x00000000fee00000,0x00000000ff0078f0,0x00000000ffe80000)
  to   space 17408K, 0% used [0x00000000fdc80000,0x00000000fdc80000,0x00000000fed80000)
 ParOldGen       total 119296K, used 57154K [0x00000000e0000000, 0x00000000e7480000, 0x00000000f5580000)
  object space 119296K, 47% used [0x00000000e0000000,0x00000000e37d0950,0x00000000e7480000)
 Metaspace       used 93726K, capacity 101840K, committed 102056K, reserved 1138688K
  class space    used 11140K, capacity 13731K, committed 13744K, reserved 1048576K
}
Event: 1138.511 GC heap before
{Heap before GC invocations=46 (full 18):
 PSYoungGen      total 155136K, used 2078K [0x00000000f5580000, 0x00000000ffe80000, 0x0000000100000000)
  eden space 138240K, 0% used [0x00000000f5580000,0x00000000f5580000,0x00000000fdc80000)
  from space 16896K, 12% used [0x00000000fee00000,0x00000000ff0078f0,0x00000000ffe80000)
  to   space 17408K, 0% used [0x00000000fdc80000,0x00000000fdc80000,0x00000000fed80000)
 ParOldGen       total 119296K, used 57154K [0x00000000e0000000, 0x00000000e7480000, 0x00000000f5580000)
  object space 119296K, 47% used [0x00000000e0000000,0x00000000e37d0950,0x00000000e7480000)
 Metaspace       used 93726K, capacity 101840K, committed 102056K, reserved 1138688K
  class space    used 11140K, capacity 13731K, committed 13744K, reserved 1048576K
Event: 1138.768 GC heap after
Heap after GC invocations=46 (full 18):
 PSYoungGen      total 155136K, used 0K [0x00000000f5580000, 0x00000000ffe80000, 0x0000000100000000)
  eden space 138240K, 0% used [0x00000000f5580000,0x00000000f5580000,0x00000000fdc80000)
  from space 16896K, 0% used [0x00000000fee00000,0x00000000fee00000,0x00000000ffe80000)
  to   space 17408K, 0% used [0x00000000fdc80000,0x00000000fdc80000,0x00000000fed80000)
 ParOldGen       total 119296K, used 56885K [0x00000000e0000000, 0x00000000e7480000, 0x00000000f5580000)
  object space 119296K, 47% used [0x00000000e0000000,0x00000000e378d770,0x00000000e7480000)
 Metaspace       used 93726K, capacity 101840K, committed 102056K, reserved 1138688K
  class space    used 11140K, capacity 13731K, committed 13744K, reserved 1048576K
}
Event: 1184.064 GC heap before
{Heap before GC invocations=47 (full 18):
 PSYoungGen      total 155136K, used 138240K [0x00000000f5580000, 0x00000000ffe80000, 0x0000000100000000)
  eden space 138240K, 100% used [0x00000000f5580000,0x00000000fdc80000,0x00000000fdc80000)
  from space 16896K, 0% used [0x00000000fee00000,0x00000000fee00000,0x00000000ffe80000)
  to   space 17408K, 0% used [0x00000000fdc80000,0x00000000fdc80000,0x00000000fed80000)
 ParOldGen       total 119296K, used 56885K [0x00000000e0000000, 0x00000000e7480000, 0x00000000f5580000)
  object space 119296K, 47% used [0x00000000e0000000,0x00000000e378d770,0x00000000e7480000)
 Metaspace       used 94716K, capacity 102652K, committed 102952K, reserved 1138688K
  class space    used 11233K, capacity 13829K, committed 13872K, reserved 1048576K
Event: 1184.075 GC heap after
Heap after GC invocations=47 (full 18):
 PSYoungGen      total 155648K, used 3591K [0x00000000f5580000, 0x00000000ffe80000, 0x0000000100000000)
  eden space 138240K, 0% used [0x00000000f5580000,0x00000000f5580000,0x00000000fdc80000)
  from space 17408K, 20% used [0x00000000fdc80000,0x00000000fe001ee8,0x00000000fed80000)
  to   space 16384K, 0% used [0x00000000fee80000,0x00000000fee80000,0x00000000ffe80000)
 ParOldGen       total 119296K, used 56893K [0x00000000e0000000, 0x00000000e7480000, 0x00000000f5580000)
  object space 119296K, 47% used [0x00000000e0000000,0x00000000e378f770,0x00000000e7480000)
 Metaspace       used 94716K, capacity 102652K, committed 102952K, reserved 1138688K
  class space    used 11233K, capacity 13829K, committed 13872K, reserved 1048576K
}

Deoptimization events (10 events):
Event: 1224.944 Thread 0x0000000018126000 Uncommon trap: reason=unstable_if action=reinterpret pc=0x0000000003c21100 method=java.nio.charset.CharsetEncoder.encode(Ljava/nio/CharBuffer;Ljava/nio/ByteBuffer;Z)Ljava/nio/charset/CoderResult; @ 105
Event: 1224.981 Thread 0x000000001fff5800 Uncommon trap: reason=unstable_if action=reinterpret pc=0x0000000005611a64 method=org.eclipse.ui.internal.UILockListener.isUI()Z @ 7
Event: 1224.981 Thread 0x000000001fff5800 Uncommon trap: reason=unstable_if action=reinterpret pc=0x000000000305ccbc method=org.eclipse.osgi.internal.hooks.EclipseLazyStarter.shouldActivateFor(Ljava/lang/String;Lorg/eclipse/osgi/container/Module;Lorg/eclipse/osgi/container/ModuleRevision;Lorg/eclibÑËsî#“@
Event: 1224.983 Thread 0x000000001fff5800 Uncommon trap: reason=unstable_if action=reinterpret pc=0x00000000041b2c24 method=org.eclipse.swt.graphics.Resource.dispose()V @ 15
Event: 1224.984 Thread 0x000000001fff5800 Uncommon trap: reason=class_check action=maybe_recompile pc=0x00000000046e2768 method=java.util.concurrent.CopyOnWriteArrayList.indexOf(Ljava/lang/Object;[Ljava/lang/Object;II)I @ 46
Event: 1224.991 Thread 0x000000001fff5800 Uncommon trap: reason=speculate_class_check action=maybe_recompile pc=0x0000000004ecf004 method=com.sun.org.apache.xerces.internal.dom.ElementImpl.getNodeName()Ljava/lang/String; @ 8
Event: 1225.000 Thread 0x0000000017ec9800 Uncommon trap: reason=predicate action=maybe_recompile pc=0x0000000002d53f1c method=java.util.Arrays.fill([Ljava/lang/Object;Ljava/lang/Object;)V @ 10
Event: 1225.559 Thread 0x000000001fff5800 Uncommon trap: reason=null_check action=maybe_recompile pc=0x0000000005414dac method=com.xilinx.sdk.targetmanager.internal.json.XMDJSONProcess.issueCommand(Ljava/lang/String;)Lcom/xilinx/sdk/targetmanager/internal/IXMDResult; @ 3
Event: 1225.603 Thread 0x0000000017ec9800 Uncommon trap: reason=unstable_if action=reinterpret pc=0x000000000374b708 method=org.eclipse.osgi.internal.framework.BundleContextImpl.dispatchEvent(Ljava/lang/Object;Ljava/lang/Object;ILjava/lang/Object;)V @ 16
Event: 1225.641 Thread 0x000000001fff5800 Uncommon trap: reason=unstable_if action=reinterpret pc=0x0000000002d59d58 method=sun.reflect.UnsafeStaticObjectFieldAccessorImpl.set(Ljava/lang/Object;Ljava/lang/Object;)V @ 13

Internal exceptions (10 events):
Event: 1224.773 Thread 0x000000000243f800 Implicit null exception at 0x000000000361adcf to 0x000000000361ae69
Event: 1224.943 Thread 0x0000000018124800 Exception <a 'java/lang/InterruptedException'> (0x00000000fb174e58) thrown at [C:\re\workspace\8-2-build-windows-amd64-cygwin\jdk8u66\5298\hotspot\src\share\vm\runtime\objectMonitor.cpp, line 1683]
Event: 1225.559 Thread 0x000000001fff5800 Implicit null exception at 0x0000000005414084 to 0x0000000005414d9d
Event: 1225.559 Thread 0x000000001fff5800 Exception <a 'java/lang/NullPointerException'> (0x00000000fb4aaaf8) thrown at [C:\re\workspace\8-2-build-windows-amd64-cygwin\jdk8u66\5298\hotspot\src\share\vm\prims\jvm.cpp, line 1390]
Event: 1225.606 Thread 0x000000001811b800 Exception <a 'java/lang/InterruptedException'> (0x00000000facebd50) thrown at [C:\re\workspace\8-2-build-windows-amd64-cygwin\jdk8u66\5298\hotspot\src\share\vm\runtime\objectMonitor.cpp, line 1683]
Event: 1225.641 Thread 0x000000001fff5800 Implicit null exception at 0x0000000002d59957 to 0x0000000002d59d45
Event: 1225.642 Thread 0x0000000017ec9800 Exception <a 'java/lang/InterruptedException'> (0x00000000fb58c398) thrown at [C:\re\workspace\8-2-build-windows-amd64-cygwin\jdk8u66\5298\hotspot\src\share\vm\runtime\objectMonitor.cpp, line 1683]
Event: 1225.648 Thread 0x000000001811c000 Exception <a 'java/lang/InterruptedException'> (0x00000000f717e870) thrown at [C:\re\workspace\8-2-build-windows-amd64-cygwin\jdk8u66\5298\hotspot\src\share\vm\runtime\objectMonitor.cpp, line 1683]
Event: 1225.648 Thread 0x000000001718d000 Exception <a 'java/lang/InterruptedException'> (0x00000000fb76f788) thrown at [C:\re\workspace\8-2-build-windows-amd64-cygwin\jdk8u66\5298\hotspot\src\share\vm\runtime\objectMonitor.cpp, line 1683]
Event: 1225.655 Thread 0x000000001fff5800 Exception <a 'java/io/IOException'> (0x00000000fb8de2d8) thrown at [C:\re\workspace\8-2-build-windows-amd64-cygwin\jdk8u66\5298\hotspot\src\share\vm\prims\jni.cpp, line 709]

Events (10 events):
Event: 1225.654 loading class java/util/IdentityHashMap$KeyIterator done
Event: 1225.654 Thread 0x000000001fff5800 Thread added: 0x000000001fff5800
Event: 1225.655 Executing VM operation: RevokeBias
Event: 1225.655 Executing VM operation: RevokeBias done
Event: 1225.655 Executing VM operation: RevokeBias
Event: 1225.655 Executing VM operation: RevokeBias done
Event: 1225.655 Thread 0x000000001fff5800 Thread exited: 0x000000001fff5800
Event: 1225.657 Thread 0x00000000151b1800 flushing nmethod 0x0000000005017e10
Event: 1225.657 Thread 0x000000001519e800 Thread exited: 0x000000001519e800
Event: 1225.657 Executing VM operation: Exit


Dynamic libraries:
0x0000000000400000 - 0x000000000044f000 	F:\ECE532\SDK\2016.2\eclipse\win64.o\eclipse.exe
0x0000000076e90000 - 0x000000007703a000 	C:\Windows\SYSTEM32\ntdll.dll
0x0000000076c70000 - 0x0000000076d8f000 	C:\Windows\system32\kernel32.dll
0x000007fefcc10000 - 0x000007fefcc7a000 	C:\Windows\system32\KERNELBASE.dll
0x0000000076d90000 - 0x0000000076e8a000 	C:\Windows\system32\USER32.dll
0x000007fefe750000 - 0x000007fefe7b7000 	C:\Windows\system32\GDI32.dll
0x000007fefe620000 - 0x000007fefe62e000 	C:\Windows\system32\LPK.dll
0x000007fefeff0000 - 0x000007feff0ba000 	C:\Windows\system32\USP10.dll
0x000007fefe000000 - 0x000007fefe09f000 	C:\Windows\system32\msvcrt.dll
0x000007fefc0f0000 - 0x000007fefc2e4000 	C:\Windows\WinSxS\amd64_microsoft.windows.common-controls_6595b64144ccf1df_6.0.7601.18837_none_fa3b1e3d17594757\COMCTL32.dll
0x000007fefe5a0000 - 0x000007fefe611000 	C:\Windows\system32\SHLWAPI.dll
0x000007fefe0a0000 - 0x000007fefe0ce000 	C:\Windows\system32\IMM32.DLL
0x000007fefe630000 - 0x000007fefe739000 	C:\Windows\system32\MSCTF.dll
0x0000000072000000 - 0x0000000072012000 	F:\ECE532\SDK\2016.2\eclipse\win64.o\plugins\org.eclipse.equinox.launcher.win32.win32.x86_64_1.1.300.v20150602-1417\eclipse_1611.dll
0x000007feff0c0000 - 0x000007feff19b000 	C:\Windows\system32\ADVAPI32.dll
0x000007fefeaf0000 - 0x000007fefeb0f000 	C:\Windows\SYSTEM32\sechost.dll
0x000007fefd140000 - 0x000007fefd26d000 	C:\Windows\system32\RPCRT4.dll
0x000007fefb510000 - 0x000007fefb51c000 	C:\Windows\system32\VERSION.dll
0x000007fefac90000 - 0x000007feface6000 	C:\Windows\system32\uxtheme.dll
0x000000005d4f0000 - 0x000000005dd79000 	F:\ECE532\SDK\2016.2\tps\win64\jre\bin\server\jvm.dll
0x000007fefb010000 - 0x000007fefb019000 	C:\Windows\system32\WSOCK32.dll
0x000007fefe0d0000 - 0x000007fefe11d000 	C:\Windows\system32\WS2_32.dll
0x000007fefe740000 - 0x000007fefe748000 	C:\Windows\system32\NSI.dll
0x000007fef9ca0000 - 0x000007fef9cdb000 	C:\Windows\system32\WINMM.dll
0x0000000077060000 - 0x0000000077067000 	C:\Windows\system32\PSAPI.DLL
0x0000000072a90000 - 0x0000000072b62000 	C:\Windows\system32\MSVCR100.dll
0x00000000669c0000 - 0x00000000669cf000 	F:\ECE532\SDK\2016.2\tps\win64\jre\bin\verify.dll
0x0000000062fe0000 - 0x0000000063009000 	F:\ECE532\SDK\2016.2\tps\win64\jre\bin\java.dll
0x0000000064ea0000 - 0x0000000064eb6000 	F:\ECE532\SDK\2016.2\tps\win64\jre\bin\zip.dll
0x000007fefd270000 - 0x000007fefdffa000 	C:\Windows\system32\SHELL32.dll
0x000007fefcf30000 - 0x000007fefd133000 	C:\Windows\system32\ole32.dll
0x000007fefcb70000 - 0x000007fefcb7f000 	C:\Windows\system32\profapi.dll
0x000007fefc2f0000 - 0x000007fefc308000 	C:\Windows\system32\CRYPTSP.dll
0x000007fefbd90000 - 0x000007fefbdd7000 	C:\Windows\system32\rsaenh.dll
0x000007fefcba0000 - 0x000007fefcbbe000 	C:\Windows\system32\USERENV.dll
0x000007fefc9d0000 - 0x000007fefc9df000 	C:\Windows\system32\CRYPTBASE.dll
0x0000000063270000 - 0x000000006328a000 	F:\ECE532\SDK\2016.2\tps\win64\jre\bin\net.dll
0x000007fefc090000 - 0x000007fefc0e5000 	C:\Windows\system32\mswsock.dll
0x000007fefc080000 - 0x000007fefc087000 	C:\Windows\System32\wship6.dll
0x000007fefc490000 - 0x000007fefc4b7000 	C:\Windows\system32\IPHLPAPI.DLL
0x000007fefc480000 - 0x000007fefc48b000 	C:\Windows\system32\WINNSI.DLL
0x000007fef8ec0000 - 0x000007fef8ed8000 	C:\Windows\system32\dhcpcsvc.DLL
0x000007fef8ea0000 - 0x000007fef8eb1000 	C:\Windows\system32\dhcpcsvc6.DLL
0x0000000063020000 - 0x0000000063031000 	F:\ECE532\SDK\2016.2\tps\win64\jre\bin\nio.dll
0x000007fefbec0000 - 0x000007fefbed5000 	C:\Windows\system32\NLAapi.dll
0x000007feed750000 - 0x000007feed765000 	C:\Windows\system32\napinsp.dll
0x000007feed730000 - 0x000007feed749000 	C:\Windows\system32\pnrpnsp.dll
0x000007fefbf10000 - 0x000007fefbf6b000 	C:\Windows\system32\DNSAPI.dll
0x000007feed720000 - 0x000007feed72b000 	C:\Windows\System32\winrnr.dll
0x000007feed710000 - 0x000007feed720000 	C:\Windows\system32\wshbth.dll
0x000007fef0790000 - 0x000007fef07be000 	C:\Program Files\Common Files\Microsoft Shared\Windows Live\WLIDNSP.DLL
0x000007fefb520000 - 0x000007fefb527000 	C:\Windows\System32\wshtcpip.dll
0x000007fef0780000 - 0x000007fef0788000 	C:\Windows\system32\rasadhlp.dll
0x000007fef8ee0000 - 0x000007fef8f33000 	C:\Windows\System32\fwpuclnt.dll
0x000007fefe4c0000 - 0x000007fefe59a000 	C:\Windows\system32\OLEAUT32.DLL
0x0000000019ef0000 - 0x0000000019f98000 	C:\Users\Qmyang\.Xilinx\SDK\2016.2\org.eclipse.osgi\312\0\.cp\swt-win32-4527.dll
0x000007fefe120000 - 0x000007fefe1b7000 	C:\Windows\system32\comdlg32.dll
0x000007fef5000000 - 0x000007fef5071000 	C:\Windows\system32\WINSPOOL.DRV
0x000007fefe7c0000 - 0x000007fefeae1000 	C:\Windows\system32\WININET.dll
0x000007fefcee0000 - 0x000007fefcee4000 	C:\Windows\system32\api-ms-win-downlevel-user32-l1-1-0.dll
0x000007fefcbf0000 - 0x000007fefcbf4000 	C:\Windows\system32\api-ms-win-downlevel-shlwapi-l1-1-0.dll
0x000007fefcbe0000 - 0x000007fefcbe4000 	C:\Windows\system32\api-ms-win-downlevel-version-l1-1-0.dll
0x000007fefcc00000 - 0x000007fefcc03000 	C:\Windows\system32\api-ms-win-downlevel-normaliz-l1-1-0.dll
0x0000000077050000 - 0x0000000077053000 	C:\Windows\system32\normaliz.DLL
0x000007fefeca0000 - 0x000007fefef69000 	C:\Windows\system32\iertutil.dll
0x000007fefcb90000 - 0x000007fefcb95000 	C:\Windows\system32\api-ms-win-downlevel-advapi32-l1-1-0.dll
0x000007fefcd60000 - 0x000007fefcecd000 	C:\Windows\system32\CRYPT32.dll
0x000007fefcb80000 - 0x000007fefcb8f000 	C:\Windows\system32\MSASN1.dll
0x000007fefa830000 - 0x000007fefa848000 	C:\Windows\system32\dwmapi.dll
0x000007fefacf0000 - 0x000007fefae1c000 	C:\Windows\system32\propsys.dll
0x000007fefe1c0000 - 0x000007fefe259000 	C:\Windows\system32\CLBCatQ.DLL
0x00000000003c0000 - 0x00000000003de000 	C:\Users\Qmyang\.Xilinx\SDK\2016.2\org.eclipse.osgi\312\0\.cp\swt-gdip-win32-4527.dll
0x000007fefaa70000 - 0x000007fefac86000 	C:\Windows\WinSxS\amd64_microsoft.windows.gdiplus_6595b64144ccf1df_1.1.7601.23688_none_145d575e8b8eb5b3\gdiplus.dll
0x000007fefa680000 - 0x000007fefa7e1000 	C:\Windows\system32\WindowsCodecs.dll
0x0000000180000000 - 0x0000000180012000 	C:\Users\Qmyang\.Xilinx\SDK\2016.2\org.eclipse.osgi\126\0\.cp\os\win32\x86_64\localfile_1_0_0.dll
0x000007feeb510000 - 0x000007feeb564000 	C:\Windows\system32\oleacc.dll
0x000007fef6350000 - 0x000007fef6357000 	C:\Windows\system32\msimg32.dll
0x000007fefcac0000 - 0x000007fefcad4000 	C:\Windows\system32\RpcRtRemote.dll
0x000007fefc970000 - 0x000007fefc9c7000 	C:\Windows\system32\apphelp.dll
0x000007fefb790000 - 0x000007fefb79a000 	F:\ECE532\SDK\2016.2\lib\win64.o\librdi_jtag_settings.dll
0x000007fef9be0000 - 0x000007fef9c09000 	F:\ECE532\SDK\2016.2\lib\win64.o\librdi_debug_dialog.dll
0x000007fef9b80000 - 0x000007fef9ba4000 	F:\ECE532\SDK\2016.2\lib\win64.o\libboost_filesystem.dll
0x000007fef9bd0000 - 0x000007fef9bd9000 	F:\ECE532\SDK\2016.2\lib\win64.o\libboost_system.dll
0x000007fef6410000 - 0x000007fef64b7000 	C:\Windows\system32\MSVCP110.dll
0x000007fef6500000 - 0x000007fef65d4000 	C:\Windows\system32\MSVCR110.dll
0x000007feb70e0000 - 0x000007feb7b20000 	F:\ECE532\SDK\2016.2\lib\win64.o\librdi_common.dll
0x000007feb87d0000 - 0x000007feb8b3e000 	F:\ECE532\SDK\2016.2\lib\win64.o\libCOIN-all.dll
0x000007febc2d0000 - 0x000007febc4ef000 	F:\ECE532\SDK\2016.2\lib\win64.o\libXil_lmgr11.dll
0x000007fefa540000 - 0x000007fefa556000 	C:\Windows\system32\NETAPI32.dll
0x000007fefbba0000 - 0x000007fefbbac000 	C:\Windows\system32\netutils.dll
0x000007fefc870000 - 0x000007fefc893000 	C:\Windows\system32\srvcli.dll
0x000007fefbbf0000 - 0x000007fefbc05000 	C:\Windows\system32\wkscli.dll
0x000007fefcc80000 - 0x000007fefccbb000 	C:\Windows\system32\WINTRUST.dll
0x000007fefb740000 - 0x000007fefb750000 	F:\ECE532\SDK\2016.2\lib\win64.o\libboost_date_time.dll
0x000007fef9b00000 - 0x000007fef9b77000 	F:\ECE532\SDK\2016.2\lib\win64.o\libboost_program_options.dll
0x000007febf640000 - 0x000007febf746000 	F:\ECE532\SDK\2016.2\lib\win64.o\libboost_regex.dll
0x000007fef9bb0000 - 0x000007fef9bc3000 	F:\ECE532\SDK\2016.2\lib\win64.o\libboost_signals.dll
0x000007fef9ae0000 - 0x000007fef9afd000 	F:\ECE532\SDK\2016.2\lib\win64.o\libboost_thread.dll
0x000007fef9ad0000 - 0x000007fef9adb000 	F:\ECE532\SDK\2016.2\lib\win64.o\libboost_chrono.dll
0x000007fef9ac0000 - 0x000007fef9acb000 	F:\ECE532\SDK\2016.2\lib\win64.o\libboost_xilinx.dll
0x000007fec3a00000 - 0x000007fec3a80000 	F:\ECE532\SDK\2016.2\lib\win64.o\libhdlpsolve.dll
0x000007fef94f0000 - 0x000007fef958a000 	F:\ECE532\SDK\2016.2\lib\win64.o\libhdxml.dll
0x000007feb8360000 - 0x000007feb87c5e00 	F:\ECE532\SDK\2016.2\lib\win64.o\libisl_iostreams.dll
0x000007fef9970000 - 0x000007fef9986000 	F:\ECE532\SDK\2016.2\lib\win64.o\libboost_iostreams.dll
0x000007fef9160000 - 0x000007fef9183000 	F:\ECE532\SDK\2016.2\lib\win64.o\librdizlib.dll
0x000007fed0720000 - 0x000007fed0743000 	F:\ECE532\SDK\2016.2\lib\win64.o\libisl_iosutils.dll
0x000007fee3480000 - 0x000007fee34aa000 	F:\ECE532\SDK\2016.2\lib\win64.o\libisl_sysinfo.dll
0x000007fef94d0000 - 0x000007fef94e5000 	F:\ECE532\SDK\2016.2\lib\win64.o\pthreadVC2.dll
0x000007feccd10000 - 0x000007feccd64000 	F:\ECE532\SDK\2016.2\lib\win64.o\librdi_commonxillic.dll
0x000007feb8c60000 - 0x000007feb8d90000 	F:\ECE532\SDK\2016.2\lib\win64.o\librdi_curl.dll
0x000007feecee0000 - 0x000007feecef8000 	F:\ECE532\SDK\2016.2\lib\win64.o\librdiconfig.dll
0x00000000629b0000 - 0x0000000062ad7000 	F:\ECE532\SDK\2016.2\lib\win64.o\tcl85t.dll
0x00000000258c0000 - 0x0000000025b23000 	F:\ECE532\SDK\2016.2\lib\win64.o\xerces-c_3_1.dll
0x000007fefa0e0000 - 0x000007fefa151000 	C:\Windows\system32\WINHTTP.dll
0x000007fefa070000 - 0x000007fefa0d5000 	C:\Windows\system32\webio.dll
0x000007fefeb10000 - 0x000007fefec95000 	C:\Windows\system32\urlmon.dll
0x000007fefced0000 - 0x000007fefced4000 	C:\Windows\system32\api-ms-win-downlevel-ole32-l1-1-0.dll
0x000007feed680000 - 0x000007feed6a3000 	C:\Windows\system32\VCOMP110.DLL
0x000007feb6ee0000 - 0x000007feb70d2000 	F:\ECE532\SDK\2016.2\lib\win64.o\librdi_hsm.dll
0x000007fec3f00000 - 0x000007fec3f43000 	F:\ECE532\SDK\2016.2\lib\win64.o\librdi_hdf.dll
0x000007feb6c50000 - 0x000007feb6ed1000 	F:\ECE532\SDK\2016.2\lib\win64.o\librdi_ippcw.dll
0x000007fef9910000 - 0x000007fef9918000 	F:\ECE532\SDK\2016.2\lib\win64.o\librdi_target_manager.dll
0x000007fee7940000 - 0x000007fee7951000 	C:\Users\Qmyang\.Xilinx\SDK\2016.2\org.eclipse.osgi\129\0\.cp\jWinHttp-1.0.0.dll
0x000007fef9700000 - 0x000007fef970f000 	F:\ECE532\SDK\2016.2\lib\win64.o\librdi_repo_manager.dll
0x000007fef94b0000 - 0x000007fef94c6000 	F:\ECE532\SDK\2016.2\eclipse\win64.o\plugins\org.eclipse.cdt.core.win32.x86_64_5.4.0.201509131935\os\win32\x86_64\spawner.dll
0x0000000071080000 - 0x00000000710a6000 	F:\ECE532\SDK\2016.2\eclipse\win64.o\plugins\gnu.io.rxtx.win32.x86_64_2.1.7.3_v20071015\os\win32\x86_64\rxtxSerial.dll
0x000007feab360000 - 0x000007feabb70000 	F:\ECE532\SDK\2016.2\lib\win64.o\libXil_lmgr11FNP.dll
0x000007feee920000 - 0x000007feee92b000 	C:\Windows\system32\snmpapi.dll

VM Arguments:
jvm_args: -Dcom.xilinx.sdk.args.hwspec=F:/filter_vga_rc/image_filter_test_bench.sdk/design_1_wrapper.hdf -Xms64m -Xmx512m & 
java_command: <unknown>
java_class_path (initial): F:\ECE532\SDK\2016.2\eclipse\win64.o\\plugins/org.eclipse.equinox.launcher_1.3.100.v20150511-1540.jar
Launcher Type: generic

Environment Variables:
JAVA_HOME=C:\Program Files\Java\jdk1.8.0_60
USERNAME=Qmyang
OS=Windows_NT
PROCESSOR_IDENTIFIER=Intel64 Family 6 Model 58 Stepping 9, GenuineIntel



---------------  S Y S T E M  ---------------

OS: Windows 7 , 64 bit Build 7601 (6.1.7601.23677)

CPU:total 8 (4 cores per cpu, 2 threads per core) family 6 model 58 stepping 9, cmov, cx8, fxsr, mmx, sse, sse2, sse3, ssse3, sse4.1, sse4.2, popcnt, avx, aes, clmul, erms, ht, tsc, tscinvbit, tscinv

Memory: 4k page, physical 8252048k(2674892k free), swap 16502236k(8507508k free)

vm_info: Java HotSpot(TM) 64-Bit Server VM (25.66-b18) for windows-amd64 JRE (1.8.0_66-b18), built on Nov  9 2015 10:51:13 by "java_re" with MS VC++ 10.0 (VS2010)

time: Mon Mar 20 23:22:29 2017
elapsed time: 1226 seconds (0d 0h 20m 26s)

