Copyright 1986-2016 Xilinx, Inc. All Rights Reserved.
------------------------------------------------------------------------------------
| Tool Version : Vivado v.2016.2 (win64) Build 1577090 Thu Jun  2 16:32:40 MDT 2016
| Date         : Wed Mar 15 20:29:00 2017
| Host         : Qmyang-PC running 64-bit Service Pack 1  (build 7601)
| Command      : upgrade_ip
| Device       : xc7a100tcsg324-1
------------------------------------------------------------------------------------

Upgrade Log for IP 'design_1_image_filter_v2_0_0_2'

1. Summary
----------

SUCCESS in the upgrade of design_1_image_filter_v2_0_0_2 from xilinx.com:user:image_filter_v2_0:1.0 (Rev. 7) to xilinx.com:user:image_filter_final:1.0 (Rev. 1)






Copyright 1986-2016 Xilinx, Inc. All Rights Reserved.
------------------------------------------------------------------------------------
| Tool Version : Vivado v.2016.2 (win64) Build 1577090 Thu Jun  2 16:32:40 MDT 2016
| Date         : Tue Mar 14 15:08:17 2017
| Host         : Qmyang-PC running 64-bit Service Pack 1  (build 7601)
| Command      : upgrade_ip
| Device       : xc7a100tcsg324-1
------------------------------------------------------------------------------------

Upgrade Log for IP 'design_1_image_filter_top_0_0'

1. Summary
----------

CAUTION (success, with warnings) in the upgrade of design_1_image_filter_top_0_0 (xilinx.com:user:image_filter_top:1.0) from (Rev. 4) to (Rev. 5)

After upgrade, an IP may have parameter and port differences compared to the original customization. Please review the parameters within the IP customization GUI to ensure proper functionality. Also, please review the updated IP instantiation template to ensure proper connectivity, and update your design if required.

2. Connection Warnings
----------------------

Detected external port differences while upgrading 'design_1_image_filter_top_0_0'. These changes may impact your design.


-Upgraded port 'pixel_in' width 32 differs from original width 24

-Upgraded port 'pixel_out' width 32 differs from original width 24







Copyright 1986-2016 Xilinx, Inc. All Rights Reserved.
------------------------------------------------------------------------------------
| Tool Version : Vivado v.2016.2 (win64) Build 1577090 Thu Jun  2 16:32:40 MDT 2016
| Date         : Tue Mar 14 15:00:36 2017
| Host         : Qmyang-PC running 64-bit Service Pack 1  (build 7601)
| Command      : upgrade_ip
| Device       : xc7a100tcsg324-1
------------------------------------------------------------------------------------

Upgrade Log for IP 'design_1_image_filter_top_0_0'

1. Summary
----------

SUCCESS in the update of design_1_image_filter_top_0_0 (xilinx.com:user:image_filter_top:1.0 (Rev. 4)) to current project options.






Copyright 1986-2016 Xilinx, Inc. All Rights Reserved.
------------------------------------------------------------------------------------
| Tool Version : Vivado v.2016.2 (win64) Build 1577090 Thu Jun  2 16:32:40 MDT 2016
| Date         : Fri Mar 10 18:57:25 2017
| Host         : Qmyang-PC running 64-bit Service Pack 1  (build 7601)
| Command      : upgrade_ip
| Device       : xc7a100tcsg324-1
------------------------------------------------------------------------------------

Upgrade Log for IP 'design_1_vga640x480_0_1'

1. Summary
----------

SUCCESS in the upgrade of design_1_vga640x480_0_1 (user:user:vga640x480:1.0) from (Rev. 3) to (Rev. 4)






Copyright 1986-2016 Xilinx, Inc. All Rights Reserved.
------------------------------------------------------------------------------------
| Tool Version : Vivado v.2016.2 (win64) Build 1577090 Thu Jun  2 16:32:40 MDT 2016
| Date         : Fri Mar 10 16:08:05 2017
| Host         : Qmyang-PC running 64-bit Service Pack 1  (build 7601)
| Command      : upgrade_ip
| Device       : xc7a100tcsg324-1
------------------------------------------------------------------------------------

Upgrade Log for IP 'design_1_vga640x480_0_0'

1. Summary
----------

SUCCESS in the upgrade of design_1_vga640x480_0_0 (user:user:vga640x480:1.0) from (Rev. 2) to (Rev. 3)






Copyright 1986-2016 Xilinx, Inc. All Rights Reserved.
------------------------------------------------------------------------------------
| Tool Version : Vivado v.2016.2 (win64) Build 1577090 Thu Jun  2 16:32:40 MDT 2016
| Date         : Thu Mar 09 17:44:07 2017
| Host         : Qmyang-PC running 64-bit Service Pack 1  (build 7601)
| Command      : upgrade_ip
| Device       : xc7a100tcsg324-1
------------------------------------------------------------------------------------

Upgrade Log for IP 'design_1_image_filter_0_0'

1. Summary
----------

SUCCESS in the upgrade of design_1_image_filter_0_0 (xilinx.com:user:image_filter:2.0) from (Rev. 8) to (Rev. 9)






Copyright 1986-2016 Xilinx, Inc. All Rights Reserved.
------------------------------------------------------------------------------------
| Tool Version : Vivado v.2016.2 (win64) Build 1577090 Thu Jun  2 16:32:40 MDT 2016
| Date         : Wed Mar 08 23:52:05 2017
| Host         : Qmyang-PC running 64-bit Service Pack 1  (build 7601)
| Command      : upgrade_ip
| Device       : xc7a100tcsg324-1
------------------------------------------------------------------------------------

Upgrade Log for IP 'design_1_image_filter_0_0'

1. Summary
----------

SUCCESS in the upgrade of design_1_image_filter_0_0 (xilinx.com:user:image_filter:2.0) from (Rev. 6) to (Rev. 8)






Copyright 1986-2016 Xilinx, Inc. All Rights Reserved.
------------------------------------------------------------------------------------
| Tool Version : Vivado v.2016.2 (win64) Build 1577090 Thu Jun  2 16:32:40 MDT 2016
| Date         : Wed Mar 08 23:33:45 2017
| Host         : Qmyang-PC running 64-bit Service Pack 1  (build 7601)
| Command      : upgrade_ip
| Device       : xc7a100tcsg324-1
------------------------------------------------------------------------------------

Upgrade Log for IP 'design_1_image_filter_0_0'

1. Summary
----------

SUCCESS in the upgrade of design_1_image_filter_0_0 (xilinx.com:user:image_filter:2.0) from (Rev. 5) to (Rev. 6)






Copyright 1986-2016 Xilinx, Inc. All Rights Reserved.
------------------------------------------------------------------------------------
| Tool Version : Vivado v.2016.2 (win64) Build 1577090 Thu Jun  2 16:32:40 MDT 2016
| Date         : Wed Mar 08 23:17:08 2017
| Host         : Qmyang-PC running 64-bit Service Pack 1  (build 7601)
| Command      : upgrade_ip
| Device       : xc7a100tcsg324-1
------------------------------------------------------------------------------------

Upgrade Log for IP 'design_1_image_filter_0_0'

1. Summary
----------

CAUTION (success, with warnings) in the upgrade of design_1_image_filter_0_0 (xilinx.com:user:image_filter:2.0) from (Rev. 3) to (Rev. 5)

After upgrade, an IP may have parameter and port differences compared to the original customization. Please review the parameters within the IP customization GUI to ensure proper functionality. Also, please review the updated IP instantiation template to ensure proper connectivity, and update your design if required.

2. Connection Warnings
----------------------

Detected external port differences while upgrading 'design_1_image_filter_0_0'. These changes may impact your design.


-Upgraded port 'pixel_in' width 32 differs from original width 33

-Upgraded port 'pixel_out' width 32 differs from original width 33







Copyright 1986-2016 Xilinx, Inc. All Rights Reserved.
------------------------------------------------------------------------------------
| Tool Version : Vivado v.2016.2 (win64) Build 1577090 Thu Jun  2 16:32:40 MDT 2016
| Date         : Wed Mar 08 23:10:25 2017
| Host         : Qmyang-PC running 64-bit Service Pack 1  (build 7601)
| Command      : upgrade_ip
| Device       : xc7a100tcsg324-1
------------------------------------------------------------------------------------

Upgrade Log for IP 'design_1_image_filter_0_0'

1. Summary
----------

CAUTION (success, with warnings) in the upgrade of design_1_image_filter_0_0 (xilinx.com:user:image_filter:2.0) from (Rev. 2) to (Rev. 3)

After upgrade, an IP may have parameter and port differences compared to the original customization. Please review the parameters within the IP customization GUI to ensure proper functionality. Also, please review the updated IP instantiation template to ensure proper connectivity, and update your design if required.

2. Connection Warnings
----------------------

Detected external port differences while upgrading 'design_1_image_filter_0_0'. These changes may impact your design.


-Upgraded port 'pixel_in' width 33 differs from original width 24

-Upgraded port 'pixel_out' width 33 differs from original width 24







Copyright 1986-2016 Xilinx, Inc. All Rights Reserved.
------------------------------------------------------------------------------------
| Tool Version : Vivado v.2016.2 (win64) Build 1577090 Thu Jun  2 16:32:40 MDT 2016
| Date         : Sun Mar 05 17:34:06 2017
| Host         : Qmyang-PC running 64-bit Service Pack 1  (build 7601)
| Command      : upgrade_ip
| Device       : xc7a100tcsg324-1
------------------------------------------------------------------------------------

Upgrade Log for IP 'design_1_image_filter_top_0_2'

1. Summary
----------

CAUTION (success, with warnings) in the upgrade of design_1_image_filter_top_0_2 (xilinx.com:user:image_filter_top:1.0) from (Rev. 7) to (Rev. 8)

After upgrade, an IP may have parameter and port differences compared to the original customization. Please review the parameters within the IP customization GUI to ensure proper functionality. Also, please review the updated IP instantiation template to ensure proper connectivity, and update your design if required.

2. Connection Warnings
----------------------

Detected external port differences while upgrading 'design_1_image_filter_top_0_2'. These changes may impact your design.


-Upgraded port 'pixel_in' width 32 differs from original width 24

-Upgraded port 'pixel_out' width 32 differs from original width 24







Copyright 1986-2016 Xilinx, Inc. All Rights Reserved.
------------------------------------------------------------------------------------
| Tool Version : Vivado v.2016.2 (win64) Build 1577090 Thu Jun  2 16:32:40 MDT 2016
| Date         : Sun Mar 05 17:30:19 2017
| Host         : Qmyang-PC running 64-bit Service Pack 1  (build 7601)
| Command      : upgrade_ip
| Device       : xc7a100tcsg324-1
------------------------------------------------------------------------------------

Upgrade Log for IP 'design_1_image_filter_top_0_2'

1. Summary
----------

CAUTION (success, with warnings) in the upgrade of design_1_image_filter_top_0_2 (xilinx.com:user:image_filter_top:1.0) from (Rev. 6) to (Rev. 7)

After upgrade, an IP may have parameter and port differences compared to the original customization. Please review the parameters within the IP customization GUI to ensure proper functionality. Also, please review the updated IP instantiation template to ensure proper connectivity, and update your design if required.

2. Connection Warnings
----------------------

Detected external port differences while upgrading 'design_1_image_filter_top_0_2'. These changes may impact your design.


-Upgraded port 'pixel_in' width 24 differs from original width 25

-Upgraded port 'pixel_out' width 24 differs from original width 25







Copyright 1986-2016 Xilinx, Inc. All Rights Reserved.
------------------------------------------------------------------------------------
| Tool Version : Vivado v.2016.2 (win64) Build 1577090 Thu Jun  2 16:32:40 MDT 2016
| Date         : Sun Mar 05 17:29:22 2017
| Host         : Qmyang-PC running 64-bit Service Pack 1  (build 7601)
| Command      : upgrade_ip
| Device       : xc7a100tcsg324-1
------------------------------------------------------------------------------------

Upgrade Log for IP 'design_1_image_filter_top_0_2'

1. Summary
----------

CAUTION (success, with warnings) in the upgrade of design_1_image_filter_top_0_2 (xilinx.com:user:image_filter_top:1.0) from (Rev. 5) to (Rev. 6)

After upgrade, an IP may have parameter and port differences compared to the original customization. Please review the parameters within the IP customization GUI to ensure proper functionality. Also, please review the updated IP instantiation template to ensure proper connectivity, and update your design if required.

2. Connection Warnings
----------------------

Detected external port differences while upgrading 'design_1_image_filter_top_0_2'. These changes may impact your design.


-Upgraded port 'pixel_in' width 25 differs from original width 32

-Upgraded port 'pixel_out' width 25 differs from original width 32







Copyright 1986-2016 Xilinx, Inc. All Rights Reserved.
------------------------------------------------------------------------------------
| Tool Version : Vivado v.2016.2 (win64) Build 1577090 Thu Jun  2 16:32:40 MDT 2016
| Date         : Mon Feb 27 15:42:50 2017
| Host         : Qmyang-PC running 64-bit Service Pack 1  (build 7601)
| Command      : upgrade_ip
| Device       : xc7a100tcsg324-1
------------------------------------------------------------------------------------

Upgrade Log for IP 'design_1_image_filter_top_0_0'

1. Summary
----------

CAUTION (success, with warnings) in the upgrade of design_1_image_filter_top_0_0 (xilinx.com:user:image_filter_top:1.0) from (Rev. 2) to (Rev. 4)

After upgrade, an IP may have parameter and port differences compared to the original customization. Please review the parameters within the IP customization GUI to ensure proper functionality. Also, please review the updated IP instantiation template to ensure proper connectivity, and update your design if required.

2. Connection Warnings
----------------------

Detected external port differences while upgrading 'design_1_image_filter_top_0_0'. These changes may impact your design.


-Upgraded port 'pixel_out' width 32 differs from original width 1


